<?xml version="1.0" encoding="UTF-8"?>
<!-- Generated by org.testng.reporters.JUnitXMLReporter -->
<testsuite ignored="6" hostname="ASHKOL" failures="1" tests="1" name="Default test" time="2.155" errors="0" timestamp="2025-09-08T17:16:53 IST">
  <testcase classname="api.tests.AlbumsTests" name="validateSeveralAlbumSchema" time="2.053">
    <failure type="java.lang.AssertionError" message="1 expectation failed.
Response body doesn&amp;apos;t match expectation.
Expected: The content to match the given JSON schema.
error: object has missing required properties ([&amp;quot;is_playable&amp;quot;])
    level: &amp;quot;error&amp;quot;
    schema: {&amp;quot;loadingURI&amp;quot;:&amp;quot;file:/D:/Ecllipse/spotify_V1/target/classes/schemas/severalalbums.json#&amp;quot;,&amp;quot;pointer&amp;quot;:&amp;quot;/properties/albums/items/properties/tracks/properties/items/items&amp;quot;}
    instance: {&amp;quot;pointer&amp;quot;:&amp;quot;/albums/0/tracks/items/0&amp;quot;}
    domain: &amp;quot;validation&amp;quot;
    keyword: &amp;quot;required&amp;quot;
    required: [&amp;quot;artists&amp;quot;,&amp;quot;available_markets&amp;quot;,&amp;quot;disc_number&amp;quot;,&amp;quot;duration_ms&amp;quot;,&amp;quot;explicit&amp;quot;,&amp;quot;external_urls&amp;quot;,&amp;quot;href&amp;quot;,&amp;quot;id&amp;quot;,&amp;quot;is_local&amp;quot;,&amp;quot;is_playable&amp;quot;,&amp;quot;name&amp;quot;,&amp;quot;track_number&amp;quot;,&amp;quot;type&amp;quot;,&amp;quot;uri&amp;quot;]
    missing: [&amp;quot;is_playable&amp;quot;]
error: object has missing required properties ([&amp;quot;is_playable&amp;quot;])
    level: &amp;quot;error&amp;quot;
    schema: {&amp;quot;loadingURI&amp;quot;:&amp;quot;file:/D:/Ecllipse/spotify_V1/target/classes/schemas/severalalbums.json#&amp;quot;,&amp;quot;pointer&amp;quot;:&amp;quot;/properties/albums/items/properties/tracks/properties/items/items&amp;quot;}
    instance: {&amp;quot;pointer&amp;quot;:&amp;quot;/albums/0/tracks/items/1&amp;quot;}
    domain: &amp;quot;validation&amp;quot;
    keyword: &amp;quot;required&amp;quot;
    required: [&amp;quot;artists&amp;quot;,&amp;quot;available_markets&amp;quot;,&amp;quot;disc_number&amp;quot;,&amp;quot;duration_ms&amp;quot;,&amp;quot;explicit&amp;quot;,&amp;quot;external_urls&amp;quot;,&amp;quot;href&amp;quot;,&amp;quot;id&amp;quot;,&amp;quot;is_local&amp;quot;,&amp;quot;is_playable&amp;quot;,&amp;quot;name&amp;quot;,&amp;quot;track_number&amp;quot;,&amp;quot;type&amp;quot;,&amp;quot;uri&amp;quot;]
    missing: [&amp;quot;is_playable&amp;quot;]
error: object has missing required properties ([&amp;quot;is_playable&amp;quot;])
    level: &amp;quot;error&amp;quot;
    schema: {&amp;quot;loadingURI&amp;quot;:&amp;quot;file:/D:/Ecllipse/spotify_V1/target/classes/schemas/severalalbums.json#&amp;quot;,&amp;quot;pointer&amp;quot;:&amp;quot;/properties/albums/items/properties/tracks/properties/items/items&amp;quot;}
    instance: {&amp;quot;pointer&amp;quot;:&amp;quot;/albums/0/tracks/items/2&amp;quot;}
    domain: &amp;quot;validation&amp;quot;
    keyword: &amp;quot;required&amp;quot;
    required: [&amp;quot;artists&amp;quot;,&amp;quot;available_markets&amp;quot;,&amp;quot;disc_number&amp;quot;,&amp;quot;duration_ms&amp;quot;,&amp;quot;explicit&amp;quot;,&amp;quot;external_urls&amp;quot;,&amp;quot;href&amp;quot;,&amp;quot;id&amp;quot;,&amp;quot;is_local&amp;quot;,&amp;quot;is_playable&amp;quot;,&amp;quot;name&amp;quot;,&amp;quot;track_number&amp;quot;,&amp;quot;type&amp;quot;,&amp;quot;uri&amp;quot;]
    missing: [&amp;quot;is_playable&amp;quot;]
error: object has missing required properties ([&amp;quot;is_playable&amp;quot;])
    level: &amp;quot;error&amp;quot;
    schema: {&amp;quot;loadingURI&amp;quot;:&amp;quot;file:/D:/Ecllipse/spotify_V1/target/classes/schemas/severalalbums.json#&amp;quot;,&amp;quot;pointer&amp;quot;:&amp;quot;/properties/albums/items/properties/tracks/properties/items/items&amp;quot;}
    instance: {&amp;quot;pointer&amp;quot;:&amp;quot;/albums/0/tracks/items/3&amp;quot;}
    domain: &amp;quot;validation&amp;quot;
    keyword: &amp;quot;required&amp;quot;
    required: [&amp;quot;artists&amp;quot;,&amp;quot;available_markets&amp;quot;,&amp;quot;disc_number&amp;quot;,&amp;quot;duration_ms&amp;quot;,&amp;quot;explicit&amp;quot;,&amp;quot;external_urls&amp;quot;,&amp;quot;href&amp;quot;,&amp;quot;id&amp;quot;,&amp;quot;is_local&amp;quot;,&amp;quot;is_playable&amp;quot;,&amp;quot;name&amp;quot;,&amp;quot;track_number&amp;quot;,&amp;quot;type&amp;quot;,&amp;quot;uri&amp;quot;]
    missing: [&amp;quot;is_playable&amp;quot;]
error: object has missing required properties ([&amp;quot;is_playable&amp;quot;])
    level: &amp;quot;error&amp;quot;
    schema: {&amp;quot;loadingURI&amp;quot;:&amp;quot;file:/D:/Ecllipse/spotify_V1/target/classes/schemas/severalalbums.json#&amp;quot;,&amp;quot;pointer&amp;quot;:&amp;quot;/properties/albums/items/properties/tracks/properties/items/items&amp;quot;}
    instance: {&amp;quot;pointer&amp;quot;:&amp;quot;/albums/0/tracks/items/4&amp;quot;}
    domain: &amp;quot;validation&amp;quot;
    keyword: &amp;quot;required&amp;quot;
    required: [&amp;quot;artists&amp;quot;,&amp;quot;available_markets&amp;quot;,&amp;quot;disc_number&amp;quot;,&amp;quot;duration_ms&amp;quot;,&amp;quot;explicit&amp;quot;,&amp;quot;external_urls&amp;quot;,&amp;quot;href&amp;quot;,&amp;quot;id&amp;quot;,&amp;quot;is_local&amp;quot;,&amp;quot;is_playable&amp;quot;,&amp;quot;name&amp;quot;,&amp;quot;track_number&amp;quot;,&amp;quot;type&amp;quot;,&amp;quot;uri&amp;quot;]
    missing: [&amp;quot;is_playable&amp;quot;]
error: object has missing required properties ([&amp;quot;is_playable&amp;quot;])
    level: &amp;quot;error&amp;quot;
    schema: {&amp;quot;loadingURI&amp;quot;:&amp;quot;file:/D:/Ecllipse/spotify_V1/target/classes/schemas/severalalbums.json#&amp;quot;,&amp;quot;pointer&amp;quot;:&amp;quot;/properties/albums/items/properties/tracks/properties/items/items&amp;quot;}
    instance: {&amp;quot;pointer&amp;quot;:&amp;quot;/albums/0/tracks/items/5&amp;quot;}
    domain: &amp;quot;validation&amp;quot;
    keyword: &amp;quot;required&amp;quot;
    required: [&amp;quot;artists&amp;quot;,&amp;quot;available_markets&amp;quot;,&amp;quot;disc_number&amp;quot;,&amp;quot;duration_ms&amp;quot;,&amp;quot;explicit&amp;quot;,&amp;quot;external_urls&amp;quot;,&amp;quot;href&amp;quot;,&amp;quot;id&amp;quot;,&amp;quot;is_local&amp;quot;,&amp;quot;is_playable&amp;quot;,&amp;quot;name&amp;quot;,&amp;quot;track_number&amp;quot;,&amp;quot;type&amp;quot;,&amp;quot;uri&amp;quot;]
    missing: [&amp;quot;is_playable&amp;quot;]
error: object has missing required properties ([&amp;quot;is_playable&amp;quot;])
    level: &amp;quot;error&amp;quot;
    schema: {&amp;quot;loadingURI&amp;quot;:&amp;quot;file:/D:/Ecllipse/spotify_V1/target/classes/schemas/severalalbums.json#&amp;quot;,&amp;quot;pointer&amp;quot;:&amp;quot;/properties/albums/items/properties/tracks/properties/items/items&amp;quot;}
    instance: {&amp;quot;pointer&amp;quot;:&amp;quot;/albums/0/tracks/items/6&amp;quot;}
    domain: &amp;quot;validation&amp;quot;
    keyword: &amp;quot;required&amp;quot;
    required: [&amp;quot;artists&amp;quot;,&amp;quot;available_markets&amp;quot;,&amp;quot;disc_number&amp;quot;,&amp;quot;duration_ms&amp;quot;,&amp;quot;explicit&amp;quot;,&amp;quot;external_urls&amp;quot;,&amp;quot;href&amp;quot;,&amp;quot;id&amp;quot;,&amp;quot;is_local&amp;quot;,&amp;quot;is_playable&amp;quot;,&amp;quot;name&amp;quot;,&amp;quot;track_number&amp;quot;,&amp;quot;type&amp;quot;,&amp;quot;uri&amp;quot;]
    missing: [&amp;quot;is_playable&amp;quot;]
error: object has missing required properties ([&amp;quot;is_playable&amp;quot;])
    level: &amp;quot;error&amp;quot;
    schema: {&amp;quot;loadingURI&amp;quot;:&amp;quot;file:/D:/Ecllipse/spotify_V1/target/classes/schemas/severalalbums.json#&amp;quot;,&amp;quot;pointer&amp;quot;:&amp;quot;/properties/albums/items/properties/tracks/properties/items/items&amp;quot;}
    instance: {&amp;quot;pointer&amp;quot;:&amp;quot;/albums/0/tracks/items/7&amp;quot;}
    domain: &amp;quot;validation&amp;quot;
    keyword: &amp;quot;required&amp;quot;
    required: [&amp;quot;artists&amp;quot;,&amp;quot;available_markets&amp;quot;,&amp;quot;disc_number&amp;quot;,&amp;quot;duration_ms&amp;quot;,&amp;quot;explicit&amp;quot;,&amp;quot;external_urls&amp;quot;,&amp;quot;href&amp;quot;,&amp;quot;id&amp;quot;,&amp;quot;is_local&amp;quot;,&amp;quot;is_playable&amp;quot;,&amp;quot;name&amp;quot;,&amp;quot;track_number&amp;quot;,&amp;quot;type&amp;quot;,&amp;quot;uri&amp;quot;]
    missing: [&amp;quot;is_playable&amp;quot;]
error: object has missing required properties ([&amp;quot;is_playable&amp;quot;])
    level: &amp;quot;error&amp;quot;
    schema: {&amp;quot;loadingURI&amp;quot;:&amp;quot;file:/D:/Ecllipse/spotify_V1/target/classes/schemas/severalalbums.json#&amp;quot;,&amp;quot;pointer&amp;quot;:&amp;quot;/properties/albums/items/properties/tracks/properties/items/items&amp;quot;}
    instance: {&amp;quot;pointer&amp;quot;:&amp;quot;/albums/0/tracks/items/8&amp;quot;}
    domain: &amp;quot;validation&amp;quot;
    keyword: &amp;quot;required&amp;quot;
    required: [&amp;quot;artists&amp;quot;,&amp;quot;available_markets&amp;quot;,&amp;quot;disc_number&amp;quot;,&amp;quot;duration_ms&amp;quot;,&amp;quot;explicit&amp;quot;,&amp;quot;external_urls&amp;quot;,&amp;quot;href&amp;quot;,&amp;quot;id&amp;quot;,&amp;quot;is_local&amp;quot;,&amp;quot;is_playable&amp;quot;,&amp;quot;name&amp;quot;,&amp;quot;track_number&amp;quot;,&amp;quot;type&amp;quot;,&amp;quot;uri&amp;quot;]
    missing: [&amp;quot;is_playable&amp;quot;]
error: object has missing required properties ([&amp;quot;is_playable&amp;quot;])
    level: &amp;quot;error&amp;quot;
    schema: {&amp;quot;loadingURI&amp;quot;:&amp;quot;file:/D:/Ecllipse/spotify_V1/target/classes/schemas/severalalbums.json#&amp;quot;,&amp;quot;pointer&amp;quot;:&amp;quot;/properties/albums/items/properties/tracks/properties/items/items&amp;quot;}
    instance: {&amp;quot;pointer&amp;quot;:&amp;quot;/albums/0/tracks/items/9&amp;quot;}
    domain: &amp;quot;validation&amp;quot;
    keyword: &amp;quot;required&amp;quot;
    required: [&amp;quot;artists&amp;quot;,&amp;quot;available_markets&amp;quot;,&amp;quot;disc_number&amp;quot;,&amp;quot;duration_ms&amp;quot;,&amp;quot;explicit&amp;quot;,&amp;quot;external_urls&amp;quot;,&amp;quot;href&amp;quot;,&amp;quot;id&amp;quot;,&amp;quot;is_local&amp;quot;,&amp;quot;is_playable&amp;quot;,&amp;quot;name&amp;quot;,&amp;quot;track_number&amp;quot;,&amp;quot;type&amp;quot;,&amp;quot;uri&amp;quot;]
    missing: [&amp;quot;is_playable&amp;quot;]
error: object has missing required properties ([&amp;quot;is_playable&amp;quot;])
    level: &amp;quot;error&amp;quot;
    schema: {&amp;quot;loadingURI&amp;quot;:&amp;quot;file:/D:/Ecllipse/spotify_V1/target/classes/schemas/severalalbums.json#&amp;quot;,&amp;quot;pointer&amp;quot;:&amp;quot;/properties/albums/items/properties/tracks/properties/items/items&amp;quot;}
    instance: {&amp;quot;pointer&amp;quot;:&amp;quot;/albums/0/tracks/items/10&amp;quot;}
    domain: &amp;quot;validation&amp;quot;
    keyword: &amp;quot;required&amp;quot;
    required: [&amp;quot;artists&amp;quot;,&amp;quot;available_markets&amp;quot;,&amp;quot;disc_number&amp;quot;,&amp;quot;duration_ms&amp;quot;,&amp;quot;explicit&amp;quot;,&amp;quot;external_urls&amp;quot;,&amp;quot;href&amp;quot;,&amp;quot;id&amp;quot;,&amp;quot;is_local&amp;quot;,&amp;quot;is_playable&amp;quot;,&amp;quot;name&amp;quot;,&amp;quot;track_number&amp;quot;,&amp;quot;type&amp;quot;,&amp;quot;uri&amp;quot;]
    missing: [&amp;quot;is_playable&amp;quot;]
error: object has missing required properties ([&amp;quot;is_playable&amp;quot;])
    level: &amp;quot;error&amp;quot;
    schema: {&amp;quot;loadingURI&amp;quot;:&amp;quot;file:/D:/Ecllipse/spotify_V1/target/classes/schemas/severalalbums.json#&amp;quot;,&amp;quot;pointer&amp;quot;:&amp;quot;/properties/albums/items/properties/tracks/properties/items/items&amp;quot;}
    instance: {&amp;quot;pointer&amp;quot;:&amp;quot;/albums/0/tracks/items/11&amp;quot;}
    domain: &amp;quot;validation&amp;quot;
    keyword: &amp;quot;required&amp;quot;
    required: [&amp;quot;artists&amp;quot;,&amp;quot;available_markets&amp;quot;,&amp;quot;disc_number&amp;quot;,&amp;quot;duration_ms&amp;quot;,&amp;quot;explicit&amp;quot;,&amp;quot;external_urls&amp;quot;,&amp;quot;href&amp;quot;,&amp;quot;id&amp;quot;,&amp;quot;is_local&amp;quot;,&amp;quot;is_playable&amp;quot;,&amp;quot;name&amp;quot;,&amp;quot;track_number&amp;quot;,&amp;quot;type&amp;quot;,&amp;quot;uri&amp;quot;]
    missing: [&amp;quot;is_playable&amp;quot;]
error: object has missing required properties ([&amp;quot;is_playable&amp;quot;])
    level: &amp;quot;error&amp;quot;
    schema: {&amp;quot;loadingURI&amp;quot;:&amp;quot;file:/D:/Ecllipse/spotify_V1/target/classes/schemas/severalalbums.json#&amp;quot;,&amp;quot;pointer&amp;quot;:&amp;quot;/properties/albums/items/properties/tracks/properties/items/items&amp;quot;}
    instance: {&amp;quot;pointer&amp;quot;:&amp;quot;/albums/0/tracks/items/12&amp;quot;}
    domain: &amp;quot;validation&amp;quot;
    keyword: &amp;quot;required&amp;quot;
    required: [&amp;quot;artists&amp;quot;,&amp;quot;available_markets&amp;quot;,&amp;quot;disc_number&amp;quot;,&amp;quot;duration_ms&amp;quot;,&amp;quot;explicit&amp;quot;,&amp;quot;external_urls&amp;quot;,&amp;quot;href&amp;quot;,&amp;quot;id&amp;quot;,&amp;quot;is_local&amp;quot;,&amp;quot;is_playable&amp;quot;,&amp;quot;name&amp;quot;,&amp;quot;track_number&amp;quot;,&amp;quot;type&amp;quot;,&amp;quot;uri&amp;quot;]
    missing: [&amp;quot;is_playable&amp;quot;]
error: object has missing required properties ([&amp;quot;is_playable&amp;quot;])
    level: &amp;quot;error&amp;quot;
    schema: {&amp;quot;loadingURI&amp;quot;:&amp;quot;file:/D:/Ecllipse/spotify_V1/target/classes/schemas/severalalbums.json#&amp;quot;,&amp;quot;pointer&amp;quot;:&amp;quot;/properties/albums/items/properties/tracks/properties/items/items&amp;quot;}
    instance: {&amp;quot;pointer&amp;quot;:&amp;quot;/albums/0/tracks/items/13&amp;quot;}
    domain: &amp;quot;validation&amp;quot;
    keyword: &amp;quot;required&amp;quot;
    required: [&amp;quot;artists&amp;quot;,&amp;quot;available_markets&amp;quot;,&amp;quot;disc_number&amp;quot;,&amp;quot;duration_ms&amp;quot;,&amp;quot;explicit&amp;quot;,&amp;quot;external_urls&amp;quot;,&amp;quot;href&amp;quot;,&amp;quot;id&amp;quot;,&amp;quot;is_local&amp;quot;,&amp;quot;is_playable&amp;quot;,&amp;quot;name&amp;quot;,&amp;quot;track_number&amp;quot;,&amp;quot;type&amp;quot;,&amp;quot;uri&amp;quot;]
    missing: [&amp;quot;is_playable&amp;quot;]
error: object has missing required properties ([&amp;quot;is_playable&amp;quot;])
    level: &amp;quot;error&amp;quot;
    schema: {&amp;quot;loadingURI&amp;quot;:&amp;quot;file:/D:/Ecllipse/spotify_V1/target/classes/schemas/severalalbums.json#&amp;quot;,&amp;quot;pointer&amp;quot;:&amp;quot;/properties/albums/items/properties/tracks/properties/items/items&amp;quot;}
    instance: {&amp;quot;pointer&amp;quot;:&amp;quot;/albums/0/tracks/items/14&amp;quot;}
    domain: &amp;quot;validation&amp;quot;
    keyword: &amp;quot;required&amp;quot;
    required: [&amp;quot;artists&amp;quot;,&amp;quot;available_markets&amp;quot;,&amp;quot;disc_number&amp;quot;,&amp;quot;duration_ms&amp;quot;,&amp;quot;explicit&amp;quot;,&amp;quot;external_urls&amp;quot;,&amp;quot;href&amp;quot;,&amp;quot;id&amp;quot;,&amp;quot;is_local&amp;quot;,&amp;quot;is_playable&amp;quot;,&amp;quot;name&amp;quot;,&amp;quot;track_number&amp;quot;,&amp;quot;type&amp;quot;,&amp;quot;uri&amp;quot;]
    missing: [&amp;quot;is_playable&amp;quot;]

  Actual: {&amp;quot;albums&amp;quot;:[{&amp;quot;album_type&amp;quot;:&amp;quot;album&amp;quot;,&amp;quot;total_tracks&amp;quot;:15,&amp;quot;available_markets&amp;quot;:[&amp;quot;AR&amp;quot;,&amp;quot;AU&amp;quot;,&amp;quot;AT&amp;quot;,&amp;quot;BE&amp;quot;,&amp;quot;BO&amp;quot;,&amp;quot;BR&amp;quot;,&amp;quot;BG&amp;quot;,&amp;quot;CA&amp;quot;,&amp;quot;CL&amp;quot;,&amp;quot;CO&amp;quot;,&amp;quot;CR&amp;quot;,&amp;quot;CY&amp;quot;,&amp;quot;CZ&amp;quot;,&amp;quot;DK&amp;quot;,&amp;quot;DO&amp;quot;,&amp;quot;DE&amp;quot;,&amp;quot;EC&amp;quot;,&amp;quot;EE&amp;quot;,&amp;quot;SV&amp;quot;,&amp;quot;FI&amp;quot;,&amp;quot;FR&amp;quot;,&amp;quot;GR&amp;quot;,&amp;quot;GT&amp;quot;,&amp;quot;HN&amp;quot;,&amp;quot;HK&amp;quot;,&amp;quot;HU&amp;quot;,&amp;quot;IS&amp;quot;,&amp;quot;IE&amp;quot;,&amp;quot;IT&amp;quot;,&amp;quot;LV&amp;quot;,&amp;quot;LT&amp;quot;,&amp;quot;LU&amp;quot;,&amp;quot;MY&amp;quot;,&amp;quot;MT&amp;quot;,&amp;quot;MX&amp;quot;,&amp;quot;NL&amp;quot;,&amp;quot;NZ&amp;quot;,&amp;quot;NI&amp;quot;,&amp;quot;NO&amp;quot;,&amp;quot;PA&amp;quot;,&amp;quot;PY&amp;quot;,&amp;quot;PE&amp;quot;,&amp;quot;PH&amp;quot;,&amp;quot;PL&amp;quot;,&amp;quot;PT&amp;quot;,&amp;quot;SG&amp;quot;,&amp;quot;SK&amp;quot;,&amp;quot;ES&amp;quot;,&amp;quot;SE&amp;quot;,&amp;quot;CH&amp;quot;,&amp;quot;TW&amp;quot;,&amp;quot;TR&amp;quot;,&amp;quot;UY&amp;quot;,&amp;quot;US&amp;quot;,&amp;quot;GB&amp;quot;,&amp;quot;AD&amp;quot;,&amp;quot;LI&amp;quot;,&amp;quot;MC&amp;quot;,&amp;quot;ID&amp;quot;,&amp;quot;JP&amp;quot;,&amp;quot;TH&amp;quot;,&amp;quot;VN&amp;quot;,&amp;quot;RO&amp;quot;,&amp;quot;IL&amp;quot;,&amp;quot;ZA&amp;quot;,&amp;quot;SA&amp;quot;,&amp;quot;AE&amp;quot;,&amp;quot;BH&amp;quot;,&amp;quot;QA&amp;quot;,&amp;quot;OM&amp;quot;,&amp;quot;KW&amp;quot;,&amp;quot;EG&amp;quot;,&amp;quot;MA&amp;quot;,&amp;quot;DZ&amp;quot;,&amp;quot;TN&amp;quot;,&amp;quot;LB&amp;quot;,&amp;quot;JO&amp;quot;,&amp;quot;PS&amp;quot;,&amp;quot;IN&amp;quot;,&amp;quot;KZ&amp;quot;,&amp;quot;MD&amp;quot;,&amp;quot;UA&amp;quot;,&amp;quot;AL&amp;quot;,&amp;quot;BA&amp;quot;,&amp;quot;HR&amp;quot;,&amp;quot;ME&amp;quot;,&amp;quot;MK&amp;quot;,&amp;quot;RS&amp;quot;,&amp;quot;SI&amp;quot;,&amp;quot;KR&amp;quot;,&amp;quot;BD&amp;quot;,&amp;quot;PK&amp;quot;,&amp;quot;LK&amp;quot;,&amp;quot;GH&amp;quot;,&amp;quot;KE&amp;quot;,&amp;quot;NG&amp;quot;,&amp;quot;TZ&amp;quot;,&amp;quot;UG&amp;quot;,&amp;quot;AG&amp;quot;,&amp;quot;AM&amp;quot;,&amp;quot;BS&amp;quot;,&amp;quot;BB&amp;quot;,&amp;quot;BZ&amp;quot;,&amp;quot;BT&amp;quot;,&amp;quot;BW&amp;quot;,&amp;quot;BF&amp;quot;,&amp;quot;CV&amp;quot;,&amp;quot;CW&amp;quot;,&amp;quot;DM&amp;quot;,&amp;quot;FJ&amp;quot;,&amp;quot;GM&amp;quot;,&amp;quot;GE&amp;quot;,&amp;quot;GD&amp;quot;,&amp;quot;GW&amp;quot;,&amp;quot;GY&amp;quot;,&amp;quot;HT&amp;quot;,&amp;quot;JM&amp;quot;,&amp;quot;KI&amp;quot;,&amp;quot;LS&amp;quot;,&amp;quot;LR&amp;quot;,&amp;quot;MW&amp;quot;,&amp;quot;MV&amp;quot;,&amp;quot;ML&amp;quot;,&amp;quot;MH&amp;quot;,&amp;quot;FM&amp;quot;,&amp;quot;NA&amp;quot;,&amp;quot;NR&amp;quot;,&amp;quot;NE&amp;quot;,&amp;quot;PW&amp;quot;,&amp;quot;PG&amp;quot;,&amp;quot;WS&amp;quot;,&amp;quot;SM&amp;quot;,&amp;quot;ST&amp;quot;,&amp;quot;SN&amp;quot;,&amp;quot;SC&amp;quot;,&amp;quot;SL&amp;quot;,&amp;quot;SB&amp;quot;,&amp;quot;KN&amp;quot;,&amp;quot;LC&amp;quot;,&amp;quot;VC&amp;quot;,&amp;quot;SR&amp;quot;,&amp;quot;TL&amp;quot;,&amp;quot;TO&amp;quot;,&amp;quot;TT&amp;quot;,&amp;quot;TV&amp;quot;,&amp;quot;VU&amp;quot;,&amp;quot;AZ&amp;quot;,&amp;quot;BN&amp;quot;,&amp;quot;BI&amp;quot;,&amp;quot;KH&amp;quot;,&amp;quot;CM&amp;quot;,&amp;quot;TD&amp;quot;,&amp;quot;KM&amp;quot;,&amp;quot;GQ&amp;quot;,&amp;quot;SZ&amp;quot;,&amp;quot;GA&amp;quot;,&amp;quot;GN&amp;quot;,&amp;quot;KG&amp;quot;,&amp;quot;LA&amp;quot;,&amp;quot;MO&amp;quot;,&amp;quot;MR&amp;quot;,&amp;quot;MN&amp;quot;,&amp;quot;NP&amp;quot;,&amp;quot;RW&amp;quot;,&amp;quot;TG&amp;quot;,&amp;quot;UZ&amp;quot;,&amp;quot;ZW&amp;quot;,&amp;quot;BJ&amp;quot;,&amp;quot;MG&amp;quot;,&amp;quot;MU&amp;quot;,&amp;quot;MZ&amp;quot;,&amp;quot;AO&amp;quot;,&amp;quot;CI&amp;quot;,&amp;quot;DJ&amp;quot;,&amp;quot;ZM&amp;quot;,&amp;quot;CD&amp;quot;,&amp;quot;CG&amp;quot;,&amp;quot;IQ&amp;quot;,&amp;quot;LY&amp;quot;,&amp;quot;TJ&amp;quot;,&amp;quot;VE&amp;quot;,&amp;quot;ET&amp;quot;,&amp;quot;XK&amp;quot;],&amp;quot;external_urls&amp;quot;:{&amp;quot;spotify&amp;quot;:&amp;quot;https://open.spotify.com/album/382ObEPsp2rxGrnsizN5TX&amp;quot;},&amp;quot;href&amp;quot;:&amp;quot;https://api.spotify.com/v1/albums/382ObEPsp2rxGrnsizN5TX&amp;quot;,&amp;quot;id&amp;quot;:&amp;quot;382ObEPsp2rxGrnsizN5TX&amp;quot;,&amp;quot;images&amp;quot;:[{&amp;quot;url&amp;quot;:&amp;quot;https://i.scdn.co/image/ab67616d0000b27326597c053b38c9cf93f8f3a9&amp;quot;,&amp;quot;height&amp;quot;:640,&amp;quot;width&amp;quot;:640},{&amp;quot;url&amp;quot;:&amp;quot;https://i.scdn.co/image/ab67616d00001e0226597c053b38c9cf93f8f3a9&amp;quot;,&amp;quot;height&amp;quot;:300,&amp;quot;width&amp;quot;:300},{&amp;quot;url&amp;quot;:&amp;quot;https://i.scdn.co/image/ab67616d0000485126597c053b38c9cf93f8f3a9&amp;quot;,&amp;quot;height&amp;quot;:64,&amp;quot;width&amp;quot;:64}],&amp;quot;name&amp;quot;:&amp;quot;TRON: Legacy Reconfigured&amp;quot;,&amp;quot;release_date&amp;quot;:&amp;quot;2011-01-01&amp;quot;,&amp;quot;release_date_precision&amp;quot;:&amp;quot;day&amp;quot;,&amp;quot;type&amp;quot;:&amp;quot;album&amp;quot;,&amp;quot;uri&amp;quot;:&amp;quot;spotify:album:382ObEPsp2rxGrnsizN5TX&amp;quot;,&amp;quot;artists&amp;quot;:[{&amp;quot;external_urls&amp;quot;:{&amp;quot;spotify&amp;quot;:&amp;quot;https://open.spotify.com/artist/4tZwfgrHOc3mvqYlEYSvVi&amp;quot;},&amp;quot;href&amp;quot;:&amp;quot;https://api.spotify.com/v1/artists/4tZwfgrHOc3mvqYlEYSvVi&amp;quot;,&amp;quot;id&amp;quot;:&amp;quot;4tZwfgrHOc3mvqYlEYSvVi&amp;quot;,&amp;quot;name&amp;quot;:&amp;quot;Daft Punk&amp;quot;,&amp;quot;type&amp;quot;:&amp;quot;artist&amp;quot;,&amp;quot;uri&amp;quot;:&amp;quot;spotify:artist:4tZwfgrHOc3mvqYlEYSvVi&amp;quot;}],&amp;quot;tracks&amp;quot;:{&amp;quot;href&amp;quot;:&amp;quot;https://api.spotify.com/v1/albums/382ObEPsp2rxGrnsizN5TX/tracks?offset=0&amp;amp;limit=50&amp;quot;,&amp;quot;limit&amp;quot;:50,&amp;quot;next&amp;quot;:null,&amp;quot;offset&amp;quot;:0,&amp;quot;previous&amp;quot;:null,&amp;quot;total&amp;quot;:15,&amp;quot;items&amp;quot;:[{&amp;quot;artists&amp;quot;:[{&amp;quot;external_urls&amp;quot;:{&amp;quot;spotify&amp;quot;:&amp;quot;https://open.spotify.com/artist/4tZwfgrHOc3mvqYlEYSvVi&amp;quot;},&amp;quot;href&amp;quot;:&amp;quot;https://api.spotify.com/v1/artists/4tZwfgrHOc3mvqYlEYSvVi&amp;quot;,&amp;quot;id&amp;quot;:&amp;quot;4tZwfgrHOc3mvqYlEYSvVi&amp;quot;,&amp;quot;name&amp;quot;:&amp;quot;Daft Punk&amp;quot;,&amp;quot;type&amp;quot;:&amp;quot;artist&amp;quot;,&amp;quot;uri&amp;quot;:&amp;quot;spotify:artist:4tZwfgrHOc3mvqYlEYSvVi&amp;quot;},{&amp;quot;external_urls&amp;quot;:{&amp;quot;spotify&amp;quot;:&amp;quot;https://open.spotify.com/artist/3a9qv6NLHnsVxJUtKOMHvD&amp;quot;},&amp;quot;href&amp;quot;:&amp;quot;https://api.spotify.com/v1/artists/3a9qv6NLHnsVxJUtKOMHvD&amp;quot;,&amp;quot;id&amp;quot;:&amp;quot;3a9qv6NLHnsVxJUtKOMHvD&amp;quot;,&amp;quot;name&amp;quot;:&amp;quot;The Glitch Mob&amp;quot;,&amp;quot;type&amp;quot;:&amp;quot;artist&amp;quot;,&amp;quot;uri&amp;quot;:&amp;quot;spotify:artist:3a9qv6NLHnsVxJUtKOMHvD&amp;quot;}],&amp;quot;available_markets&amp;quot;:[&amp;quot;AR&amp;quot;,&amp;quot;AU&amp;quot;,&amp;quot;AT&amp;quot;,&amp;quot;BE&amp;quot;,&amp;quot;BO&amp;quot;,&amp;quot;BR&amp;quot;,&amp;quot;BG&amp;quot;,&amp;quot;CA&amp;quot;,&amp;quot;CL&amp;quot;,&amp;quot;CO&amp;quot;,&amp;quot;CR&amp;quot;,&amp;quot;CY&amp;quot;,&amp;quot;CZ&amp;quot;,&amp;quot;DK&amp;quot;,&amp;quot;DO&amp;quot;,&amp;quot;DE&amp;quot;,&amp;quot;EC&amp;quot;,&amp;quot;EE&amp;quot;,&amp;quot;SV&amp;quot;,&amp;quot;FI&amp;quot;,&amp;quot;FR&amp;quot;,&amp;quot;GR&amp;quot;,&amp;quot;GT&amp;quot;,&amp;quot;HN&amp;quot;,&amp;quot;HK&amp;quot;,&amp;quot;HU&amp;quot;,&amp;quot;IS&amp;quot;,&amp;quot;IE&amp;quot;,&amp;quot;IT&amp;quot;,&amp;quot;LV&amp;quot;,&amp;quot;LT&amp;quot;,&amp;quot;LU&amp;quot;,&amp;quot;MY&amp;quot;,&amp;quot;MT&amp;quot;,&amp;quot;MX&amp;quot;,&amp;quot;NL&amp;quot;,&amp;quot;NZ&amp;quot;,&amp;quot;NI&amp;quot;,&amp;quot;NO&amp;quot;,&amp;quot;PA&amp;quot;,&amp;quot;PY&amp;quot;,&amp;quot;PE&amp;quot;,&amp;quot;PH&amp;quot;,&amp;quot;PL&amp;quot;,&amp;quot;PT&amp;quot;,&amp;quot;SG&amp;quot;,&amp;quot;SK&amp;quot;,&amp;quot;ES&amp;quot;,&amp;quot;SE&amp;quot;,&amp;quot;CH&amp;quot;,&amp;quot;TW&amp;quot;,&amp;quot;TR&amp;quot;,&amp;quot;UY&amp;quot;,&amp;quot;US&amp;quot;,&amp;quot;GB&amp;quot;,&amp;quot;AD&amp;quot;,&amp;quot;LI&amp;quot;,&amp;quot;MC&amp;quot;,&amp;quot;ID&amp;quot;,&amp;quot;JP&amp;quot;,&amp;quot;TH&amp;quot;,&amp;quot;VN&amp;quot;,&amp;quot;RO&amp;quot;,&amp;quot;IL&amp;quot;,&amp;quot;ZA&amp;quot;,&amp;quot;SA&amp;quot;,&amp;quot;AE&amp;quot;,&amp;quot;BH&amp;quot;,&amp;quot;QA&amp;quot;,&amp;quot;OM&amp;quot;,&amp;quot;KW&amp;quot;,&amp;quot;EG&amp;quot;,&amp;quot;MA&amp;quot;,&amp;quot;DZ&amp;quot;,&amp;quot;TN&amp;quot;,&amp;quot;LB&amp;quot;,&amp;quot;JO&amp;quot;,&amp;quot;PS&amp;quot;,&amp;quot;IN&amp;quot;,&amp;quot;KZ&amp;quot;,&amp;quot;MD&amp;quot;,&amp;quot;UA&amp;quot;,&amp;quot;AL&amp;quot;,&amp;quot;BA&amp;quot;,&amp;quot;HR&amp;quot;,&amp;quot;ME&amp;quot;,&amp;quot;MK&amp;quot;,&amp;quot;RS&amp;quot;,&amp;quot;SI&amp;quot;,&amp;quot;KR&amp;quot;,&amp;quot;BD&amp;quot;,&amp;quot;PK&amp;quot;,&amp;quot;LK&amp;quot;,&amp;quot;GH&amp;quot;,&amp;quot;KE&amp;quot;,&amp;quot;NG&amp;quot;,&amp;quot;TZ&amp;quot;,&amp;quot;UG&amp;quot;,&amp;quot;AG&amp;quot;,&amp;quot;AM&amp;quot;,&amp;quot;BS&amp;quot;,&amp;quot;BB&amp;quot;,&amp;quot;BZ&amp;quot;,&amp;quot;BT&amp;quot;,&amp;quot;BW&amp;quot;,&amp;quot;BF&amp;quot;,&amp;quot;CV&amp;quot;,&amp;quot;CW&amp;quot;,&amp;quot;DM&amp;quot;,&amp;quot;FJ&amp;quot;,&amp;quot;GM&amp;quot;,&amp;quot;GE&amp;quot;,&amp;quot;GD&amp;quot;,&amp;quot;GW&amp;quot;,&amp;quot;GY&amp;quot;,&amp;quot;HT&amp;quot;,&amp;quot;JM&amp;quot;,&amp;quot;KI&amp;quot;,&amp;quot;LS&amp;quot;,&amp;quot;LR&amp;quot;,&amp;quot;MW&amp;quot;,&amp;quot;MV&amp;quot;,&amp;quot;ML&amp;quot;,&amp;quot;MH&amp;quot;,&amp;quot;FM&amp;quot;,&amp;quot;NA&amp;quot;,&amp;quot;NR&amp;quot;,&amp;quot;NE&amp;quot;,&amp;quot;PW&amp;quot;,&amp;quot;PG&amp;quot;,&amp;quot;WS&amp;quot;,&amp;quot;SM&amp;quot;,&amp;quot;ST&amp;quot;,&amp;quot;SN&amp;quot;,&amp;quot;SC&amp;quot;,&amp;quot;SL&amp;quot;,&amp;quot;SB&amp;quot;,&amp;quot;KN&amp;quot;,&amp;quot;LC&amp;quot;,&amp;quot;VC&amp;quot;,&amp;quot;SR&amp;quot;,&amp;quot;TL&amp;quot;,&amp;quot;TO&amp;quot;,&amp;quot;TT&amp;quot;,&amp;quot;TV&amp;quot;,&amp;quot;VU&amp;quot;,&amp;quot;AZ&amp;quot;,&amp;quot;BN&amp;quot;,&amp;quot;BI&amp;quot;,&amp;quot;KH&amp;quot;,&amp;quot;CM&amp;quot;,&amp;quot;TD&amp;quot;,&amp;quot;KM&amp;quot;,&amp;quot;GQ&amp;quot;,&amp;quot;SZ&amp;quot;,&amp;quot;GA&amp;quot;,&amp;quot;GN&amp;quot;,&amp;quot;KG&amp;quot;,&amp;quot;LA&amp;quot;,&amp;quot;MO&amp;quot;,&amp;quot;MR&amp;quot;,&amp;quot;MN&amp;quot;,&amp;quot;NP&amp;quot;,&amp;quot;RW&amp;quot;,&amp;quot;TG&amp;quot;,&amp;quot;UZ&amp;quot;,&amp;quot;ZW&amp;quot;,&amp;quot;BJ&amp;quot;,&amp;quot;MG&amp;quot;,&amp;quot;MU&amp;quot;,&amp;quot;MZ&amp;quot;,&amp;quot;AO&amp;quot;,&amp;quot;CI&amp;quot;,&amp;quot;DJ&amp;quot;,&amp;quot;ZM&amp;quot;,&amp;quot;CD&amp;quot;,&amp;quot;CG&amp;quot;,&amp;quot;IQ&amp;quot;,&amp;quot;LY&amp;quot;,&amp;quot;TJ&amp;quot;,&amp;quot;VE&amp;quot;,&amp;quot;ET&amp;quot;,&amp;quot;XK&amp;quot;],&amp;quot;disc_number&amp;quot;:1,&amp;quot;duration_ms&amp;quot;:262240,&amp;quot;explicit&amp;quot;:false,&amp;quot;external_urls&amp;quot;:{&amp;quot;spotify&amp;quot;:&amp;quot;https://open.spotify.com/track/4lteJuSjb9Jt9W1W7PIU2U&amp;quot;},&amp;quot;href&amp;quot;:&amp;quot;https://api.spotify.com/v1/tracks/4lteJuSjb9Jt9W1W7PIU2U&amp;quot;,&amp;quot;id&amp;quot;:&amp;quot;4lteJuSjb9Jt9W1W7PIU2U&amp;quot;,&amp;quot;name&amp;quot;:&amp;quot;Derezzed - Remixed by The Glitch Mob&amp;quot;,&amp;quot;preview_url&amp;quot;:null,&amp;quot;track_number&amp;quot;:1,&amp;quot;type&amp;quot;:&amp;quot;track&amp;quot;,&amp;quot;uri&amp;quot;:&amp;quot;spotify:track:4lteJuSjb9Jt9W1W7PIU2U&amp;quot;,&amp;quot;is_local&amp;quot;:false},{&amp;quot;artists&amp;quot;:[{&amp;quot;external_urls&amp;quot;:{&amp;quot;spotify&amp;quot;:&amp;quot;https://open.spotify.com/artist/4tZwfgrHOc3mvqYlEYSvVi&amp;quot;},&amp;quot;href&amp;quot;:&amp;quot;https://api.spotify.com/v1/artists/4tZwfgrHOc3mvqYlEYSvVi&amp;quot;,&amp;quot;id&amp;quot;:&amp;quot;4tZwfgrHOc3mvqYlEYSvVi&amp;quot;,&amp;quot;name&amp;quot;:&amp;quot;Daft Punk&amp;quot;,&amp;quot;type&amp;quot;:&amp;quot;artist&amp;quot;,&amp;quot;uri&amp;quot;:&amp;quot;spotify:artist:4tZwfgrHOc3mvqYlEYSvVi&amp;quot;},{&amp;quot;external_urls&amp;quot;:{&amp;quot;spotify&amp;quot;:&amp;quot;https://open.spotify.com/artist/4CecgT3PfTiMzdO3pFCDNP&amp;quot;},&amp;quot;href&amp;quot;:&amp;quot;https://api.spotify.com/v1/artists/4CecgT3PfTiMzdO3pFCDNP&amp;quot;,&amp;quot;id&amp;quot;:&amp;quot;4CecgT3PfTiMzdO3pFCDNP&amp;quot;,&amp;quot;name&amp;quot;:&amp;quot;M83 VS Big Black Delta&amp;quot;,&amp;quot;type&amp;quot;:&amp;quot;artist&amp;quot;,&amp;quot;uri&amp;quot;:&amp;quot;spotify:artist:4CecgT3PfTiMzdO3pFCDNP&amp;quot;},{&amp;quot;external_urls&amp;quot;:{&amp;quot;spotify&amp;quot;:&amp;quot;https://open.spotify.com/artist/63MQldklfxkjYDoUE4Tppz&amp;quot;},&amp;quot;href&amp;quot;:&amp;quot;https://api.spotify.com/v1/artists/63MQldklfxkjYDoUE4Tppz&amp;quot;,&amp;quot;id&amp;quot;:&amp;quot;63MQldklfxkjYDoUE4Tppz&amp;quot;,&amp;quot;name&amp;quot;:&amp;quot;M83&amp;quot;,&amp;quot;type&amp;quot;:&amp;quot;artist&amp;quot;,&amp;quot;uri&amp;quot;:&amp;quot;spotify:artist:63MQldklfxkjYDoUE4Tppz&amp;quot;},{&amp;quot;external_urls&amp;quot;:{&amp;quot;spotify&amp;quot;:&amp;quot;https://open.spotify.com/artist/2TXpVEw5FbzDh93tLoDm0i&amp;quot;},&amp;quot;href&amp;quot;:&amp;quot;https://api.spotify.com/v1/artists/2TXpVEw5FbzDh93tLoDm0i&amp;quot;,&amp;quot;id&amp;quot;:&amp;quot;2TXpVEw5FbzDh93tLoDm0i&amp;quot;,&amp;quot;name&amp;quot;:&amp;quot;Big Black Delta&amp;quot;,&amp;quot;type&amp;quot;:&amp;quot;artist&amp;quot;,&amp;quot;uri&amp;quot;:&amp;quot;spotify:artist:2TXpVEw5FbzDh93tLoDm0i&amp;quot;}],&amp;quot;available_markets&amp;quot;:[&amp;quot;AR&amp;quot;,&amp;quot;AU&amp;quot;,&amp;quot;AT&amp;quot;,&amp;quot;BE&amp;quot;,&amp;quot;BO&amp;quot;,&amp;quot;BR&amp;quot;,&amp;quot;BG&amp;quot;,&amp;quot;CA&amp;quot;,&amp;quot;CL&amp;quot;,&amp;quot;CO&amp;quot;,&amp;quot;CR&amp;quot;,&amp;quot;CY&amp;quot;,&amp;quot;CZ&amp;quot;,&amp;quot;DK&amp;quot;,&amp;quot;DO&amp;quot;,&amp;quot;DE&amp;quot;,&amp;quot;EC&amp;quot;,&amp;quot;EE&amp;quot;,&amp;quot;SV&amp;quot;,&amp;quot;FI&amp;quot;,&amp;quot;FR&amp;quot;,&amp;quot;GR&amp;quot;,&amp;quot;GT&amp;quot;,&amp;quot;HN&amp;quot;,&amp;quot;HK&amp;quot;,&amp;quot;HU&amp;quot;,&amp;quot;IS&amp;quot;,&amp;quot;IE&amp;quot;,&amp;quot;IT&amp;quot;,&amp;quot;LV&amp;quot;,&amp;quot;LT&amp;quot;,&amp;quot;LU&amp;quot;,&amp;quot;MY&amp;quot;,&amp;quot;MT&amp;quot;,&amp;quot;MX&amp;quot;,&amp;quot;NL&amp;quot;,&amp;quot;NZ&amp;quot;,&amp;quot;NI&amp;quot;,&amp;quot;NO&amp;quot;,&amp;quot;PA&amp;quot;,&amp;quot;PY&amp;quot;,&amp;quot;PE&amp;quot;,&amp;quot;PH&amp;quot;,&amp;quot;PL&amp;quot;,&amp;quot;PT&amp;quot;,&amp;quot;SG&amp;quot;,&amp;quot;SK&amp;quot;,&amp;quot;ES&amp;quot;,&amp;quot;SE&amp;quot;,&amp;quot;CH&amp;quot;,&amp;quot;TW&amp;quot;,&amp;quot;TR&amp;quot;,&amp;quot;UY&amp;quot;,&amp;quot;US&amp;quot;,&amp;quot;GB&amp;quot;,&amp;quot;AD&amp;quot;,&amp;quot;LI&amp;quot;,&amp;quot;MC&amp;quot;,&amp;quot;ID&amp;quot;,&amp;quot;JP&amp;quot;,&amp;quot;TH&amp;quot;,&amp;quot;VN&amp;quot;,&amp;quot;RO&amp;quot;,&amp;quot;IL&amp;quot;,&amp;quot;ZA&amp;quot;,&amp;quot;SA&amp;quot;,&amp;quot;AE&amp;quot;,&amp;quot;BH&amp;quot;,&amp;quot;QA&amp;quot;,&amp;quot;OM&amp;quot;,&amp;quot;KW&amp;quot;,&amp;quot;EG&amp;quot;,&amp;quot;MA&amp;quot;,&amp;quot;DZ&amp;quot;,&amp;quot;TN&amp;quot;,&amp;quot;LB&amp;quot;,&amp;quot;JO&amp;quot;,&amp;quot;PS&amp;quot;,&amp;quot;IN&amp;quot;,&amp;quot;KZ&amp;quot;,&amp;quot;MD&amp;quot;,&amp;quot;UA&amp;quot;,&amp;quot;AL&amp;quot;,&amp;quot;BA&amp;quot;,&amp;quot;HR&amp;quot;,&amp;quot;ME&amp;quot;,&amp;quot;MK&amp;quot;,&amp;quot;RS&amp;quot;,&amp;quot;SI&amp;quot;,&amp;quot;KR&amp;quot;,&amp;quot;BD&amp;quot;,&amp;quot;PK&amp;quot;,&amp;quot;LK&amp;quot;,&amp;quot;GH&amp;quot;,&amp;quot;KE&amp;quot;,&amp;quot;NG&amp;quot;,&amp;quot;TZ&amp;quot;,&amp;quot;UG&amp;quot;,&amp;quot;AG&amp;quot;,&amp;quot;AM&amp;quot;,&amp;quot;BS&amp;quot;,&amp;quot;BB&amp;quot;,&amp;quot;BZ&amp;quot;,&amp;quot;BT&amp;quot;,&amp;quot;BW&amp;quot;,&amp;quot;BF&amp;quot;,&amp;quot;CV&amp;quot;,&amp;quot;CW&amp;quot;,&amp;quot;DM&amp;quot;,&amp;quot;FJ&amp;quot;,&amp;quot;GM&amp;quot;,&amp;quot;GE&amp;quot;,&amp;quot;GD&amp;quot;,&amp;quot;GW&amp;quot;,&amp;quot;GY&amp;quot;,&amp;quot;HT&amp;quot;,&amp;quot;JM&amp;quot;,&amp;quot;KI&amp;quot;,&amp;quot;LS&amp;quot;,&amp;quot;LR&amp;quot;,&amp;quot;MW&amp;quot;,&amp;quot;MV&amp;quot;,&amp;quot;ML&amp;quot;,&amp;quot;MH&amp;quot;,&amp;quot;FM&amp;quot;,&amp;quot;NA&amp;quot;,&amp;quot;NR&amp;quot;,&amp;quot;NE&amp;quot;,&amp;quot;PW&amp;quot;,&amp;quot;PG&amp;quot;,&amp;quot;WS&amp;quot;,&amp;quot;SM&amp;quot;,&amp;quot;ST&amp;quot;,&amp;quot;SN&amp;quot;,&amp;quot;SC&amp;quot;,&amp;quot;SL&amp;quot;,&amp;quot;SB&amp;quot;,&amp;quot;KN&amp;quot;,&amp;quot;LC&amp;quot;,&amp;quot;VC&amp;quot;,&amp;quot;SR&amp;quot;,&amp;quot;TL&amp;quot;,&amp;quot;TO&amp;quot;,&amp;quot;TT&amp;quot;,&amp;quot;TV&amp;quot;,&amp;quot;VU&amp;quot;,&amp;quot;AZ&amp;quot;,&amp;quot;BN&amp;quot;,&amp;quot;BI&amp;quot;,&amp;quot;KH&amp;quot;,&amp;quot;CM&amp;quot;,&amp;quot;TD&amp;quot;,&amp;quot;KM&amp;quot;,&amp;quot;GQ&amp;quot;,&amp;quot;SZ&amp;quot;,&amp;quot;GA&amp;quot;,&amp;quot;GN&amp;quot;,&amp;quot;KG&amp;quot;,&amp;quot;LA&amp;quot;,&amp;quot;MO&amp;quot;,&amp;quot;MR&amp;quot;,&amp;quot;MN&amp;quot;,&amp;quot;NP&amp;quot;,&amp;quot;RW&amp;quot;,&amp;quot;TG&amp;quot;,&amp;quot;UZ&amp;quot;,&amp;quot;ZW&amp;quot;,&amp;quot;BJ&amp;quot;,&amp;quot;MG&amp;quot;,&amp;quot;MU&amp;quot;,&amp;quot;MZ&amp;quot;,&amp;quot;AO&amp;quot;,&amp;quot;CI&amp;quot;,&amp;quot;DJ&amp;quot;,&amp;quot;ZM&amp;quot;,&amp;quot;CD&amp;quot;,&amp;quot;CG&amp;quot;,&amp;quot;IQ&amp;quot;,&amp;quot;LY&amp;quot;,&amp;quot;TJ&amp;quot;,&amp;quot;VE&amp;quot;,&amp;quot;ET&amp;quot;,&amp;quot;XK&amp;quot;],&amp;quot;disc_number&amp;quot;:1,&amp;quot;duration_ms&amp;quot;:234986,&amp;quot;explicit&amp;quot;:false,&amp;quot;external_urls&amp;quot;:{&amp;quot;spotify&amp;quot;:&amp;quot;https://open.spotify.com/track/66uVqkmHAc0MBUzoPhIypN&amp;quot;},&amp;quot;href&amp;quot;:&amp;quot;https://api.spotify.com/v1/tracks/66uVqkmHAc0MBUzoPhIypN&amp;quot;,&amp;quot;id&amp;quot;:&amp;quot;66uVqkmHAc0MBUzoPhIypN&amp;quot;,&amp;quot;name&amp;quot;:&amp;quot;Fall - Remixed by M83 VS Big Black Delta&amp;quot;,&amp;quot;preview_url&amp;quot;:null,&amp;quot;track_number&amp;quot;:2,&amp;quot;type&amp;quot;:&amp;quot;track&amp;quot;,&amp;quot;uri&amp;quot;:&amp;quot;spotify:track:66uVqkmHAc0MBUzoPhIypN&amp;quot;,&amp;quot;is_local&amp;quot;:false},{&amp;quot;artists&amp;quot;:[{&amp;quot;external_urls&amp;quot;:{&amp;quot;spotify&amp;quot;:&amp;quot;https://open.spotify.com/artist/4tZwfgrHOc3mvqYlEYSvVi&amp;quot;},&amp;quot;href&amp;quot;:&amp;quot;https://api.spotify.com/v1/artists/4tZwfgrHOc3mvqYlEYSvVi&amp;quot;,&amp;quot;id&amp;quot;:&amp;quot;4tZwfgrHOc3mvqYlEYSvVi&amp;quot;,&amp;quot;name&amp;quot;:&amp;quot;Daft Punk&amp;quot;,&amp;quot;type&amp;quot;:&amp;quot;artist&amp;quot;,&amp;quot;uri&amp;quot;:&amp;quot;spotify:artist:4tZwfgrHOc3mvqYlEYSvVi&amp;quot;},{&amp;quot;external_urls&amp;quot;:{&amp;quot;spotify&amp;quot;:&amp;quot;https://open.spotify.com/artist/5eKLa1xyHLq8ERWmT1CRHj&amp;quot;},&amp;quot;href&amp;quot;:&amp;quot;https://api.spotify.com/v1/artists/5eKLa1xyHLq8ERWmT1CRHj&amp;quot;,&amp;quot;id&amp;quot;:&amp;quot;5eKLa1xyHLq8ERWmT1CRHj&amp;quot;,&amp;quot;name&amp;quot;:&amp;quot;The Crystal Method&amp;quot;,&amp;quot;type&amp;quot;:&amp;quot;artist&amp;quot;,&amp;quot;uri&amp;quot;:&amp;quot;spotify:artist:5eKLa1xyHLq8ERWmT1CRHj&amp;quot;}],&amp;quot;available_markets&amp;quot;:[&amp;quot;AR&amp;quot;,&amp;quot;AU&amp;quot;,&amp;quot;AT&amp;quot;,&amp;quot;BE&amp;quot;,&amp;quot;BO&amp;quot;,&amp;quot;BR&amp;quot;,&amp;quot;BG&amp;quot;,&amp;quot;CA&amp;quot;,&amp;quot;CL&amp;quot;,&amp;quot;CO&amp;quot;,&amp;quot;CR&amp;quot;,&amp;quot;CY&amp;quot;,&amp;quot;CZ&amp;quot;,&amp;quot;DK&amp;quot;,&amp;quot;DO&amp;quot;,&amp;quot;DE&amp;quot;,&amp;quot;EC&amp;quot;,&amp;quot;EE&amp;quot;,&amp;quot;SV&amp;quot;,&amp;quot;FI&amp;quot;,&amp;quot;FR&amp;quot;,&amp;quot;GR&amp;quot;,&amp;quot;GT&amp;quot;,&amp;quot;HN&amp;quot;,&amp;quot;HK&amp;quot;,&amp;quot;HU&amp;quot;,&amp;quot;IS&amp;quot;,&amp;quot;IE&amp;quot;,&amp;quot;IT&amp;quot;,&amp;quot;LV&amp;quot;,&amp;quot;LT&amp;quot;,&amp;quot;LU&amp;quot;,&amp;quot;MY&amp;quot;,&amp;quot;MT&amp;quot;,&amp;quot;MX&amp;quot;,&amp;quot;NL&amp;quot;,&amp;quot;NZ&amp;quot;,&amp;quot;NI&amp;quot;,&amp;quot;NO&amp;quot;,&amp;quot;PA&amp;quot;,&amp;quot;PY&amp;quot;,&amp;quot;PE&amp;quot;,&amp;quot;PH&amp;quot;,&amp;quot;PL&amp;quot;,&amp;quot;PT&amp;quot;,&amp;quot;SG&amp;quot;,&amp;quot;SK&amp;quot;,&amp;quot;ES&amp;quot;,&amp;quot;SE&amp;quot;,&amp;quot;CH&amp;quot;,&amp;quot;TW&amp;quot;,&amp;quot;TR&amp;quot;,&amp;quot;UY&amp;quot;,&amp;quot;US&amp;quot;,&amp;quot;GB&amp;quot;,&amp;quot;AD&amp;quot;,&amp;quot;LI&amp;quot;,&amp;quot;MC&amp;quot;,&amp;quot;ID&amp;quot;,&amp;quot;JP&amp;quot;,&amp;quot;TH&amp;quot;,&amp;quot;VN&amp;quot;,&amp;quot;RO&amp;quot;,&amp;quot;IL&amp;quot;,&amp;quot;ZA&amp;quot;,&amp;quot;SA&amp;quot;,&amp;quot;AE&amp;quot;,&amp;quot;BH&amp;quot;,&amp;quot;QA&amp;quot;,&amp;quot;OM&amp;quot;,&amp;quot;KW&amp;quot;,&amp;quot;EG&amp;quot;,&amp;quot;MA&amp;quot;,&amp;quot;DZ&amp;quot;,&amp;quot;TN&amp;quot;,&amp;quot;LB&amp;quot;,&amp;quot;JO&amp;quot;,&amp;quot;PS&amp;quot;,&amp;quot;IN&amp;quot;,&amp;quot;KZ&amp;quot;,&amp;quot;MD&amp;quot;,&amp;quot;UA&amp;quot;,&amp;quot;AL&amp;quot;,&amp;quot;BA&amp;quot;,&amp;quot;HR&amp;quot;,&amp;quot;ME&amp;quot;,&amp;quot;MK&amp;quot;,&amp;quot;RS&amp;quot;,&amp;quot;SI&amp;quot;,&amp;quot;KR&amp;quot;,&amp;quot;BD&amp;quot;,&amp;quot;PK&amp;quot;,&amp;quot;LK&amp;quot;,&amp;quot;GH&amp;quot;,&amp;quot;KE&amp;quot;,&amp;quot;NG&amp;quot;,&amp;quot;TZ&amp;quot;,&amp;quot;UG&amp;quot;,&amp;quot;AG&amp;quot;,&amp;quot;AM&amp;quot;,&amp;quot;BS&amp;quot;,&amp;quot;BB&amp;quot;,&amp;quot;BZ&amp;quot;,&amp;quot;BT&amp;quot;,&amp;quot;BW&amp;quot;,&amp;quot;BF&amp;quot;,&amp;quot;CV&amp;quot;,&amp;quot;CW&amp;quot;,&amp;quot;DM&amp;quot;,&amp;quot;FJ&amp;quot;,&amp;quot;GM&amp;quot;,&amp;quot;GE&amp;quot;,&amp;quot;GD&amp;quot;,&amp;quot;GW&amp;quot;,&amp;quot;GY&amp;quot;,&amp;quot;HT&amp;quot;,&amp;quot;JM&amp;quot;,&amp;quot;KI&amp;quot;,&amp;quot;LS&amp;quot;,&amp;quot;LR&amp;quot;,&amp;quot;MW&amp;quot;,&amp;quot;MV&amp;quot;,&amp;quot;ML&amp;quot;,&amp;quot;MH&amp;quot;,&amp;quot;FM&amp;quot;,&amp;quot;NA&amp;quot;,&amp;quot;NR&amp;quot;,&amp;quot;NE&amp;quot;,&amp;quot;PW&amp;quot;,&amp;quot;PG&amp;quot;,&amp;quot;WS&amp;quot;,&amp;quot;SM&amp;quot;,&amp;quot;ST&amp;quot;,&amp;quot;SN&amp;quot;,&amp;quot;SC&amp;quot;,&amp;quot;SL&amp;quot;,&amp;quot;SB&amp;quot;,&amp;quot;KN&amp;quot;,&amp;quot;LC&amp;quot;,&amp;quot;VC&amp;quot;,&amp;quot;SR&amp;quot;,&amp;quot;TL&amp;quot;,&amp;quot;TO&amp;quot;,&amp;quot;TT&amp;quot;,&amp;quot;TV&amp;quot;,&amp;quot;VU&amp;quot;,&amp;quot;AZ&amp;quot;,&amp;quot;BN&amp;quot;,&amp;quot;BI&amp;quot;,&amp;quot;KH&amp;quot;,&amp;quot;CM&amp;quot;,&amp;quot;TD&amp;quot;,&amp;quot;KM&amp;quot;,&amp;quot;GQ&amp;quot;,&amp;quot;SZ&amp;quot;,&amp;quot;GA&amp;quot;,&amp;quot;GN&amp;quot;,&amp;quot;KG&amp;quot;,&amp;quot;LA&amp;quot;,&amp;quot;MO&amp;quot;,&amp;quot;MR&amp;quot;,&amp;quot;MN&amp;quot;,&amp;quot;NP&amp;quot;,&amp;quot;RW&amp;quot;,&amp;quot;TG&amp;quot;,&amp;quot;UZ&amp;quot;,&amp;quot;ZW&amp;quot;,&amp;quot;BJ&amp;quot;,&amp;quot;MG&amp;quot;,&amp;quot;MU&amp;quot;,&amp;quot;MZ&amp;quot;,&amp;quot;AO&amp;quot;,&amp;quot;CI&amp;quot;,&amp;quot;DJ&amp;quot;,&amp;quot;ZM&amp;quot;,&amp;quot;CD&amp;quot;,&amp;quot;CG&amp;quot;,&amp;quot;IQ&amp;quot;,&amp;quot;LY&amp;quot;,&amp;quot;TJ&amp;quot;,&amp;quot;VE&amp;quot;,&amp;quot;ET&amp;quot;,&amp;quot;XK&amp;quot;],&amp;quot;disc_number&amp;quot;:1,&amp;quot;duration_ms&amp;quot;:267786,&amp;quot;explicit&amp;quot;:false,&amp;quot;external_urls&amp;quot;:{&amp;quot;spotify&amp;quot;:&amp;quot;https://open.spotify.com/track/4OEnpg5ubhg6OQ4M2ZjtsL&amp;quot;},&amp;quot;href&amp;quot;:&amp;quot;https://api.spotify.com/v1/tracks/4OEnpg5ubhg6OQ4M2ZjtsL&amp;quot;,&amp;quot;id&amp;quot;:&amp;quot;4OEnpg5ubhg6OQ4M2ZjtsL&amp;quot;,&amp;quot;name&amp;quot;:&amp;quot;The Grid - Remixed by The Crystal Method&amp;quot;,&amp;quot;preview_url&amp;quot;:null,&amp;quot;track_number&amp;quot;:3,&amp;quot;type&amp;quot;:&amp;quot;track&amp;quot;,&amp;quot;uri&amp;quot;:&amp;quot;spotify:track:4OEnpg5ubhg6OQ4M2ZjtsL&amp;quot;,&amp;quot;is_local&amp;quot;:false},{&amp;quot;artists&amp;quot;:[{&amp;quot;external_urls&amp;quot;:{&amp;quot;spotify&amp;quot;:&amp;quot;https://open.spotify.com/artist/4tZwfgrHOc3mvqYlEYSvVi&amp;quot;},&amp;quot;href&amp;quot;:&amp;quot;https://api.spotify.com/v1/artists/4tZwfgrHOc3mvqYlEYSvVi&amp;quot;,&amp;quot;id&amp;quot;:&amp;quot;4tZwfgrHOc3mvqYlEYSvVi&amp;quot;,&amp;quot;name&amp;quot;:&amp;quot;Daft Punk&amp;quot;,&amp;quot;type&amp;quot;:&amp;quot;artist&amp;quot;,&amp;quot;uri&amp;quot;:&amp;quot;spotify:artist:4tZwfgrHOc3mvqYlEYSvVi&amp;quot;},{&amp;quot;external_urls&amp;quot;:{&amp;quot;spotify&amp;quot;:&amp;quot;https://open.spotify.com/artist/3gqv1kgivAc92KnUm4elKv&amp;quot;},&amp;quot;href&amp;quot;:&amp;quot;https://api.spotify.com/v1/artists/3gqv1kgivAc92KnUm4elKv&amp;quot;,&amp;quot;id&amp;quot;:&amp;quot;3gqv1kgivAc92KnUm4elKv&amp;quot;,&amp;quot;name&amp;quot;:&amp;quot;Teddybears&amp;quot;,&amp;quot;type&amp;quot;:&amp;quot;artist&amp;quot;,&amp;quot;uri&amp;quot;:&amp;quot;spotify:artist:3gqv1kgivAc92KnUm4elKv&amp;quot;}],&amp;quot;available_markets&amp;quot;:[&amp;quot;AR&amp;quot;,&amp;quot;AU&amp;quot;,&amp;quot;AT&amp;quot;,&amp;quot;BE&amp;quot;,&amp;quot;BO&amp;quot;,&amp;quot;BR&amp;quot;,&amp;quot;BG&amp;quot;,&amp;quot;CA&amp;quot;,&amp;quot;CL&amp;quot;,&amp;quot;CO&amp;quot;,&amp;quot;CR&amp;quot;,&amp;quot;CY&amp;quot;,&amp;quot;CZ&amp;quot;,&amp;quot;DK&amp;quot;,&amp;quot;DO&amp;quot;,&amp;quot;DE&amp;quot;,&amp;quot;EC&amp;quot;,&amp;quot;EE&amp;quot;,&amp;quot;SV&amp;quot;,&amp;quot;FI&amp;quot;,&amp;quot;FR&amp;quot;,&amp;quot;GR&amp;quot;,&amp;quot;GT&amp;quot;,&amp;quot;HN&amp;quot;,&amp;quot;HK&amp;quot;,&amp;quot;HU&amp;quot;,&amp;quot;IS&amp;quot;,&amp;quot;IE&amp;quot;,&amp;quot;IT&amp;quot;,&amp;quot;LV&amp;quot;,&amp;quot;LT&amp;quot;,&amp;quot;LU&amp;quot;,&amp;quot;MY&amp;quot;,&amp;quot;MT&amp;quot;,&amp;quot;MX&amp;quot;,&amp;quot;NL&amp;quot;,&amp;quot;NZ&amp;quot;,&amp;quot;NI&amp;quot;,&amp;quot;NO&amp;quot;,&amp;quot;PA&amp;quot;,&amp;quot;PY&amp;quot;,&amp;quot;PE&amp;quot;,&amp;quot;PH&amp;quot;,&amp;quot;PL&amp;quot;,&amp;quot;PT&amp;quot;,&amp;quot;SG&amp;quot;,&amp;quot;SK&amp;quot;,&amp;quot;ES&amp;quot;,&amp;quot;SE&amp;quot;,&amp;quot;CH&amp;quot;,&amp;quot;TW&amp;quot;,&amp;quot;TR&amp;quot;,&amp;quot;UY&amp;quot;,&amp;quot;US&amp;quot;,&amp;quot;GB&amp;quot;,&amp;quot;AD&amp;quot;,&amp;quot;LI&amp;quot;,&amp;quot;MC&amp;quot;,&amp;quot;ID&amp;quot;,&amp;quot;JP&amp;quot;,&amp;quot;TH&amp;quot;,&amp;quot;VN&amp;quot;,&amp;quot;RO&amp;quot;,&amp;quot;IL&amp;quot;,&amp;quot;ZA&amp;quot;,&amp;quot;SA&amp;quot;,&amp;quot;AE&amp;quot;,&amp;quot;BH&amp;quot;,&amp;quot;QA&amp;quot;,&amp;quot;OM&amp;quot;,&amp;quot;KW&amp;quot;,&amp;quot;EG&amp;quot;,&amp;quot;MA&amp;quot;,&amp;quot;DZ&amp;quot;,&amp;quot;TN&amp;quot;,&amp;quot;LB&amp;quot;,&amp;quot;JO&amp;quot;,&amp;quot;PS&amp;quot;,&amp;quot;IN&amp;quot;,&amp;quot;KZ&amp;quot;,&amp;quot;MD&amp;quot;,&amp;quot;UA&amp;quot;,&amp;quot;AL&amp;quot;,&amp;quot;BA&amp;quot;,&amp;quot;HR&amp;quot;,&amp;quot;ME&amp;quot;,&amp;quot;MK&amp;quot;,&amp;quot;RS&amp;quot;,&amp;quot;SI&amp;quot;,&amp;quot;KR&amp;quot;,&amp;quot;BD&amp;quot;,&amp;quot;PK&amp;quot;,&amp;quot;LK&amp;quot;,&amp;quot;GH&amp;quot;,&amp;quot;KE&amp;quot;,&amp;quot;NG&amp;quot;,&amp;quot;TZ&amp;quot;,&amp;quot;UG&amp;quot;,&amp;quot;AG&amp;quot;,&amp;quot;AM&amp;quot;,&amp;quot;BS&amp;quot;,&amp;quot;BB&amp;quot;,&amp;quot;BZ&amp;quot;,&amp;quot;BT&amp;quot;,&amp;quot;BW&amp;quot;,&amp;quot;BF&amp;quot;,&amp;quot;CV&amp;quot;,&amp;quot;CW&amp;quot;,&amp;quot;DM&amp;quot;,&amp;quot;FJ&amp;quot;,&amp;quot;GM&amp;quot;,&amp;quot;GE&amp;quot;,&amp;quot;GD&amp;quot;,&amp;quot;GW&amp;quot;,&amp;quot;GY&amp;quot;,&amp;quot;HT&amp;quot;,&amp;quot;JM&amp;quot;,&amp;quot;KI&amp;quot;,&amp;quot;LS&amp;quot;,&amp;quot;LR&amp;quot;,&amp;quot;MW&amp;quot;,&amp;quot;MV&amp;quot;,&amp;quot;ML&amp;quot;,&amp;quot;MH&amp;quot;,&amp;quot;FM&amp;quot;,&amp;quot;NA&amp;quot;,&amp;quot;NR&amp;quot;,&amp;quot;NE&amp;quot;,&amp;quot;PW&amp;quot;,&amp;quot;PG&amp;quot;,&amp;quot;WS&amp;quot;,&amp;quot;SM&amp;quot;,&amp;quot;ST&amp;quot;,&amp;quot;SN&amp;quot;,&amp;quot;SC&amp;quot;,&amp;quot;SL&amp;quot;,&amp;quot;SB&amp;quot;,&amp;quot;KN&amp;quot;,&amp;quot;LC&amp;quot;,&amp;quot;VC&amp;quot;,&amp;quot;SR&amp;quot;,&amp;quot;TL&amp;quot;,&amp;quot;TO&amp;quot;,&amp;quot;TT&amp;quot;,&amp;quot;TV&amp;quot;,&amp;quot;VU&amp;quot;,&amp;quot;AZ&amp;quot;,&amp;quot;BN&amp;quot;,&amp;quot;BI&amp;quot;,&amp;quot;KH&amp;quot;,&amp;quot;CM&amp;quot;,&amp;quot;TD&amp;quot;,&amp;quot;KM&amp;quot;,&amp;quot;GQ&amp;quot;,&amp;quot;SZ&amp;quot;,&amp;quot;GA&amp;quot;,&amp;quot;GN&amp;quot;,&amp;quot;KG&amp;quot;,&amp;quot;LA&amp;quot;,&amp;quot;MO&amp;quot;,&amp;quot;MR&amp;quot;,&amp;quot;MN&amp;quot;,&amp;quot;NP&amp;quot;,&amp;quot;RW&amp;quot;,&amp;quot;TG&amp;quot;,&amp;quot;UZ&amp;quot;,&amp;quot;ZW&amp;quot;,&amp;quot;BJ&amp;quot;,&amp;quot;MG&amp;quot;,&amp;quot;MU&amp;quot;,&amp;quot;MZ&amp;quot;,&amp;quot;AO&amp;quot;,&amp;quot;CI&amp;quot;,&amp;quot;DJ&amp;quot;,&amp;quot;ZM&amp;quot;,&amp;quot;CD&amp;quot;,&amp;quot;CG&amp;quot;,&amp;quot;IQ&amp;quot;,&amp;quot;LY&amp;quot;,&amp;quot;TJ&amp;quot;,&amp;quot;VE&amp;quot;,&amp;quot;ET&amp;quot;,&amp;quot;XK&amp;quot;],&amp;quot;disc_number&amp;quot;:1,&amp;quot;duration_ms&amp;quot;:334346,&amp;quot;explicit&amp;quot;:false,&amp;quot;external_urls&amp;quot;:{&amp;quot;spotify&amp;quot;:&amp;quot;https://open.spotify.com/track/2EyK6JBWqftJlxAuqd0Dsq&amp;quot;},&amp;quot;href&amp;quot;:&amp;quot;https://api.spotify.com/v1/tracks/2EyK6JBWqftJlxAuqd0Dsq&amp;quot;,&amp;quot;id&amp;quot;:&amp;quot;2EyK6JBWqftJlxAuqd0Dsq&amp;quot;,&amp;quot;name&amp;quot;:&amp;quot;Adagio for TRON - Remixed by Teddybears&amp;quot;,&amp;quot;preview_url&amp;quot;:null,&amp;quot;track_number&amp;quot;:4,&amp;quot;type&amp;quot;:&amp;quot;track&amp;quot;,&amp;quot;uri&amp;quot;:&amp;quot;spotify:track:2EyK6JBWqftJlxAuqd0Dsq&amp;quot;,&amp;quot;is_local&amp;quot;:false},{&amp;quot;artists&amp;quot;:[{&amp;quot;external_urls&amp;quot;:{&amp;quot;spotify&amp;quot;:&amp;quot;https://open.spotify.com/artist/4tZwfgrHOc3mvqYlEYSvVi&amp;quot;},&amp;quot;href&amp;quot;:&amp;quot;https://api.spotify.com/v1/artists/4tZwfgrHOc3mvqYlEYSvVi&amp;quot;,&amp;quot;id&amp;quot;:&amp;quot;4tZwfgrHOc3mvqYlEYSvVi&amp;quot;,&amp;quot;name&amp;quot;:&amp;quot;Daft Punk&amp;quot;,&amp;quot;type&amp;quot;:&amp;quot;artist&amp;quot;,&amp;quot;uri&amp;quot;:&amp;quot;spotify:artist:4tZwfgrHOc3mvqYlEYSvVi&amp;quot;},{&amp;quot;external_urls&amp;quot;:{&amp;quot;spotify&amp;quot;:&amp;quot;https://open.spotify.com/artist/1mB4aweE1XGdjbFVFC8i5m&amp;quot;},&amp;quot;href&amp;quot;:&amp;quot;https://api.spotify.com/v1/artists/1mB4aweE1XGdjbFVFC8i5m&amp;quot;,&amp;quot;id&amp;quot;:&amp;quot;1mB4aweE1XGdjbFVFC8i5m&amp;quot;,&amp;quot;name&amp;quot;:&amp;quot;Ki:Theory&amp;quot;,&amp;quot;type&amp;quot;:&amp;quot;artist&amp;quot;,&amp;quot;uri&amp;quot;:&amp;quot;spotify:artist:1mB4aweE1XGdjbFVFC8i5m&amp;quot;}],&amp;quot;available_markets&amp;quot;:[&amp;quot;AR&amp;quot;,&amp;quot;AU&amp;quot;,&amp;quot;AT&amp;quot;,&amp;quot;BE&amp;quot;,&amp;quot;BO&amp;quot;,&amp;quot;BR&amp;quot;,&amp;quot;BG&amp;quot;,&amp;quot;CA&amp;quot;,&amp;quot;CL&amp;quot;,&amp;quot;CO&amp;quot;,&amp;quot;CR&amp;quot;,&amp;quot;CY&amp;quot;,&amp;quot;CZ&amp;quot;,&amp;quot;DK&amp;quot;,&amp;quot;DO&amp;quot;,&amp;quot;DE&amp;quot;,&amp;quot;EC&amp;quot;,&amp;quot;EE&amp;quot;,&amp;quot;SV&amp;quot;,&amp;quot;FI&amp;quot;,&amp;quot;FR&amp;quot;,&amp;quot;GR&amp;quot;,&amp;quot;GT&amp;quot;,&amp;quot;HN&amp;quot;,&amp;quot;HK&amp;quot;,&amp;quot;HU&amp;quot;,&amp;quot;IS&amp;quot;,&amp;quot;IE&amp;quot;,&amp;quot;IT&amp;quot;,&amp;quot;LV&amp;quot;,&amp;quot;LT&amp;quot;,&amp;quot;LU&amp;quot;,&amp;quot;MY&amp;quot;,&amp;quot;MT&amp;quot;,&amp;quot;MX&amp;quot;,&amp;quot;NL&amp;quot;,&amp;quot;NZ&amp;quot;,&amp;quot;NI&amp;quot;,&amp;quot;NO&amp;quot;,&amp;quot;PA&amp;quot;,&amp;quot;PY&amp;quot;,&amp;quot;PE&amp;quot;,&amp;quot;PH&amp;quot;,&amp;quot;PL&amp;quot;,&amp;quot;PT&amp;quot;,&amp;quot;SG&amp;quot;,&amp;quot;SK&amp;quot;,&amp;quot;ES&amp;quot;,&amp;quot;SE&amp;quot;,&amp;quot;CH&amp;quot;,&amp;quot;TW&amp;quot;,&amp;quot;TR&amp;quot;,&amp;quot;UY&amp;quot;,&amp;quot;US&amp;quot;,&amp;quot;GB&amp;quot;,&amp;quot;AD&amp;quot;,&amp;quot;LI&amp;quot;,&amp;quot;MC&amp;quot;,&amp;quot;ID&amp;quot;,&amp;quot;JP&amp;quot;,&amp;quot;TH&amp;quot;,&amp;quot;VN&amp;quot;,&amp;quot;RO&amp;quot;,&amp;quot;IL&amp;quot;,&amp;quot;ZA&amp;quot;,&amp;quot;SA&amp;quot;,&amp;quot;AE&amp;quot;,&amp;quot;BH&amp;quot;,&amp;quot;QA&amp;quot;,&amp;quot;OM&amp;quot;,&amp;quot;KW&amp;quot;,&amp;quot;EG&amp;quot;,&amp;quot;MA&amp;quot;,&amp;quot;DZ&amp;quot;,&amp;quot;TN&amp;quot;,&amp;quot;LB&amp;quot;,&amp;quot;JO&amp;quot;,&amp;quot;PS&amp;quot;,&amp;quot;IN&amp;quot;,&amp;quot;KZ&amp;quot;,&amp;quot;MD&amp;quot;,&amp;quot;UA&amp;quot;,&amp;quot;AL&amp;quot;,&amp;quot;BA&amp;quot;,&amp;quot;HR&amp;quot;,&amp;quot;ME&amp;quot;,&amp;quot;MK&amp;quot;,&amp;quot;RS&amp;quot;,&amp;quot;SI&amp;quot;,&amp;quot;KR&amp;quot;,&amp;quot;BD&amp;quot;,&amp;quot;PK&amp;quot;,&amp;quot;LK&amp;quot;,&amp;quot;GH&amp;quot;,&amp;quot;KE&amp;quot;,&amp;quot;NG&amp;quot;,&amp;quot;TZ&amp;quot;,&amp;quot;UG&amp;quot;,&amp;quot;AG&amp;quot;,&amp;quot;AM&amp;quot;,&amp;quot;BS&amp;quot;,&amp;quot;BB&amp;quot;,&amp;quot;BZ&amp;quot;,&amp;quot;BT&amp;quot;,&amp;quot;BW&amp;quot;,&amp;quot;BF&amp;quot;,&amp;quot;CV&amp;quot;,&amp;quot;CW&amp;quot;,&amp;quot;DM&amp;quot;,&amp;quot;FJ&amp;quot;,&amp;quot;GM&amp;quot;,&amp;quot;GE&amp;quot;,&amp;quot;GD&amp;quot;,&amp;quot;GW&amp;quot;,&amp;quot;GY&amp;quot;,&amp;quot;HT&amp;quot;,&amp;quot;JM&amp;quot;,&amp;quot;KI&amp;quot;,&amp;quot;LS&amp;quot;,&amp;quot;LR&amp;quot;,&amp;quot;MW&amp;quot;,&amp;quot;MV&amp;quot;,&amp;quot;ML&amp;quot;,&amp;quot;MH&amp;quot;,&amp;quot;FM&amp;quot;,&amp;quot;NA&amp;quot;,&amp;quot;NR&amp;quot;,&amp;quot;NE&amp;quot;,&amp;quot;PW&amp;quot;,&amp;quot;PG&amp;quot;,&amp;quot;WS&amp;quot;,&amp;quot;SM&amp;quot;,&amp;quot;ST&amp;quot;,&amp;quot;SN&amp;quot;,&amp;quot;SC&amp;quot;,&amp;quot;SL&amp;quot;,&amp;quot;SB&amp;quot;,&amp;quot;KN&amp;quot;,&amp;quot;LC&amp;quot;,&amp;quot;VC&amp;quot;,&amp;quot;SR&amp;quot;,&amp;quot;TL&amp;quot;,&amp;quot;TO&amp;quot;,&amp;quot;TT&amp;quot;,&amp;quot;TV&amp;quot;,&amp;quot;VU&amp;quot;,&amp;quot;AZ&amp;quot;,&amp;quot;BN&amp;quot;,&amp;quot;BI&amp;quot;,&amp;quot;KH&amp;quot;,&amp;quot;CM&amp;quot;,&amp;quot;TD&amp;quot;,&amp;quot;KM&amp;quot;,&amp;quot;GQ&amp;quot;,&amp;quot;SZ&amp;quot;,&amp;quot;GA&amp;quot;,&amp;quot;GN&amp;quot;,&amp;quot;KG&amp;quot;,&amp;quot;LA&amp;quot;,&amp;quot;MO&amp;quot;,&amp;quot;MR&amp;quot;,&amp;quot;MN&amp;quot;,&amp;quot;NP&amp;quot;,&amp;quot;RW&amp;quot;,&amp;quot;TG&amp;quot;,&amp;quot;UZ&amp;quot;,&amp;quot;ZW&amp;quot;,&amp;quot;BJ&amp;quot;,&amp;quot;MG&amp;quot;,&amp;quot;MU&amp;quot;,&amp;quot;MZ&amp;quot;,&amp;quot;AO&amp;quot;,&amp;quot;CI&amp;quot;,&amp;quot;DJ&amp;quot;,&amp;quot;ZM&amp;quot;,&amp;quot;CD&amp;quot;,&amp;quot;CG&amp;quot;,&amp;quot;IQ&amp;quot;,&amp;quot;LY&amp;quot;,&amp;quot;TJ&amp;quot;,&amp;quot;VE&amp;quot;,&amp;quot;ET&amp;quot;,&amp;quot;XK&amp;quot;],&amp;quot;disc_number&amp;quot;:1,&amp;quot;duration_ms&amp;quot;:291506,&amp;quot;explicit&amp;quot;:false,&amp;quot;external_urls&amp;quot;:{&amp;quot;spotify&amp;quot;:&amp;quot;https://open.spotify.com/track/1TT6gRprLQ5vSWgoWpyKfR&amp;quot;},&amp;quot;href&amp;quot;:&amp;quot;https://api.spotify.com/v1/tracks/1TT6gRprLQ5vSWgoWpyKfR&amp;quot;,&amp;quot;id&amp;quot;:&amp;quot;1TT6gRprLQ5vSWgoWpyKfR&amp;quot;,&amp;quot;name&amp;quot;:&amp;quot;The Son of Flynn - Remixed by Ki:Theory&amp;quot;,&amp;quot;preview_url&amp;quot;:null,&amp;quot;track_number&amp;quot;:5,&amp;quot;type&amp;quot;:&amp;quot;track&amp;quot;,&amp;quot;uri&amp;quot;:&amp;quot;spotify:track:1TT6gRprLQ5vSWgoWpyKfR&amp;quot;,&amp;quot;is_local&amp;quot;:false},{&amp;quot;artists&amp;quot;:[{&amp;quot;external_urls&amp;quot;:{&amp;quot;spotify&amp;quot;:&amp;quot;https://open.spotify.com/artist/4tZwfgrHOc3mvqYlEYSvVi&amp;quot;},&amp;quot;href&amp;quot;:&amp;quot;https://api.spotify.com/v1/artists/4tZwfgrHOc3mvqYlEYSvVi&amp;quot;,&amp;quot;id&amp;quot;:&amp;quot;4tZwfgrHOc3mvqYlEYSvVi&amp;quot;,&amp;quot;name&amp;quot;:&amp;quot;Daft Punk&amp;quot;,&amp;quot;type&amp;quot;:&amp;quot;artist&amp;quot;,&amp;quot;uri&amp;quot;:&amp;quot;spotify:artist:4tZwfgrHOc3mvqYlEYSvVi&amp;quot;},{&amp;quot;external_urls&amp;quot;:{&amp;quot;spotify&amp;quot;:&amp;quot;https://open.spotify.com/artist/5MO2kbaGGA2a8kL4c9qqHq&amp;quot;},&amp;quot;href&amp;quot;:&amp;quot;https://api.spotify.com/v1/artists/5MO2kbaGGA2a8kL4c9qqHq&amp;quot;,&amp;quot;id&amp;quot;:&amp;quot;5MO2kbaGGA2a8kL4c9qqHq&amp;quot;,&amp;quot;name&amp;quot;:&amp;quot;Paul Oakenfold&amp;quot;,&amp;quot;type&amp;quot;:&amp;quot;artist&amp;quot;,&amp;quot;uri&amp;quot;:&amp;quot;spotify:artist:5MO2kbaGGA2a8kL4c9qqHq&amp;quot;}],&amp;quot;available_markets&amp;quot;:[&amp;quot;AR&amp;quot;,&amp;quot;AU&amp;quot;,&amp;quot;AT&amp;quot;,&amp;quot;BE&amp;quot;,&amp;quot;BO&amp;quot;,&amp;quot;BR&amp;quot;,&amp;quot;BG&amp;quot;,&amp;quot;CA&amp;quot;,&amp;quot;CL&amp;quot;,&amp;quot;CO&amp;quot;,&amp;quot;CR&amp;quot;,&amp;quot;CY&amp;quot;,&amp;quot;CZ&amp;quot;,&amp;quot;DK&amp;quot;,&amp;quot;DO&amp;quot;,&amp;quot;DE&amp;quot;,&amp;quot;EC&amp;quot;,&amp;quot;EE&amp;quot;,&amp;quot;SV&amp;quot;,&amp;quot;FI&amp;quot;,&amp;quot;FR&amp;quot;,&amp;quot;GR&amp;quot;,&amp;quot;GT&amp;quot;,&amp;quot;HN&amp;quot;,&amp;quot;HK&amp;quot;,&amp;quot;HU&amp;quot;,&amp;quot;IS&amp;quot;,&amp;quot;IE&amp;quot;,&amp;quot;IT&amp;quot;,&amp;quot;LV&amp;quot;,&amp;quot;LT&amp;quot;,&amp;quot;LU&amp;quot;,&amp;quot;MY&amp;quot;,&amp;quot;MT&amp;quot;,&amp;quot;MX&amp;quot;,&amp;quot;NL&amp;quot;,&amp;quot;NZ&amp;quot;,&amp;quot;NI&amp;quot;,&amp;quot;NO&amp;quot;,&amp;quot;PA&amp;quot;,&amp;quot;PY&amp;quot;,&amp;quot;PE&amp;quot;,&amp;quot;PH&amp;quot;,&amp;quot;PL&amp;quot;,&amp;quot;PT&amp;quot;,&amp;quot;SG&amp;quot;,&amp;quot;SK&amp;quot;,&amp;quot;ES&amp;quot;,&amp;quot;SE&amp;quot;,&amp;quot;CH&amp;quot;,&amp;quot;TW&amp;quot;,&amp;quot;TR&amp;quot;,&amp;quot;UY&amp;quot;,&amp;quot;US&amp;quot;,&amp;quot;GB&amp;quot;,&amp;quot;AD&amp;quot;,&amp;quot;LI&amp;quot;,&amp;quot;MC&amp;quot;,&amp;quot;ID&amp;quot;,&amp;quot;JP&amp;quot;,&amp;quot;TH&amp;quot;,&amp;quot;VN&amp;quot;,&amp;quot;RO&amp;quot;,&amp;quot;IL&amp;quot;,&amp;quot;ZA&amp;quot;,&amp;quot;SA&amp;quot;,&amp;quot;AE&amp;quot;,&amp;quot;BH&amp;quot;,&amp;quot;QA&amp;quot;,&amp;quot;OM&amp;quot;,&amp;quot;KW&amp;quot;,&amp;quot;EG&amp;quot;,&amp;quot;MA&amp;quot;,&amp;quot;DZ&amp;quot;,&amp;quot;TN&amp;quot;,&amp;quot;LB&amp;quot;,&amp;quot;JO&amp;quot;,&amp;quot;PS&amp;quot;,&amp;quot;IN&amp;quot;,&amp;quot;KZ&amp;quot;,&amp;quot;MD&amp;quot;,&amp;quot;UA&amp;quot;,&amp;quot;AL&amp;quot;,&amp;quot;BA&amp;quot;,&amp;quot;HR&amp;quot;,&amp;quot;ME&amp;quot;,&amp;quot;MK&amp;quot;,&amp;quot;RS&amp;quot;,&amp;quot;SI&amp;quot;,&amp;quot;KR&amp;quot;,&amp;quot;BD&amp;quot;,&amp;quot;PK&amp;quot;,&amp;quot;LK&amp;quot;,&amp;quot;GH&amp;quot;,&amp;quot;KE&amp;quot;,&amp;quot;NG&amp;quot;,&amp;quot;TZ&amp;quot;,&amp;quot;UG&amp;quot;,&amp;quot;AG&amp;quot;,&amp;quot;AM&amp;quot;,&amp;quot;BS&amp;quot;,&amp;quot;BB&amp;quot;,&amp;quot;BZ&amp;quot;,&amp;quot;BT&amp;quot;,&amp;quot;BW&amp;quot;,&amp;quot;BF&amp;quot;,&amp;quot;CV&amp;quot;,&amp;quot;CW&amp;quot;,&amp;quot;DM&amp;quot;,&amp;quot;FJ&amp;quot;,&amp;quot;GM&amp;quot;,&amp;quot;GE&amp;quot;,&amp;quot;GD&amp;quot;,&amp;quot;GW&amp;quot;,&amp;quot;GY&amp;quot;,&amp;quot;HT&amp;quot;,&amp;quot;JM&amp;quot;,&amp;quot;KI&amp;quot;,&amp;quot;LS&amp;quot;,&amp;quot;LR&amp;quot;,&amp;quot;MW&amp;quot;,&amp;quot;MV&amp;quot;,&amp;quot;ML&amp;quot;,&amp;quot;MH&amp;quot;,&amp;quot;FM&amp;quot;,&amp;quot;NA&amp;quot;,&amp;quot;NR&amp;quot;,&amp;quot;NE&amp;quot;,&amp;quot;PW&amp;quot;,&amp;quot;PG&amp;quot;,&amp;quot;WS&amp;quot;,&amp;quot;SM&amp;quot;,&amp;quot;ST&amp;quot;,&amp;quot;SN&amp;quot;,&amp;quot;SC&amp;quot;,&amp;quot;SL&amp;quot;,&amp;quot;SB&amp;quot;,&amp;quot;KN&amp;quot;,&amp;quot;LC&amp;quot;,&amp;quot;VC&amp;quot;,&amp;quot;SR&amp;quot;,&amp;quot;TL&amp;quot;,&amp;quot;TO&amp;quot;,&amp;quot;TT&amp;quot;,&amp;quot;TV&amp;quot;,&amp;quot;VU&amp;quot;,&amp;quot;AZ&amp;quot;,&amp;quot;BN&amp;quot;,&amp;quot;BI&amp;quot;,&amp;quot;KH&amp;quot;,&amp;quot;CM&amp;quot;,&amp;quot;TD&amp;quot;,&amp;quot;KM&amp;quot;,&amp;quot;GQ&amp;quot;,&amp;quot;SZ&amp;quot;,&amp;quot;GA&amp;quot;,&amp;quot;GN&amp;quot;,&amp;quot;KG&amp;quot;,&amp;quot;LA&amp;quot;,&amp;quot;MO&amp;quot;,&amp;quot;MR&amp;quot;,&amp;quot;MN&amp;quot;,&amp;quot;NP&amp;quot;,&amp;quot;RW&amp;quot;,&amp;quot;TG&amp;quot;,&amp;quot;UZ&amp;quot;,&amp;quot;ZW&amp;quot;,&amp;quot;BJ&amp;quot;,&amp;quot;MG&amp;quot;,&amp;quot;MU&amp;quot;,&amp;quot;MZ&amp;quot;,&amp;quot;AO&amp;quot;,&amp;quot;CI&amp;quot;,&amp;quot;DJ&amp;quot;,&amp;quot;ZM&amp;quot;,&amp;quot;CD&amp;quot;,&amp;quot;CG&amp;quot;,&amp;quot;IQ&amp;quot;,&amp;quot;LY&amp;quot;,&amp;quot;TJ&amp;quot;,&amp;quot;VE&amp;quot;,&amp;quot;ET&amp;quot;,&amp;quot;XK&amp;quot;],&amp;quot;disc_number&amp;quot;:1,&amp;quot;duration_ms&amp;quot;:275266,&amp;quot;explicit&amp;quot;:false,&amp;quot;external_urls&amp;quot;:{&amp;quot;spotify&amp;quot;:&amp;quot;https://open.spotify.com/track/6hEvTmmvby9ZTkSdfmPW3m&amp;quot;},&amp;quot;href&amp;quot;:&amp;quot;https://api.spotify.com/v1/tracks/6hEvTmmvby9ZTkSdfmPW3m&amp;quot;,&amp;quot;id&amp;quot;:&amp;quot;6hEvTmmvby9ZTkSdfmPW3m&amp;quot;,&amp;quot;name&amp;quot;:&amp;quot;C.L.U. - Remixed by Paul Oakenfold&amp;quot;,&amp;quot;preview_url&amp;quot;:null,&amp;quot;track_number&amp;quot;:6,&amp;quot;type&amp;quot;:&amp;quot;track&amp;quot;,&amp;quot;uri&amp;quot;:&amp;quot;spotify:track:6hEvTmmvby9ZTkSdfmPW3m&amp;quot;,&amp;quot;is_local&amp;quot;:false},{&amp;quot;artists&amp;quot;:[{&amp;quot;external_urls&amp;quot;:{&amp;quot;spotify&amp;quot;:&amp;quot;https://open.spotify.com/artist/4tZwfgrHOc3mvqYlEYSvVi&amp;quot;},&amp;quot;href&amp;quot;:&amp;quot;https://api.spotify.com/v1/artists/4tZwfgrHOc3mvqYlEYSvVi&amp;quot;,&amp;quot;id&amp;quot;:&amp;quot;4tZwfgrHOc3mvqYlEYSvVi&amp;quot;,&amp;quot;name&amp;quot;:&amp;quot;Daft Punk&amp;quot;,&amp;quot;type&amp;quot;:&amp;quot;artist&amp;quot;,&amp;quot;uri&amp;quot;:&amp;quot;spotify:artist:4tZwfgrHOc3mvqYlEYSvVi&amp;quot;},{&amp;quot;external_urls&amp;quot;:{&amp;quot;spotify&amp;quot;:&amp;quot;https://open.spotify.com/artist/3OsRAKCvk37zwYcnzRf5XF&amp;quot;},&amp;quot;href&amp;quot;:&amp;quot;https://api.spotify.com/v1/artists/3OsRAKCvk37zwYcnzRf5XF&amp;quot;,&amp;quot;id&amp;quot;:&amp;quot;3OsRAKCvk37zwYcnzRf5XF&amp;quot;,&amp;quot;name&amp;quot;:&amp;quot;Moby&amp;quot;,&amp;quot;type&amp;quot;:&amp;quot;artist&amp;quot;,&amp;quot;uri&amp;quot;:&amp;quot;spotify:artist:3OsRAKCvk37zwYcnzRf5XF&amp;quot;}],&amp;quot;available_markets&amp;quot;:[&amp;quot;AR&amp;quot;,&amp;quot;AU&amp;quot;,&amp;quot;AT&amp;quot;,&amp;quot;BE&amp;quot;,&amp;quot;BO&amp;quot;,&amp;quot;BR&amp;quot;,&amp;quot;BG&amp;quot;,&amp;quot;CA&amp;quot;,&amp;quot;CL&amp;quot;,&amp;quot;CO&amp;quot;,&amp;quot;CR&amp;quot;,&amp;quot;CY&amp;quot;,&amp;quot;CZ&amp;quot;,&amp;quot;DK&amp;quot;,&amp;quot;DO&amp;quot;,&amp;quot;DE&amp;quot;,&amp;quot;EC&amp;quot;,&amp;quot;EE&amp;quot;,&amp;quot;SV&amp;quot;,&amp;quot;FI&amp;quot;,&amp;quot;FR&amp;quot;,&amp;quot;GR&amp;quot;,&amp;quot;GT&amp;quot;,&amp;quot;HN&amp;quot;,&amp;quot;HK&amp;quot;,&amp;quot;HU&amp;quot;,&amp;quot;IS&amp;quot;,&amp;quot;IE&amp;quot;,&amp;quot;IT&amp;quot;,&amp;quot;LV&amp;quot;,&amp;quot;LT&amp;quot;,&amp;quot;LU&amp;quot;,&amp;quot;MY&amp;quot;,&amp;quot;MT&amp;quot;,&amp;quot;MX&amp;quot;,&amp;quot;NL&amp;quot;,&amp;quot;NZ&amp;quot;,&amp;quot;NI&amp;quot;,&amp;quot;NO&amp;quot;,&amp;quot;PA&amp;quot;,&amp;quot;PY&amp;quot;,&amp;quot;PE&amp;quot;,&amp;quot;PH&amp;quot;,&amp;quot;PL&amp;quot;,&amp;quot;PT&amp;quot;,&amp;quot;SG&amp;quot;,&amp;quot;SK&amp;quot;,&amp;quot;ES&amp;quot;,&amp;quot;SE&amp;quot;,&amp;quot;CH&amp;quot;,&amp;quot;TW&amp;quot;,&amp;quot;TR&amp;quot;,&amp;quot;UY&amp;quot;,&amp;quot;US&amp;quot;,&amp;quot;GB&amp;quot;,&amp;quot;AD&amp;quot;,&amp;quot;LI&amp;quot;,&amp;quot;MC&amp;quot;,&amp;quot;ID&amp;quot;,&amp;quot;JP&amp;quot;,&amp;quot;TH&amp;quot;,&amp;quot;VN&amp;quot;,&amp;quot;RO&amp;quot;,&amp;quot;IL&amp;quot;,&amp;quot;ZA&amp;quot;,&amp;quot;SA&amp;quot;,&amp;quot;AE&amp;quot;,&amp;quot;BH&amp;quot;,&amp;quot;QA&amp;quot;,&amp;quot;OM&amp;quot;,&amp;quot;KW&amp;quot;,&amp;quot;EG&amp;quot;,&amp;quot;MA&amp;quot;,&amp;quot;DZ&amp;quot;,&amp;quot;TN&amp;quot;,&amp;quot;LB&amp;quot;,&amp;quot;JO&amp;quot;,&amp;quot;PS&amp;quot;,&amp;quot;IN&amp;quot;,&amp;quot;KZ&amp;quot;,&amp;quot;MD&amp;quot;,&amp;quot;UA&amp;quot;,&amp;quot;AL&amp;quot;,&amp;quot;BA&amp;quot;,&amp;quot;HR&amp;quot;,&amp;quot;ME&amp;quot;,&amp;quot;MK&amp;quot;,&amp;quot;RS&amp;quot;,&amp;quot;SI&amp;quot;,&amp;quot;KR&amp;quot;,&amp;quot;BD&amp;quot;,&amp;quot;PK&amp;quot;,&amp;quot;LK&amp;quot;,&amp;quot;GH&amp;quot;,&amp;quot;KE&amp;quot;,&amp;quot;NG&amp;quot;,&amp;quot;TZ&amp;quot;,&amp;quot;UG&amp;quot;,&amp;quot;AG&amp;quot;,&amp;quot;AM&amp;quot;,&amp;quot;BS&amp;quot;,&amp;quot;BB&amp;quot;,&amp;quot;BZ&amp;quot;,&amp;quot;BT&amp;quot;,&amp;quot;BW&amp;quot;,&amp;quot;BF&amp;quot;,&amp;quot;CV&amp;quot;,&amp;quot;CW&amp;quot;,&amp;quot;DM&amp;quot;,&amp;quot;FJ&amp;quot;,&amp;quot;GM&amp;quot;,&amp;quot;GE&amp;quot;,&amp;quot;GD&amp;quot;,&amp;quot;GW&amp;quot;,&amp;quot;GY&amp;quot;,&amp;quot;HT&amp;quot;,&amp;quot;JM&amp;quot;,&amp;quot;KI&amp;quot;,&amp;quot;LS&amp;quot;,&amp;quot;LR&amp;quot;,&amp;quot;MW&amp;quot;,&amp;quot;MV&amp;quot;,&amp;quot;ML&amp;quot;,&amp;quot;MH&amp;quot;,&amp;quot;FM&amp;quot;,&amp;quot;NA&amp;quot;,&amp;quot;NR&amp;quot;,&amp;quot;NE&amp;quot;,&amp;quot;PW&amp;quot;,&amp;quot;PG&amp;quot;,&amp;quot;WS&amp;quot;,&amp;quot;SM&amp;quot;,&amp;quot;ST&amp;quot;,&amp;quot;SN&amp;quot;,&amp;quot;SC&amp;quot;,&amp;quot;SL&amp;quot;,&amp;quot;SB&amp;quot;,&amp;quot;KN&amp;quot;,&amp;quot;LC&amp;quot;,&amp;quot;VC&amp;quot;,&amp;quot;SR&amp;quot;,&amp;quot;TL&amp;quot;,&amp;quot;TO&amp;quot;,&amp;quot;TT&amp;quot;,&amp;quot;TV&amp;quot;,&amp;quot;VU&amp;quot;,&amp;quot;AZ&amp;quot;,&amp;quot;BN&amp;quot;,&amp;quot;BI&amp;quot;,&amp;quot;KH&amp;quot;,&amp;quot;CM&amp;quot;,&amp;quot;TD&amp;quot;,&amp;quot;KM&amp;quot;,&amp;quot;GQ&amp;quot;,&amp;quot;SZ&amp;quot;,&amp;quot;GA&amp;quot;,&amp;quot;GN&amp;quot;,&amp;quot;KG&amp;quot;,&amp;quot;LA&amp;quot;,&amp;quot;MO&amp;quot;,&amp;quot;MR&amp;quot;,&amp;quot;MN&amp;quot;,&amp;quot;NP&amp;quot;,&amp;quot;RW&amp;quot;,&amp;quot;TG&amp;quot;,&amp;quot;UZ&amp;quot;,&amp;quot;ZW&amp;quot;,&amp;quot;BJ&amp;quot;,&amp;quot;MG&amp;quot;,&amp;quot;MU&amp;quot;,&amp;quot;MZ&amp;quot;,&amp;quot;AO&amp;quot;,&amp;quot;CI&amp;quot;,&amp;quot;DJ&amp;quot;,&amp;quot;ZM&amp;quot;,&amp;quot;CD&amp;quot;,&amp;quot;CG&amp;quot;,&amp;quot;IQ&amp;quot;,&amp;quot;LY&amp;quot;,&amp;quot;TJ&amp;quot;,&amp;quot;VE&amp;quot;,&amp;quot;ET&amp;quot;,&amp;quot;XK&amp;quot;],&amp;quot;disc_number&amp;quot;:1,&amp;quot;duration_ms&amp;quot;:392293,&amp;quot;explicit&amp;quot;:false,&amp;quot;external_urls&amp;quot;:{&amp;quot;spotify&amp;quot;:&amp;quot;https://open.spotify.com/track/03uOJUuuTgaFFI1Efal1no&amp;quot;},&amp;quot;href&amp;quot;:&amp;quot;https://api.spotify.com/v1/tracks/03uOJUuuTgaFFI1Efal1no&amp;quot;,&amp;quot;id&amp;quot;:&amp;quot;03uOJUuuTgaFFI1Efal1no&amp;quot;,&amp;quot;name&amp;quot;:&amp;quot;The Son of Flynn - Remixed by Moby&amp;quot;,&amp;quot;preview_url&amp;quot;:null,&amp;quot;track_number&amp;quot;:7,&amp;quot;type&amp;quot;:&amp;quot;track&amp;quot;,&amp;quot;uri&amp;quot;:&amp;quot;spotify:track:03uOJUuuTgaFFI1Efal1no&amp;quot;,&amp;quot;is_local&amp;quot;:false},{&amp;quot;artists&amp;quot;:[{&amp;quot;external_urls&amp;quot;:{&amp;quot;spotify&amp;quot;:&amp;quot;https://open.spotify.com/artist/4tZwfgrHOc3mvqYlEYSvVi&amp;quot;},&amp;quot;href&amp;quot;:&amp;quot;https://api.spotify.com/v1/artists/4tZwfgrHOc3mvqYlEYSvVi&amp;quot;,&amp;quot;id&amp;quot;:&amp;quot;4tZwfgrHOc3mvqYlEYSvVi&amp;quot;,&amp;quot;name&amp;quot;:&amp;quot;Daft Punk&amp;quot;,&amp;quot;type&amp;quot;:&amp;quot;artist&amp;quot;,&amp;quot;uri&amp;quot;:&amp;quot;spotify:artist:4tZwfgrHOc3mvqYlEYSvVi&amp;quot;},{&amp;quot;external_urls&amp;quot;:{&amp;quot;spotify&amp;quot;:&amp;quot;https://open.spotify.com/artist/62k5LKMhymqlDNo2DWOvvv&amp;quot;},&amp;quot;href&amp;quot;:&amp;quot;https://api.spotify.com/v1/artists/62k5LKMhymqlDNo2DWOvvv&amp;quot;,&amp;quot;id&amp;quot;:&amp;quot;62k5LKMhymqlDNo2DWOvvv&amp;quot;,&amp;quot;name&amp;quot;:&amp;quot;Boys Noize&amp;quot;,&amp;quot;type&amp;quot;:&amp;quot;artist&amp;quot;,&amp;quot;uri&amp;quot;:&amp;quot;spotify:artist:62k5LKMhymqlDNo2DWOvvv&amp;quot;}],&amp;quot;available_markets&amp;quot;:[&amp;quot;AR&amp;quot;,&amp;quot;AU&amp;quot;,&amp;quot;AT&amp;quot;,&amp;quot;BE&amp;quot;,&amp;quot;BO&amp;quot;,&amp;quot;BR&amp;quot;,&amp;quot;BG&amp;quot;,&amp;quot;CA&amp;quot;,&amp;quot;CL&amp;quot;,&amp;quot;CO&amp;quot;,&amp;quot;CR&amp;quot;,&amp;quot;CY&amp;quot;,&amp;quot;CZ&amp;quot;,&amp;quot;DK&amp;quot;,&amp;quot;DO&amp;quot;,&amp;quot;DE&amp;quot;,&amp;quot;EC&amp;quot;,&amp;quot;EE&amp;quot;,&amp;quot;SV&amp;quot;,&amp;quot;FI&amp;quot;,&amp;quot;FR&amp;quot;,&amp;quot;GR&amp;quot;,&amp;quot;GT&amp;quot;,&amp;quot;HN&amp;quot;,&amp;quot;HK&amp;quot;,&amp;quot;HU&amp;quot;,&amp;quot;IS&amp;quot;,&amp;quot;IE&amp;quot;,&amp;quot;IT&amp;quot;,&amp;quot;LV&amp;quot;,&amp;quot;LT&amp;quot;,&amp;quot;LU&amp;quot;,&amp;quot;MY&amp;quot;,&amp;quot;MT&amp;quot;,&amp;quot;MX&amp;quot;,&amp;quot;NL&amp;quot;,&amp;quot;NZ&amp;quot;,&amp;quot;NI&amp;quot;,&amp;quot;NO&amp;quot;,&amp;quot;PA&amp;quot;,&amp;quot;PY&amp;quot;,&amp;quot;PE&amp;quot;,&amp;quot;PH&amp;quot;,&amp;quot;PL&amp;quot;,&amp;quot;PT&amp;quot;,&amp;quot;SG&amp;quot;,&amp;quot;SK&amp;quot;,&amp;quot;ES&amp;quot;,&amp;quot;SE&amp;quot;,&amp;quot;CH&amp;quot;,&amp;quot;TW&amp;quot;,&amp;quot;TR&amp;quot;,&amp;quot;UY&amp;quot;,&amp;quot;US&amp;quot;,&amp;quot;GB&amp;quot;,&amp;quot;AD&amp;quot;,&amp;quot;LI&amp;quot;,&amp;quot;MC&amp;quot;,&amp;quot;ID&amp;quot;,&amp;quot;JP&amp;quot;,&amp;quot;TH&amp;quot;,&amp;quot;VN&amp;quot;,&amp;quot;RO&amp;quot;,&amp;quot;IL&amp;quot;,&amp;quot;ZA&amp;quot;,&amp;quot;SA&amp;quot;,&amp;quot;AE&amp;quot;,&amp;quot;BH&amp;quot;,&amp;quot;QA&amp;quot;,&amp;quot;OM&amp;quot;,&amp;quot;KW&amp;quot;,&amp;quot;EG&amp;quot;,&amp;quot;MA&amp;quot;,&amp;quot;DZ&amp;quot;,&amp;quot;TN&amp;quot;,&amp;quot;LB&amp;quot;,&amp;quot;JO&amp;quot;,&amp;quot;PS&amp;quot;,&amp;quot;IN&amp;quot;,&amp;quot;KZ&amp;quot;,&amp;quot;MD&amp;quot;,&amp;quot;UA&amp;quot;,&amp;quot;AL&amp;quot;,&amp;quot;BA&amp;quot;,&amp;quot;HR&amp;quot;,&amp;quot;ME&amp;quot;,&amp;quot;MK&amp;quot;,&amp;quot;RS&amp;quot;,&amp;quot;SI&amp;quot;,&amp;quot;KR&amp;quot;,&amp;quot;BD&amp;quot;,&amp;quot;PK&amp;quot;,&amp;quot;LK&amp;quot;,&amp;quot;GH&amp;quot;,&amp;quot;KE&amp;quot;,&amp;quot;NG&amp;quot;,&amp;quot;TZ&amp;quot;,&amp;quot;UG&amp;quot;,&amp;quot;AG&amp;quot;,&amp;quot;AM&amp;quot;,&amp;quot;BS&amp;quot;,&amp;quot;BB&amp;quot;,&amp;quot;BZ&amp;quot;,&amp;quot;BT&amp;quot;,&amp;quot;BW&amp;quot;,&amp;quot;BF&amp;quot;,&amp;quot;CV&amp;quot;,&amp;quot;CW&amp;quot;,&amp;quot;DM&amp;quot;,&amp;quot;FJ&amp;quot;,&amp;quot;GM&amp;quot;,&amp;quot;GE&amp;quot;,&amp;quot;GD&amp;quot;,&amp;quot;GW&amp;quot;,&amp;quot;GY&amp;quot;,&amp;quot;HT&amp;quot;,&amp;quot;JM&amp;quot;,&amp;quot;KI&amp;quot;,&amp;quot;LS&amp;quot;,&amp;quot;LR&amp;quot;,&amp;quot;MW&amp;quot;,&amp;quot;MV&amp;quot;,&amp;quot;ML&amp;quot;,&amp;quot;MH&amp;quot;,&amp;quot;FM&amp;quot;,&amp;quot;NA&amp;quot;,&amp;quot;NR&amp;quot;,&amp;quot;NE&amp;quot;,&amp;quot;PW&amp;quot;,&amp;quot;PG&amp;quot;,&amp;quot;WS&amp;quot;,&amp;quot;SM&amp;quot;,&amp;quot;ST&amp;quot;,&amp;quot;SN&amp;quot;,&amp;quot;SC&amp;quot;,&amp;quot;SL&amp;quot;,&amp;quot;SB&amp;quot;,&amp;quot;KN&amp;quot;,&amp;quot;LC&amp;quot;,&amp;quot;VC&amp;quot;,&amp;quot;SR&amp;quot;,&amp;quot;TL&amp;quot;,&amp;quot;TO&amp;quot;,&amp;quot;TT&amp;quot;,&amp;quot;TV&amp;quot;,&amp;quot;VU&amp;quot;,&amp;quot;AZ&amp;quot;,&amp;quot;BN&amp;quot;,&amp;quot;BI&amp;quot;,&amp;quot;KH&amp;quot;,&amp;quot;CM&amp;quot;,&amp;quot;TD&amp;quot;,&amp;quot;KM&amp;quot;,&amp;quot;GQ&amp;quot;,&amp;quot;SZ&amp;quot;,&amp;quot;GA&amp;quot;,&amp;quot;GN&amp;quot;,&amp;quot;KG&amp;quot;,&amp;quot;LA&amp;quot;,&amp;quot;MO&amp;quot;,&amp;quot;MR&amp;quot;,&amp;quot;MN&amp;quot;,&amp;quot;NP&amp;quot;,&amp;quot;RW&amp;quot;,&amp;quot;TG&amp;quot;,&amp;quot;UZ&amp;quot;,&amp;quot;ZW&amp;quot;,&amp;quot;BJ&amp;quot;,&amp;quot;MG&amp;quot;,&amp;quot;MU&amp;quot;,&amp;quot;MZ&amp;quot;,&amp;quot;AO&amp;quot;,&amp;quot;CI&amp;quot;,&amp;quot;DJ&amp;quot;,&amp;quot;ZM&amp;quot;,&amp;quot;CD&amp;quot;,&amp;quot;CG&amp;quot;,&amp;quot;IQ&amp;quot;,&amp;quot;LY&amp;quot;,&amp;quot;TJ&amp;quot;,&amp;quot;VE&amp;quot;,&amp;quot;ET&amp;quot;,&amp;quot;XK&amp;quot;],&amp;quot;disc_number&amp;quot;:1,&amp;quot;duration_ms&amp;quot;:340186,&amp;quot;explicit&amp;quot;:false,&amp;quot;external_urls&amp;quot;:{&amp;quot;spotify&amp;quot;:&amp;quot;https://open.spotify.com/track/3YYnfKM02WkygOwg6ozfrL&amp;quot;},&amp;quot;href&amp;quot;:&amp;quot;https://api.spotify.com/v1/tracks/3YYnfKM02WkygOwg6ozfrL&amp;quot;,&amp;quot;id&amp;quot;:&amp;quot;3YYnfKM02WkygOwg6ozfrL&amp;quot;,&amp;quot;name&amp;quot;:&amp;quot;End of Line - Remixed by Boys Noize&amp;quot;,&amp;quot;preview_url&amp;quot;:null,&amp;quot;track_number&amp;quot;:8,&amp;quot;type&amp;quot;:&amp;quot;track&amp;quot;,&amp;quot;uri&amp;quot;:&amp;quot;spotify:track:3YYnfKM02WkygOwg6ozfrL&amp;quot;,&amp;quot;is_local&amp;quot;:false},{&amp;quot;artists&amp;quot;:[{&amp;quot;external_urls&amp;quot;:{&amp;quot;spotify&amp;quot;:&amp;quot;https://open.spotify.com/artist/4tZwfgrHOc3mvqYlEYSvVi&amp;quot;},&amp;quot;href&amp;quot;:&amp;quot;https://api.spotify.com/v1/artists/4tZwfgrHOc3mvqYlEYSvVi&amp;quot;,&amp;quot;id&amp;quot;:&amp;quot;4tZwfgrHOc3mvqYlEYSvVi&amp;quot;,&amp;quot;name&amp;quot;:&amp;quot;Daft Punk&amp;quot;,&amp;quot;type&amp;quot;:&amp;quot;artist&amp;quot;,&amp;quot;uri&amp;quot;:&amp;quot;spotify:artist:4tZwfgrHOc3mvqYlEYSvVi&amp;quot;},{&amp;quot;external_urls&amp;quot;:{&amp;quot;spotify&amp;quot;:&amp;quot;https://open.spotify.com/artist/6TQj5BFPooTa08A7pk8AQ1&amp;quot;},&amp;quot;href&amp;quot;:&amp;quot;https://api.spotify.com/v1/artists/6TQj5BFPooTa08A7pk8AQ1&amp;quot;,&amp;quot;id&amp;quot;:&amp;quot;6TQj5BFPooTa08A7pk8AQ1&amp;quot;,&amp;quot;name&amp;quot;:&amp;quot;Kaskade&amp;quot;,&amp;quot;type&amp;quot;:&amp;quot;artist&amp;quot;,&amp;quot;uri&amp;quot;:&amp;quot;spotify:artist:6TQj5BFPooTa08A7pk8AQ1&amp;quot;}],&amp;quot;available_markets&amp;quot;:[&amp;quot;AR&amp;quot;,&amp;quot;AU&amp;quot;,&amp;quot;AT&amp;quot;,&amp;quot;BE&amp;quot;,&amp;quot;BO&amp;quot;,&amp;quot;BR&amp;quot;,&amp;quot;BG&amp;quot;,&amp;quot;CA&amp;quot;,&amp;quot;CL&amp;quot;,&amp;quot;CO&amp;quot;,&amp;quot;CR&amp;quot;,&amp;quot;CY&amp;quot;,&amp;quot;CZ&amp;quot;,&amp;quot;DK&amp;quot;,&amp;quot;DO&amp;quot;,&amp;quot;DE&amp;quot;,&amp;quot;EC&amp;quot;,&amp;quot;EE&amp;quot;,&amp;quot;SV&amp;quot;,&amp;quot;FI&amp;quot;,&amp;quot;FR&amp;quot;,&amp;quot;GR&amp;quot;,&amp;quot;GT&amp;quot;,&amp;quot;HN&amp;quot;,&amp;quot;HK&amp;quot;,&amp;quot;HU&amp;quot;,&amp;quot;IS&amp;quot;,&amp;quot;IE&amp;quot;,&amp;quot;IT&amp;quot;,&amp;quot;LV&amp;quot;,&amp;quot;LT&amp;quot;,&amp;quot;LU&amp;quot;,&amp;quot;MY&amp;quot;,&amp;quot;MT&amp;quot;,&amp;quot;MX&amp;quot;,&amp;quot;NL&amp;quot;,&amp;quot;NZ&amp;quot;,&amp;quot;NI&amp;quot;,&amp;quot;NO&amp;quot;,&amp;quot;PA&amp;quot;,&amp;quot;PY&amp;quot;,&amp;quot;PE&amp;quot;,&amp;quot;PH&amp;quot;,&amp;quot;PL&amp;quot;,&amp;quot;PT&amp;quot;,&amp;quot;SG&amp;quot;,&amp;quot;SK&amp;quot;,&amp;quot;ES&amp;quot;,&amp;quot;SE&amp;quot;,&amp;quot;CH&amp;quot;,&amp;quot;TW&amp;quot;,&amp;quot;TR&amp;quot;,&amp;quot;UY&amp;quot;,&amp;quot;US&amp;quot;,&amp;quot;GB&amp;quot;,&amp;quot;AD&amp;quot;,&amp;quot;LI&amp;quot;,&amp;quot;MC&amp;quot;,&amp;quot;ID&amp;quot;,&amp;quot;JP&amp;quot;,&amp;quot;TH&amp;quot;,&amp;quot;VN&amp;quot;,&amp;quot;RO&amp;quot;,&amp;quot;IL&amp;quot;,&amp;quot;ZA&amp;quot;,&amp;quot;SA&amp;quot;,&amp;quot;AE&amp;quot;,&amp;quot;BH&amp;quot;,&amp;quot;QA&amp;quot;,&amp;quot;OM&amp;quot;,&amp;quot;KW&amp;quot;,&amp;quot;EG&amp;quot;,&amp;quot;MA&amp;quot;,&amp;quot;DZ&amp;quot;,&amp;quot;TN&amp;quot;,&amp;quot;LB&amp;quot;,&amp;quot;JO&amp;quot;,&amp;quot;PS&amp;quot;,&amp;quot;IN&amp;quot;,&amp;quot;KZ&amp;quot;,&amp;quot;MD&amp;quot;,&amp;quot;UA&amp;quot;,&amp;quot;AL&amp;quot;,&amp;quot;BA&amp;quot;,&amp;quot;HR&amp;quot;,&amp;quot;ME&amp;quot;,&amp;quot;MK&amp;quot;,&amp;quot;RS&amp;quot;,&amp;quot;SI&amp;quot;,&amp;quot;KR&amp;quot;,&amp;quot;BD&amp;quot;,&amp;quot;PK&amp;quot;,&amp;quot;LK&amp;quot;,&amp;quot;GH&amp;quot;,&amp;quot;KE&amp;quot;,&amp;quot;NG&amp;quot;,&amp;quot;TZ&amp;quot;,&amp;quot;UG&amp;quot;,&amp;quot;AG&amp;quot;,&amp;quot;AM&amp;quot;,&amp;quot;BS&amp;quot;,&amp;quot;BB&amp;quot;,&amp;quot;BZ&amp;quot;,&amp;quot;BT&amp;quot;,&amp;quot;BW&amp;quot;,&amp;quot;BF&amp;quot;,&amp;quot;CV&amp;quot;,&amp;quot;CW&amp;quot;,&amp;quot;DM&amp;quot;,&amp;quot;FJ&amp;quot;,&amp;quot;GM&amp;quot;,&amp;quot;GE&amp;quot;,&amp;quot;GD&amp;quot;,&amp;quot;GW&amp;quot;,&amp;quot;GY&amp;quot;,&amp;quot;HT&amp;quot;,&amp;quot;JM&amp;quot;,&amp;quot;KI&amp;quot;,&amp;quot;LS&amp;quot;,&amp;quot;LR&amp;quot;,&amp;quot;MW&amp;quot;,&amp;quot;MV&amp;quot;,&amp;quot;ML&amp;quot;,&amp;quot;MH&amp;quot;,&amp;quot;FM&amp;quot;,&amp;quot;NA&amp;quot;,&amp;quot;NR&amp;quot;,&amp;quot;NE&amp;quot;,&amp;quot;PW&amp;quot;,&amp;quot;PG&amp;quot;,&amp;quot;WS&amp;quot;,&amp;quot;SM&amp;quot;,&amp;quot;ST&amp;quot;,&amp;quot;SN&amp;quot;,&amp;quot;SC&amp;quot;,&amp;quot;SL&amp;quot;,&amp;quot;SB&amp;quot;,&amp;quot;KN&amp;quot;,&amp;quot;LC&amp;quot;,&amp;quot;VC&amp;quot;,&amp;quot;SR&amp;quot;,&amp;quot;TL&amp;quot;,&amp;quot;TO&amp;quot;,&amp;quot;TT&amp;quot;,&amp;quot;TV&amp;quot;,&amp;quot;VU&amp;quot;,&amp;quot;AZ&amp;quot;,&amp;quot;BN&amp;quot;,&amp;quot;BI&amp;quot;,&amp;quot;KH&amp;quot;,&amp;quot;CM&amp;quot;,&amp;quot;TD&amp;quot;,&amp;quot;KM&amp;quot;,&amp;quot;GQ&amp;quot;,&amp;quot;SZ&amp;quot;,&amp;quot;GA&amp;quot;,&amp;quot;GN&amp;quot;,&amp;quot;KG&amp;quot;,&amp;quot;LA&amp;quot;,&amp;quot;MO&amp;quot;,&amp;quot;MR&amp;quot;,&amp;quot;MN&amp;quot;,&amp;quot;NP&amp;quot;,&amp;quot;RW&amp;quot;,&amp;quot;TG&amp;quot;,&amp;quot;UZ&amp;quot;,&amp;quot;ZW&amp;quot;,&amp;quot;BJ&amp;quot;,&amp;quot;MG&amp;quot;,&amp;quot;MU&amp;quot;,&amp;quot;MZ&amp;quot;,&amp;quot;AO&amp;quot;,&amp;quot;CI&amp;quot;,&amp;quot;DJ&amp;quot;,&amp;quot;ZM&amp;quot;,&amp;quot;CD&amp;quot;,&amp;quot;CG&amp;quot;,&amp;quot;IQ&amp;quot;,&amp;quot;LY&amp;quot;,&amp;quot;TJ&amp;quot;,&amp;quot;VE&amp;quot;,&amp;quot;ET&amp;quot;,&amp;quot;XK&amp;quot;],&amp;quot;disc_number&amp;quot;:1,&amp;quot;duration_ms&amp;quot;:412440,&amp;quot;explicit&amp;quot;:false,&amp;quot;external_urls&amp;quot;:{&amp;quot;spotify&amp;quot;:&amp;quot;https://open.spotify.com/track/2jFLd9OdNcLsblpv4fDTRn&amp;quot;},&amp;quot;href&amp;quot;:&amp;quot;https://api.spotify.com/v1/tracks/2jFLd9OdNcLsblpv4fDTRn&amp;quot;,&amp;quot;id&amp;quot;:&amp;quot;2jFLd9OdNcLsblpv4fDTRn&amp;quot;,&amp;quot;name&amp;quot;:&amp;quot;Rinzler - Remixed by Kaskade&amp;quot;,&amp;quot;preview_url&amp;quot;:null,&amp;quot;track_number&amp;quot;:9,&amp;quot;type&amp;quot;:&amp;quot;track&amp;quot;,&amp;quot;uri&amp;quot;:&amp;quot;spotify:track:2jFLd9OdNcLsblpv4fDTRn&amp;quot;,&amp;quot;is_local&amp;quot;:false},{&amp;quot;artists&amp;quot;:[{&amp;quot;external_urls&amp;quot;:{&amp;quot;spotify&amp;quot;:&amp;quot;https://open.spotify.com/artist/4tZwfgrHOc3mvqYlEYSvVi&amp;quot;},&amp;quot;href&amp;quot;:&amp;quot;https://api.spotify.com/v1/artists/4tZwfgrHOc3mvqYlEYSvVi&amp;quot;,&amp;quot;id&amp;quot;:&amp;quot;4tZwfgrHOc3mvqYlEYSvVi&amp;quot;,&amp;quot;name&amp;quot;:&amp;quot;Daft Punk&amp;quot;,&amp;quot;type&amp;quot;:&amp;quot;artist&amp;quot;,&amp;quot;uri&amp;quot;:&amp;quot;spotify:artist:4tZwfgrHOc3mvqYlEYSvVi&amp;quot;},{&amp;quot;external_urls&amp;quot;:{&amp;quot;spotify&amp;quot;:&amp;quot;https://open.spotify.com/artist/2wouN3QXejYa5tKetYdcVX&amp;quot;},&amp;quot;href&amp;quot;:&amp;quot;https://api.spotify.com/v1/artists/2wouN3QXejYa5tKetYdcVX&amp;quot;,&amp;quot;id&amp;quot;:&amp;quot;2wouN3QXejYa5tKetYdcVX&amp;quot;,&amp;quot;name&amp;quot;:&amp;quot;Com Truise&amp;quot;,&amp;quot;type&amp;quot;:&amp;quot;artist&amp;quot;,&amp;quot;uri&amp;quot;:&amp;quot;spotify:artist:2wouN3QXejYa5tKetYdcVX&amp;quot;}],&amp;quot;available_markets&amp;quot;:[&amp;quot;AR&amp;quot;,&amp;quot;AU&amp;quot;,&amp;quot;AT&amp;quot;,&amp;quot;BE&amp;quot;,&amp;quot;BO&amp;quot;,&amp;quot;BR&amp;quot;,&amp;quot;BG&amp;quot;,&amp;quot;CA&amp;quot;,&amp;quot;CL&amp;quot;,&amp;quot;CO&amp;quot;,&amp;quot;CR&amp;quot;,&amp;quot;CY&amp;quot;,&amp;quot;CZ&amp;quot;,&amp;quot;DK&amp;quot;,&amp;quot;DO&amp;quot;,&amp;quot;DE&amp;quot;,&amp;quot;EC&amp;quot;,&amp;quot;EE&amp;quot;,&amp;quot;SV&amp;quot;,&amp;quot;FI&amp;quot;,&amp;quot;FR&amp;quot;,&amp;quot;GR&amp;quot;,&amp;quot;GT&amp;quot;,&amp;quot;HN&amp;quot;,&amp;quot;HK&amp;quot;,&amp;quot;HU&amp;quot;,&amp;quot;IS&amp;quot;,&amp;quot;IE&amp;quot;,&amp;quot;IT&amp;quot;,&amp;quot;LV&amp;quot;,&amp;quot;LT&amp;quot;,&amp;quot;LU&amp;quot;,&amp;quot;MY&amp;quot;,&amp;quot;MT&amp;quot;,&amp;quot;MX&amp;quot;,&amp;quot;NL&amp;quot;,&amp;quot;NZ&amp;quot;,&amp;quot;NI&amp;quot;,&amp;quot;NO&amp;quot;,&amp;quot;PA&amp;quot;,&amp;quot;PY&amp;quot;,&amp;quot;PE&amp;quot;,&amp;quot;PH&amp;quot;,&amp;quot;PL&amp;quot;,&amp;quot;PT&amp;quot;,&amp;quot;SG&amp;quot;,&amp;quot;SK&amp;quot;,&amp;quot;ES&amp;quot;,&amp;quot;SE&amp;quot;,&amp;quot;CH&amp;quot;,&amp;quot;TW&amp;quot;,&amp;quot;TR&amp;quot;,&amp;quot;UY&amp;quot;,&amp;quot;US&amp;quot;,&amp;quot;GB&amp;quot;,&amp;quot;AD&amp;quot;,&amp;quot;LI&amp;quot;,&amp;quot;MC&amp;quot;,&amp;quot;ID&amp;quot;,&amp;quot;JP&amp;quot;,&amp;quot;TH&amp;quot;,&amp;quot;VN&amp;quot;,&amp;quot;RO&amp;quot;,&amp;quot;IL&amp;quot;,&amp;quot;ZA&amp;quot;,&amp;quot;SA&amp;quot;,&amp;quot;AE&amp;quot;,&amp;quot;BH&amp;quot;,&amp;quot;QA&amp
[...]
","KZ","MD","UA","AL","BA","HR","ME","MK","RS","SI","KR","BD","PK","LK","GH","KE","NG","TZ","UG","AG","AM","BS","BB","BZ","BT","BW","BF","CV","CW","DM","FJ","GM","GE","GD","GW","GY","HT","JM","KI","LS","LR","MW","MV","ML","MH","FM","NA","NR","NE","PW","PG","PR","WS","SM","ST","SN","SC","SL","SB","KN","LC","VC","SR","TL","TO","TT","TV","VU","AZ","BN","BI","KH","CM","TD","KM","GQ","SZ","GA","GN","KG","LA","MO","MR","MN","NP","RW","TG","UZ","ZW","BJ","MG","MU","MZ","AO","CI","DJ","ZM","CD","CG","IQ","LY","TJ","VE","ET","XK"],"disc_number":1,"duration_ms":104466,"explicit":false,"external_urls":{"spotify":"https://open.spotify.com/track/63JXZZRbmzooashakb0zbu"},"href":"https://api.spotify.com/v1/tracks/63JXZZRbmzooashakb0zbu","id":"63JXZZRbmzooashakb0zbu","name":"Nightvision","preview_url":null,"track_number":6,"type":"track","uri":"spotify:track:63JXZZRbmzooashakb0zbu","is_local":false},{"artists":[{"external_urls":{"spotify":"https://open.spotify.com/artist/4tZwfgrHOc3mvqYlEYSvVi"},"href":"https://api.spotify.com/v1/artists/4tZwfgrHOc3mvqYlEYSvVi","id":"4tZwfgrHOc3mvqYlEYSvVi","name":"Daft Punk","type":"artist","uri":"spotify:artist:4tZwfgrHOc3mvqYlEYSvVi"}],"available_markets":["AR","AU","AT","BE","BO","BR","BG","CA","CL","CO","CR","CY","CZ","DK","DO","DE","EC","EE","SV","FI","FR","GR","GT","HN","HK","HU","IS","IE","IT","LV","LT","LU","MY","MT","MX","NL","NZ","NI","NO","PA","PY","PE","PH","PL","PT","SG","SK","ES","SE","CH","TW","TR","UY","US","GB","AD","LI","MC","ID","JP","TH","VN","RO","IL","ZA","SA","AE","BH","QA","OM","KW","EG","MA","DZ","TN","LB","JO","PS","IN","BY","KZ","MD","UA","AL","BA","HR","ME","MK","RS","SI","KR","BD","PK","LK","GH","KE","NG","TZ","UG","AG","AM","BS","BB","BZ","BT","BW","BF","CV","CW","DM","FJ","GM","GE","GD","GW","GY","HT","JM","KI","LS","LR","MW","MV","ML","MH","FM","NA","NR","NE","PW","PG","PR","WS","SM","ST","SN","SC","SL","SB","KN","LC","VC","SR","TL","TO","TT","TV","VU","AZ","BN","BI","KH","CM","TD","KM","GQ","SZ","GA","GN","KG","LA","MO","MR","MN","NP","RW","TG","UZ","ZW","BJ","MG","MU","MZ","AO","CI","DJ","ZM","CD","CG","IQ","LY","TJ","VE","ET","XK"],"disc_number":1,"duration_ms":237800,"explicit":false,"external_urls":{"spotify":"https://open.spotify.com/track/186hvCTyrni4KT9nwIQ7zS"},"href":"https://api.spotify.com/v1/tracks/186hvCTyrni4KT9nwIQ7zS","id":"186hvCTyrni4KT9nwIQ7zS","name":"Superheroes","preview_url":null,"track_number":7,"type":"track","uri":"spotify:track:186hvCTyrni4KT9nwIQ7zS","is_local":false},{"artists":[{"external_urls":{"spotify":"https://open.spotify.com/artist/4tZwfgrHOc3mvqYlEYSvVi"},"href":"https://api.spotify.com/v1/artists/4tZwfgrHOc3mvqYlEYSvVi","id":"4tZwfgrHOc3mvqYlEYSvVi","name":"Daft Punk","type":"artist","uri":"spotify:artist:4tZwfgrHOc3mvqYlEYSvVi"}],"available_markets":["AR","AU","AT","BE","BO","BR","BG","CA","CL","CO","CR","CY","CZ","DK","DO","DE","EC","EE","SV","FI","FR","GR","GT","HN","HK","HU","IS","IE","IT","LV","LT","LU","MY","MT","MX","NL","NZ","NI","NO","PA","PY","PE","PH","PL","PT","SG","SK","ES","SE","CH","TW","TR","UY","US","GB","AD","LI","MC","ID","JP","TH","VN","RO","IL","ZA","SA","AE","BH","QA","OM","KW","EG","MA","DZ","TN","LB","JO","PS","IN","BY","KZ","MD","UA","AL","BA","HR","ME","MK","RS","SI","KR","BD","PK","LK","GH","KE","NG","TZ","UG","AG","AM","BS","BB","BZ","BT","BW","BF","CV","CW","DM","FJ","GM","GE","GD","GW","GY","HT","JM","KI","LS","LR","MW","MV","ML","MH","FM","NA","NR","NE","PW","PG","PR","WS","SM","ST","SN","SC","SL","SB","KN","LC","VC","SR","TL","TO","TT","TV","VU","AZ","BN","BI","KH","CM","TD","KM","GQ","SZ","GA","GN","KG","LA","MO","MR","MN","NP","RW","TG","UZ","ZW","BJ","MG","MU","MZ","AO","CI","DJ","ZM","CD","CG","IQ","LY","TJ","VE","ET","XK"],"disc_number":1,"duration_ms":201800,"explicit":false,"external_urls":{"spotify":"https://open.spotify.com/track/098ttCNmncrO4YvqWUNMvn"},"href":"https://api.spotify.com/v1/tracks/098ttCNmncrO4YvqWUNMvn","id":"098ttCNmncrO4YvqWUNMvn","name":"High Life","preview_url":null,"track_number":8,"type":"track","uri":"spotify:track:098ttCNmncrO4YvqWUNMvn","is_local":false},{"artists":[{"external_urls":{"spotify":"https://open.spotify.com/artist/4tZwfgrHOc3mvqYlEYSvVi"},"href":"https://api.spotify.com/v1/artists/4tZwfgrHOc3mvqYlEYSvVi","id":"4tZwfgrHOc3mvqYlEYSvVi","name":"Daft Punk","type":"artist","uri":"spotify:artist:4tZwfgrHOc3mvqYlEYSvVi"}],"available_markets":["AR","AU","AT","BE","BO","BR","BG","CA","CL","CO","CR","CY","CZ","DK","DO","DE","EC","EE","SV","FI","FR","GR","GT","HN","HK","HU","IS","IE","IT","LV","LT","LU","MY","MT","MX","NL","NZ","NI","NO","PA","PY","PE","PH","PL","PT","SG","SK","ES","SE","CH","TW","TR","UY","US","GB","AD","LI","MC","ID","JP","TH","VN","RO","IL","ZA","SA","AE","BH","QA","OM","KW","EG","MA","DZ","TN","LB","JO","PS","IN","BY","KZ","MD","UA","AL","BA","HR","ME","MK","RS","SI","KR","BD","PK","LK","GH","KE","NG","TZ","UG","AG","AM","BS","BB","BZ","BT","BW","BF","CV","CW","DM","FJ","GM","GE","GD","GW","GY","HT","JM","KI","LS","LR","MW","MV","ML","MH","FM","NA","NR","NE","PW","PG","PR","WS","SM","ST","SN","SC","SL","SB","KN","LC","VC","SR","TL","TO","TT","TV","VU","AZ","BN","BI","KH","CM","TD","KM","GQ","SZ","GA","GN","KG","LA","MO","MR","MN","NP","RW","TG","UZ","ZW","BJ","MG","MU","MZ","AO","CI","DJ","ZM","CD","CG","IQ","LY","TJ","VE","ET","XK"],"disc_number":1,"duration_ms":232666,"explicit":false,"external_urls":{"spotify":"https://open.spotify.com/track/1NeLwFETswx8Fzxl2AFl91"},"href":"https://api.spotify.com/v1/tracks/1NeLwFETswx8Fzxl2AFl91","id":"1NeLwFETswx8Fzxl2AFl91","name":"Something About Us","preview_url":null,"track_number":9,"type":"track","uri":"spotify:track:1NeLwFETswx8Fzxl2AFl91","is_local":false},{"artists":[{"external_urls":{"spotify":"https://open.spotify.com/artist/4tZwfgrHOc3mvqYlEYSvVi"},"href":"https://api.spotify.com/v1/artists/4tZwfgrHOc3mvqYlEYSvVi","id":"4tZwfgrHOc3mvqYlEYSvVi","name":"Daft Punk","type":"artist","uri":"spotify:artist:4tZwfgrHOc3mvqYlEYSvVi"}],"available_markets":["AR","AU","AT","BE","BO","BR","BG","CA","CL","CO","CR","CY","CZ","DK","DO","DE","EC","EE","SV","FI","FR","GR","GT","HN","HK","HU","IS","IE","IT","LV","LT","LU","MY","MT","MX","NL","NZ","NI","NO","PA","PY","PE","PH","PL","PT","SG","SK","ES","SE","CH","TW","TR","UY","US","GB","AD","LI","MC","ID","JP","TH","VN","RO","IL","ZA","SA","AE","BH","QA","OM","KW","EG","MA","DZ","TN","LB","JO","PS","IN","BY","KZ","MD","UA","AL","BA","HR","ME","MK","RS","SI","KR","BD","PK","LK","GH","KE","NG","TZ","UG","AG","AM","BS","BB","BZ","BT","BW","BF","CV","CW","DM","FJ","GM","GE","GD","GW","GY","HT","JM","KI","LS","LR","MW","MV","ML","MH","FM","NA","NR","NE","PW","PG","PR","WS","SM","ST","SN","SC","SL","SB","KN","LC","VC","SR","TL","TO","TT","TV","VU","AZ","BN","BI","KH","CM","TD","KM","GQ","SZ","GA","GN","KG","LA","MO","MR","MN","NP","RW","TG","UZ","ZW","BJ","MG","MU","MZ","AO","CI","DJ","ZM","CD","CG","IQ","LY","TJ","VE","ET","XK"],"disc_number":1,"duration_ms":227866,"explicit":false,"external_urls":{"spotify":"https://open.spotify.com/track/7cMFjxhbXBpOlais7KMF3j"},"href":"https://api.spotify.com/v1/tracks/7cMFjxhbXBpOlais7KMF3j","id":"7cMFjxhbXBpOlais7KMF3j","name":"Voyager","preview_url":null,"track_number":10,"type":"track","uri":"spotify:track:7cMFjxhbXBpOlais7KMF3j","is_local":false},{"artists":[{"external_urls":{"spotify":"https://open.spotify.com/artist/4tZwfgrHOc3mvqYlEYSvVi"},"href":"https://api.spotify.com/v1/artists/4tZwfgrHOc3mvqYlEYSvVi","id":"4tZwfgrHOc3mvqYlEYSvVi","name":"Daft Punk","type":"artist","uri":"spotify:artist:4tZwfgrHOc3mvqYlEYSvVi"}],"available_markets":["AR","AU","AT","BE","BO","BR","BG","CA","CL","CO","CR","CY","CZ","DK","DO","DE","EC","EE","SV","FI","FR","GR","GT","HN","HK","HU","IS","IE","IT","LV","LT","LU","MY","MT","MX","NL","NZ","NI","NO","PA","PY","PE","PH","PL","PT","SG","SK","ES","SE","CH","TW","TR","UY","US","GB","AD","LI","MC","ID","JP","TH","VN","RO","IL","ZA","SA","AE","BH","QA","OM","KW","EG","MA","DZ","TN","LB","JO","PS","IN","BY","KZ","MD","UA","AL","BA","HR","ME","MK","RS","SI","KR","BD","PK","LK","GH","KE","NG","TZ","UG","AG","AM","BS","BB","BZ","BT","BW","BF","CV","CW","DM","FJ","GM","GE","GD","GW","GY","HT","JM","KI","LS","LR","MW","MV","ML","MH","FM","NA","NR","NE","PW","PG","PR","WS","SM","ST","SN","SC","SL","SB","KN","LC","VC","SR","TL","TO","TT","TV","VU","AZ","BN","BI","KH","CM","TD","KM","GQ","SZ","GA","GN","KG","LA","MO","MR","MN","NP","RW","TG","UZ","ZW","BJ","MG","MU","MZ","AO","CI","DJ","ZM","CD","CG","IQ","LY","TJ","VE","ET","XK"],"disc_number":1,"duration_ms":345186,"explicit":false,"external_urls":{"spotify":"https://open.spotify.com/track/2LD2gT7gwAurzdQDQtILds"},"href":"https://api.spotify.com/v1/tracks/2LD2gT7gwAurzdQDQtILds","id":"2LD2gT7gwAurzdQDQtILds","name":"Veridis Quo","preview_url":null,"track_number":11,"type":"track","uri":"spotify:track:2LD2gT7gwAurzdQDQtILds","is_local":false},{"artists":[{"external_urls":{"spotify":"https://open.spotify.com/artist/4tZwfgrHOc3mvqYlEYSvVi"},"href":"https://api.spotify.com/v1/artists/4tZwfgrHOc3mvqYlEYSvVi","id":"4tZwfgrHOc3mvqYlEYSvVi","name":"Daft Punk","type":"artist","uri":"spotify:artist:4tZwfgrHOc3mvqYlEYSvVi"}],"available_markets":["AR","AU","AT","BE","BO","BR","BG","CA","CL","CO","CR","CY","CZ","DK","DO","DE","EC","EE","SV","FI","FR","GR","GT","HN","HK","HU","IS","IE","IT","LV","LT","LU","MY","MT","MX","NL","NZ","NI","NO","PA","PY","PE","PH","PL","PT","SG","SK","ES","SE","CH","TW","TR","UY","US","GB","AD","LI","MC","ID","JP","TH","VN","RO","IL","ZA","SA","AE","BH","QA","OM","KW","EG","MA","DZ","TN","LB","JO","PS","IN","BY","KZ","MD","UA","AL","BA","HR","ME","MK","RS","SI","KR","BD","PK","LK","GH","KE","NG","TZ","UG","AG","AM","BS","BB","BZ","BT","BW","BF","CV","CW","DM","FJ","GM","GE","GD","GW","GY","HT","JM","KI","LS","LR","MW","MV","ML","MH","FM","NA","NR","NE","PW","PG","PR","WS","SM","ST","SN","SC","SL","SB","KN","LC","VC","SR","TL","TO","TT","TV","VU","AZ","BN","BI","KH","CM","TD","KM","GQ","SZ","GA","GN","KG","LA","MO","MR","MN","NP","RW","TG","UZ","ZW","BJ","MG","MU","MZ","AO","CI","DJ","ZM","CD","CG","IQ","LY","TJ","VE","ET","XK"],"disc_number":1,"duration_ms":206866,"explicit":false,"external_urls":{"spotify":"https://open.spotify.com/track/4npMbTuxrUA3Wd7edACZ2L"},"href":"https://api.spotify.com/v1/tracks/4npMbTuxrUA3Wd7edACZ2L","id":"4npMbTuxrUA3Wd7edACZ2L","name":"Short Circuit","preview_url":null,"track_number":12,"type":"track","uri":"spotify:track:4npMbTuxrUA3Wd7edACZ2L","is_local":false},{"artists":[{"external_urls":{"spotify":"https://open.spotify.com/artist/4tZwfgrHOc3mvqYlEYSvVi"},"href":"https://api.spotify.com/v1/artists/4tZwfgrHOc3mvqYlEYSvVi","id":"4tZwfgrHOc3mvqYlEYSvVi","name":"Daft Punk","type":"artist","uri":"spotify:artist:4tZwfgrHOc3mvqYlEYSvVi"}],"available_markets":["AR","AU","AT","BE","BO","BR","BG","CA","CL","CO","CR","CY","CZ","DK","DO","DE","EC","EE","SV","FI","FR","GR","GT","HN","HK","HU","IS","IE","IT","LV","LT","LU","MY","MT","MX","NL","NZ","NI","NO","PA","PY","PE","PH","PL","PT","SG","SK","ES","SE","CH","TW","TR","UY","US","GB","AD","LI","MC","ID","JP","TH","VN","RO","IL","ZA","SA","AE","BH","QA","OM","KW","EG","MA","DZ","TN","LB","JO","PS","IN","BY","KZ","MD","UA","AL","BA","HR","ME","MK","RS","SI","KR","BD","PK","LK","GH","KE","NG","TZ","UG","AG","AM","BS","BB","BZ","BT","BW","BF","CV","CW","DM","FJ","GM","GE","GD","GW","GY","HT","JM","KI","LS","LR","MW","MV","ML","MH","FM","NA","NR","NE","PW","PG","PR","WS","SM","ST","SN","SC","SL","SB","KN","LC","VC","SR","TL","TO","TT","TV","VU","AZ","BN","BI","KH","CM","TD","KM","GQ","SZ","GA","GN","KG","LA","MO","MR","MN","NP","RW","TG","UZ","ZW","BJ","MG","MU","MZ","AO","CI","DJ","ZM","CD","CG","IQ","LY","TJ","VE","ET","XK"],"disc_number":1,"duration_ms":240173,"explicit":false,"external_urls":{"spotify":"https://open.spotify.com/track/7v9Q0dAb9t7h8gJOkcJHay"},"href":"https://api.spotify.com/v1/tracks/7v9Q0dAb9t7h8gJOkcJHay","id":"7v9Q0dAb9t7h8gJOkcJHay","name":"Face to Face","preview_url":null,"track_number":13,"type":"track","uri":"spotify:track:7v9Q0dAb9t7h8gJOkcJHay","is_local":false},{"artists":[{"external_urls":{"spotify":"https://open.spotify.com/artist/4tZwfgrHOc3mvqYlEYSvVi"},"href":"https://api.spotify.com/v1/artists/4tZwfgrHOc3mvqYlEYSvVi","id":"4tZwfgrHOc3mvqYlEYSvVi","name":"Daft Punk","type":"artist","uri":"spotify:artist:4tZwfgrHOc3mvqYlEYSvVi"}],"available_markets":["AR","AU","AT","BE","BO","BR","BG","CA","CL","CO","CR","CY","CZ","DK","DO","DE","EC","EE","SV","FI","FR","GR","GT","HN","HK","HU","IS","IE","IT","LV","LT","LU","MY","MT","MX","NL","NZ","NI","NO","PA","PY","PE","PH","PL","PT","SG","SK","ES","SE","CH","TW","TR","UY","US","GB","AD","LI","MC","ID","JP","TH","VN","RO","IL","ZA","SA","AE","BH","QA","OM","KW","EG","MA","DZ","TN","LB","JO","PS","IN","BY","KZ","MD","UA","AL","BA","HR","ME","MK","RS","SI","KR","BD","PK","LK","GH","KE","NG","TZ","UG","AG","AM","BS","BB","BZ","BT","BW","BF","CV","CW","DM","FJ","GM","GE","GD","GW","GY","HT","JM","KI","LS","LR","MW","MV","ML","MH","FM","NA","NR","NE","PW","PG","PR","WS","SM","ST","SN","SC","SL","SB","KN","LC","VC","SR","TL","TO","TT","TV","VU","AZ","BN","BI","KH","CM","TD","KM","GQ","SZ","GA","GN","KG","LA","MO","MR","MN","NP","RW","TG","UZ","ZW","BJ","MG","MU","MZ","AO","CI","DJ","ZM","CD","CG","IQ","LY","TJ","VE","ET","XK"],"disc_number":1,"duration_ms":600293,"explicit":false,"external_urls":{"spotify":"https://open.spotify.com/track/3zMvotMEQK3xvH01vA9wAP"},"href":"https://api.spotify.com/v1/tracks/3zMvotMEQK3xvH01vA9wAP","id":"3zMvotMEQK3xvH01vA9wAP","name":"Too Long","preview_url":null,"track_number":14,"type":"track","uri":"spotify:track:3zMvotMEQK3xvH01vA9wAP","is_local":false}]},"copyrights":[{"text":"2001 Distributed exclusively by Warner Music France / ADA France, 2001 Daft Life Ltd.","type":"C"},{"text":"2001 Distributed exclusively by Warner Music France / ADA France, 2001 Daft Life Ltd.","type":"P"}],"external_ids":{"upc":"0724384960650"},"genres":[],"label":"Daft Life Ltd./ADA France","popularity":75}]}

at java.base/jdk.internal.reflect.NativeConstructorAccessorImpl.newInstance0(Native Method)
at java.base/jdk.internal.reflect.NativeConstructorAccessorImpl.newInstance(NativeConstructorAccessorImpl.java:77)
at java.base/jdk.internal.reflect.DelegatingConstructorAccessorImpl.newInstance(DelegatingConstructorAccessorImpl.java:45)
at java.base/java.lang.reflect.Constructor.newInstanceWithCaller(Constructor.java:499)
at java.base/java.lang.reflect.Constructor.newInstance(Constructor.java:480)
at org.codehaus.groovy.reflection.CachedConstructor.invoke(CachedConstructor.java:73)
at org.codehaus.groovy.runtime.callsite.ConstructorSite$ConstructorSiteNoUnwrapNoCoerce.callConstructor(ConstructorSite.java:108)
at org.codehaus.groovy.runtime.callsite.CallSiteArray.defaultCallConstructor(CallSiteArray.java:57)
at org.codehaus.groovy.runtime.callsite.AbstractCallSite.callConstructor(AbstractCallSite.java:263)
at org.codehaus.groovy.runtime.callsite.AbstractCallSite.callConstructor(AbstractCallSite.java:277)
at io.restassured.internal.ResponseSpecificationImpl$HamcrestAssertionClosure.validate(ResponseSpecificationImpl.groovy:512)
at io.restassured.internal.ResponseSpecificationImpl$HamcrestAssertionClosure$validate$1.call(Unknown Source)
at org.codehaus.groovy.runtime.callsite.CallSiteArray.defaultCall(CallSiteArray.java:45)
at org.codehaus.groovy.runtime.callsite.AbstractCallSite.call(AbstractCallSite.java:125)
at org.codehaus.groovy.runtime.callsite.AbstractCallSite.call(AbstractCallSite.java:139)
at io.restassured.internal.ResponseSpecificationImpl.validateResponseIfRequired(ResponseSpecificationImpl.groovy:696)
at io.restassured.internal.ResponseSpecificationImpl.this$2$validateResponseIfRequired(ResponseSpecificationImpl.groovy)
at java.base/jdk.internal.reflect.NativeMethodAccessorImpl.invoke0(Native Method)
at java.base/jdk.internal.reflect.NativeMethodAccessorImpl.invoke(NativeMethodAccessorImpl.java:77)
at java.base/jdk.internal.reflect.DelegatingMethodAccessorImpl.invoke(DelegatingMethodAccessorImpl.java:43)
at java.base/java.lang.reflect.Method.invoke(Method.java:568)
at org.codehaus.groovy.runtime.callsite.PlainObjectMetaMethodSite.doInvoke(PlainObjectMetaMethodSite.java:43)
at org.codehaus.groovy.runtime.callsite.PogoMetaMethodSite$PogoCachedMethodSiteNoUnwrapNoCoerce.invoke(PogoMetaMethodSite.java:198)
at org.codehaus.groovy.runtime.callsite.PogoMetaMethodSite.callCurrent(PogoMetaMethodSite.java:62)
at org.codehaus.groovy.runtime.callsite.CallSiteArray.defaultCallCurrent(CallSiteArray.java:49)
at org.codehaus.groovy.runtime.callsite.AbstractCallSite.callCurrent(AbstractCallSite.java:171)
at org.codehaus.groovy.runtime.callsite.AbstractCallSite.callCurrent(AbstractCallSite.java:185)
at io.restassured.internal.ResponseSpecificationImpl.body(ResponseSpecificationImpl.groovy:107)
at io.restassured.internal.ValidatableResponseOptionsImpl.body(ValidatableResponseOptionsImpl.java:238)
at api.tests.AlbumsTests.validateSeveralAlbumSchema(AlbumsTests.java:132)
at java.base/jdk.internal.reflect.NativeMethodAccessorImpl.invoke0(Native Method)
at java.base/jdk.internal.reflect.NativeMethodAccessorImpl.invoke(NativeMethodAccessorImpl.java:77)
at java.base/jdk.internal.reflect.DelegatingMethodAccessorImpl.invoke(DelegatingMethodAccessorImpl.java:43)
at java.base/java.lang.reflect.Method.invoke(Method.java:568)
at org.testng.internal.invokers.MethodInvocationHelper.invokeMethod(MethodInvocationHelper.java:141)
at org.testng.internal.invokers.TestInvoker.invokeMethod(TestInvoker.java:686)
at org.testng.internal.invokers.TestInvoker.invokeTestMethod(TestInvoker.java:230)
at org.testng.internal.invokers.MethodRunner.runInSequence(MethodRunner.java:63)
at org.testng.internal.invokers.TestInvoker$MethodInvocationAgent.invoke(TestInvoker.java:992)
at org.testng.internal.invokers.TestInvoker.invokeTestMethods(TestInvoker.java:203)
at org.testng.internal.invokers.TestMethodWorker.invokeTestMethods(TestMethodWorker.java:154)
at org.testng.internal.invokers.TestMethodWorker.run(TestMethodWorker.java:134)
at java.base/java.util.ArrayList.forEach(ArrayList.java:1511)
at org.testng.TestRunner.privateRun(TestRunner.java:739)
at org.testng.TestRunner.run(TestRunner.java:614)
at org.testng.SuiteRunner.runTest(SuiteRunner.java:421)
at org.testng.SuiteRunner.runSequentially(SuiteRunner.java:413)
at org.testng.SuiteRunner.privateRun(SuiteRunner.java:373)
at org.testng.SuiteRunner.run(SuiteRunner.java:312)
at org.testng.SuiteRunnerWorker.runSuite(SuiteRunnerWorker.java:52)
at org.testng.SuiteRunnerWorker.run(SuiteRunnerWorker.java:95)
at org.testng.TestNG.runSuitesSequentially(TestNG.java:1274)
at org.testng.TestNG.runSuitesLocally(TestNG.java:1208)
at org.testng.TestNG.runSuites(TestNG.java:1112)
at org.testng.TestNG.run(TestNG.java:1079)
at org.testng.remote.AbstractRemoteTestNG.run(AbstractRemoteTestNG.java:115)
at org.testng.remote.RemoteTestNG.initAndRun(RemoteTestNG.java:293)
at org.testng.remote.RemoteTestNG.main(RemoteTestNG.java:91)
]]>
    </failure>
  </testcase> <!-- validateSeveralAlbumSchema -->
  <testcase classname="api.tests.AlbumsTests" name="getSevevralAlbumsWithOutAuth" time="0.0">
    <ignored/>
  </testcase> <!-- getSevevralAlbumsWithOutAuth -->
  <testcase classname="api.tests.AlbumsTests" name="getSevevralAlbumsWithInvalidId" time="0.0">
    <ignored/>
  </testcase> <!-- getSevevralAlbumsWithInvalidId -->
  <testcase classname="api.tests.AlbumsTests" name="getSevevralAlbumsWithEmptyAuth" time="0.0">
    <ignored/>
  </testcase> <!-- getSevevralAlbumsWithEmptyAuth -->
  <testcase classname="api.tests.AlbumsTests" name="getAlbumsUnauthorized" time="0.0">
    <ignored/>
  </testcase> <!-- getAlbumsUnauthorized -->
  <testcase classname="api.tests.AlbumsTests" name="getSevevralAlbums" time="0.0">
    <ignored/>
  </testcase> <!-- getSevevralAlbums -->
  <testcase classname="api.tests.AlbumsTests" name="getAlbums" time="0.0">
    <ignored/>
  </testcase> <!-- getAlbums -->
</testsuite> <!-- Default test -->
