<?xml version="1.0" encoding="UTF-8"?>
<!-- Generated by org.testng.reporters.JUnitXMLReporter -->
<testsuite ignored="2" hostname="ASHKOL" failures="0" tests="1" name="Default test" time="1.543" errors="0" timestamp="2025-09-04T17:01:16 IST">
  <testcase classname="api.tests.AlbumsTests" name="getSevevralAlbums" time="1.494"/>
  <testcase classname="api.tests.AlbumsTests" name="getAlbums" time="0.0">
    <ignored/>
  </testcase> <!-- getAlbums -->
  <testcase classname="api.tests.AlbumsTests" name="getAlbumsUnauthorized" time="0.0">
    <ignored/>
  </testcase> <!-- getAlbumsUnauthorized -->
</testsuite> <!-- Default test -->
