<?xml version="1.0" encoding="UTF-8"?>
<!-- Generated by org.testng.reporters.JUnitReportReporter -->
<testsuite hostname="ASHKOL" failures="1" tests="1" name="api.tests.AlbumsTests" time="2.053" errors="0" timestamp="2025-09-08T17:16:53 IST" skipped="0">
  <testcase classname="api.tests.AlbumsTests" name="validateSeveralAlbumSchema" time="2.053">
    <failure message="1 expectation failed.
Response body doesn&#039;t match expectation.
Expected: The content to match the given JSON schema.
error: object has missing required properties ([&quot;is_playable&quot;])
    level: &quot;error&quot;
    schema: {&quot;loadingURI&quot;:&quot;file:/D:/Ecllipse/spotify_V1/target/classes/schemas/severalalbums.json#&quot;,&quot;pointer&quot;:&quot;/properties/albums/items/properties/tracks/properties/items/items&quot;}
    instance: {&quot;pointer&quot;:&quot;/albums/0/tracks/items/0&quot;}
    domain: &quot;validation&quot;
    keyword: &quot;required&quot;
    required: [&quot;artists&quot;,&quot;available_markets&quot;,&quot;disc_number&quot;,&quot;duration_ms&quot;,&quot;explicit&quot;,&quot;external_urls&quot;,&quot;href&quot;,&quot;id&quot;,&quot;is_local&quot;,&quot;is_playable&quot;,&quot;name&quot;,&quot;track_number&quot;,&quot;type&quot;,&quot;uri&quot;]
    missing: [&quot;is_playable&quot;]
error: object has missing required properties ([&quot;is_playable&quot;])
    level: &quot;error&quot;
    schema: {&quot;loadingURI&quot;:&quot;file:/D:/Ecllipse/spotify_V1/target/classes/schemas/severalalbums.json#&quot;,&quot;pointer&quot;:&quot;/properties/albums/items/properties/tracks/properties/items/items&quot;}
    instance: {&quot;pointer&quot;:&quot;/albums/0/tracks/items/1&quot;}
    domain: &quot;validation&quot;
    keyword: &quot;required&quot;
    required: [&quot;artists&quot;,&quot;available_markets&quot;,&quot;disc_number&quot;,&quot;duration_ms&quot;,&quot;explicit&quot;,&quot;external_urls&quot;,&quot;href&quot;,&quot;id&quot;,&quot;is_local&quot;,&quot;is_playable&quot;,&quot;name&quot;,&quot;track_number&quot;,&quot;type&quot;,&quot;uri&quot;]
    missing: [&quot;is_playable&quot;]
error: object has missing required properties ([&quot;is_playable&quot;])
    level: &quot;error&quot;
    schema: {&quot;loadingURI&quot;:&quot;file:/D:/Ecllipse/spotify_V1/target/classes/schemas/severalalbums.json#&quot;,&quot;pointer&quot;:&quot;/properties/albums/items/properties/tracks/properties/items/items&quot;}
    instance: {&quot;pointer&quot;:&quot;/albums/0/tracks/items/2&quot;}
    domain: &quot;validation&quot;
    keyword: &quot;required&quot;
    required: [&quot;artists&quot;,&quot;available_markets&quot;,&quot;disc_number&quot;,&quot;duration_ms&quot;,&quot;explicit&quot;,&quot;external_urls&quot;,&quot;href&quot;,&quot;id&quot;,&quot;is_local&quot;,&quot;is_playable&quot;,&quot;name&quot;,&quot;track_number&quot;,&quot;type&quot;,&quot;uri&quot;]
    missing: [&quot;is_playable&quot;]
error: object has missing required properties ([&quot;is_playable&quot;])
    level: &quot;error&quot;
    schema: {&quot;loadingURI&quot;:&quot;file:/D:/Ecllipse/spotify_V1/target/classes/schemas/severalalbums.json#&quot;,&quot;pointer&quot;:&quot;/properties/albums/items/properties/tracks/properties/items/items&quot;}
    instance: {&quot;pointer&quot;:&quot;/albums/0/tracks/items/3&quot;}
    domain: &quot;validation&quot;
    keyword: &quot;required&quot;
    required: [&quot;artists&quot;,&quot;available_markets&quot;,&quot;disc_number&quot;,&quot;duration_ms&quot;,&quot;explicit&quot;,&quot;external_urls&quot;,&quot;href&quot;,&quot;id&quot;,&quot;is_local&quot;,&quot;is_playable&quot;,&quot;name&quot;,&quot;track_number&quot;,&quot;type&quot;,&quot;uri&quot;]
    missing: [&quot;is_playable&quot;]
error: object has missing required properties ([&quot;is_playable&quot;])
    level: &quot;error&quot;
    schema: {&quot;loadingURI&quot;:&quot;file:/D:/Ecllipse/spotify_V1/target/classes/schemas/severalalbums.json#&quot;,&quot;pointer&quot;:&quot;/properties/albums/items/properties/tracks/properties/items/items&quot;}
    instance: {&quot;pointer&quot;:&quot;/albums/0/tracks/items/4&quot;}
    domain: &quot;validation&quot;
    keyword: &quot;required&quot;
    required: [&quot;artists&quot;,&quot;available_markets&quot;,&quot;disc_number&quot;,&quot;duration_ms&quot;,&quot;explicit&quot;,&quot;external_urls&quot;,&quot;href&quot;,&quot;id&quot;,&quot;is_local&quot;,&quot;is_playable&quot;,&quot;name&quot;,&quot;track_number&quot;,&quot;type&quot;,&quot;uri&quot;]
    missing: [&quot;is_playable&quot;]
error: object has missing required properties ([&quot;is_playable&quot;])
    level: &quot;error&quot;
    schema: {&quot;loadingURI&quot;:&quot;file:/D:/Ecllipse/spotify_V1/target/classes/schemas/severalalbums.json#&quot;,&quot;pointer&quot;:&quot;/properties/albums/items/properties/tracks/properties/items/items&quot;}
    instance: {&quot;pointer&quot;:&quot;/albums/0/tracks/items/5&quot;}
    domain: &quot;validation&quot;
    keyword: &quot;required&quot;
    required: [&quot;artists&quot;,&quot;available_markets&quot;,&quot;disc_number&quot;,&quot;duration_ms&quot;,&quot;explicit&quot;,&quot;external_urls&quot;,&quot;href&quot;,&quot;id&quot;,&quot;is_local&quot;,&quot;is_playable&quot;,&quot;name&quot;,&quot;track_number&quot;,&quot;type&quot;,&quot;uri&quot;]
    missing: [&quot;is_playable&quot;]
error: object has missing required properties ([&quot;is_playable&quot;])
    level: &quot;error&quot;
    schema: {&quot;loadingURI&quot;:&quot;file:/D:/Ecllipse/spotify_V1/target/classes/schemas/severalalbums.json#&quot;,&quot;pointer&quot;:&quot;/properties/albums/items/properties/tracks/properties/items/items&quot;}
    instance: {&quot;pointer&quot;:&quot;/albums/0/tracks/items/6&quot;}
    domain: &quot;validation&quot;
    keyword: &quot;required&quot;
    required: [&quot;artists&quot;,&quot;available_markets&quot;,&quot;disc_number&quot;,&quot;duration_ms&quot;,&quot;explicit&quot;,&quot;external_urls&quot;,&quot;href&quot;,&quot;id&quot;,&quot;is_local&quot;,&quot;is_playable&quot;,&quot;name&quot;,&quot;track_number&quot;,&quot;type&quot;,&quot;uri&quot;]
    missing: [&quot;is_playable&quot;]
error: object has missing required properties ([&quot;is_playable&quot;])
    level: &quot;error&quot;
    schema: {&quot;loadingURI&quot;:&quot;file:/D:/Ecllipse/spotify_V1/target/classes/schemas/severalalbums.json#&quot;,&quot;pointer&quot;:&quot;/properties/albums/items/properties/tracks/properties/items/items&quot;}
    instance: {&quot;pointer&quot;:&quot;/albums/0/tracks/items/7&quot;}
    domain: &quot;validation&quot;
    keyword: &quot;required&quot;
    required: [&quot;artists&quot;,&quot;available_markets&quot;,&quot;disc_number&quot;,&quot;duration_ms&quot;,&quot;explicit&quot;,&quot;external_urls&quot;,&quot;href&quot;,&quot;id&quot;,&quot;is_local&quot;,&quot;is_playable&quot;,&quot;name&quot;,&quot;track_number&quot;,&quot;type&quot;,&quot;uri&quot;]
    missing: [&quot;is_playable&quot;]
error: object has missing required properties ([&quot;is_playable&quot;])
    level: &quot;error&quot;
    schema: {&quot;loadingURI&quot;:&quot;file:/D:/Ecllipse/spotify_V1/target/classes/schemas/severalalbums.json#&quot;,&quot;pointer&quot;:&quot;/properties/albums/items/properties/tracks/properties/items/items&quot;}
    instance: {&quot;pointer&quot;:&quot;/albums/0/tracks/items/8&quot;}
    domain: &quot;validation&quot;
    keyword: &quot;required&quot;
    required: [&quot;artists&quot;,&quot;available_markets&quot;,&quot;disc_number&quot;,&quot;duration_ms&quot;,&quot;explicit&quot;,&quot;external_urls&quot;,&quot;href&quot;,&quot;id&quot;,&quot;is_local&quot;,&quot;is_playable&quot;,&quot;name&quot;,&quot;track_number&quot;,&quot;type&quot;,&quot;uri&quot;]
    missing: [&quot;is_playable&quot;]
error: object has missing required properties ([&quot;is_playable&quot;])
    level: &quot;error&quot;
    schema: {&quot;loadingURI&quot;:&quot;file:/D:/Ecllipse/spotify_V1/target/classes/schemas/severalalbums.json#&quot;,&quot;pointer&quot;:&quot;/properties/albums/items/properties/tracks/properties/items/items&quot;}
    instance: {&quot;pointer&quot;:&quot;/albums/0/tracks/items/9&quot;}
    domain: &quot;validation&quot;
    keyword: &quot;required&quot;
    required: [&quot;artists&quot;,&quot;available_markets&quot;,&quot;disc_number&quot;,&quot;duration_ms&quot;,&quot;explicit&quot;,&quot;external_urls&quot;,&quot;href&quot;,&quot;id&quot;,&quot;is_local&quot;,&quot;is_playable&quot;,&quot;name&quot;,&quot;track_number&quot;,&quot;type&quot;,&quot;uri&quot;]
    missing: [&quot;is_playable&quot;]
error: object has missing required properties ([&quot;is_playable&quot;])
    level: &quot;error&quot;
    schema: {&quot;loadingURI&quot;:&quot;file:/D:/Ecllipse/spotify_V1/target/classes/schemas/severalalbums.json#&quot;,&quot;pointer&quot;:&quot;/properties/albums/items/properties/tracks/properties/items/items&quot;}
    instance: {&quot;pointer&quot;:&quot;/albums/0/tracks/items/10&quot;}
    domain: &quot;validation&quot;
    keyword: &quot;required&quot;
    required: [&quot;artists&quot;,&quot;available_markets&quot;,&quot;disc_number&quot;,&quot;duration_ms&quot;,&quot;explicit&quot;,&quot;external_urls&quot;,&quot;href&quot;,&quot;id&quot;,&quot;is_local&quot;,&quot;is_playable&quot;,&quot;name&quot;,&quot;track_number&quot;,&quot;type&quot;,&quot;uri&quot;]
    missing: [&quot;is_playable&quot;]
error: object has missing required properties ([&quot;is_playable&quot;])
    level: &quot;error&quot;
    schema: {&quot;loadingURI&quot;:&quot;file:/D:/Ecllipse/spotify_V1/target/classes/schemas/severalalbums.json#&quot;,&quot;pointer&quot;:&quot;/properties/albums/items/properties/tracks/properties/items/items&quot;}
    instance: {&quot;pointer&quot;:&quot;/albums/0/tracks/items/11&quot;}
    domain: &quot;validation&quot;
    keyword: &quot;required&quot;
    required: [&quot;artists&quot;,&quot;available_markets&quot;,&quot;disc_number&quot;,&quot;duration_ms&quot;,&quot;explicit&quot;,&quot;external_urls&quot;,&quot;href&quot;,&quot;id&quot;,&quot;is_local&quot;,&quot;is_playable&quot;,&quot;name&quot;,&quot;track_number&quot;,&quot;type&quot;,&quot;uri&quot;]
    missing: [&quot;is_playable&quot;]
error: object has missing required properties ([&quot;is_playable&quot;])
    level: &quot;error&quot;
    schema: {&quot;loadingURI&quot;:&quot;file:/D:/Ecllipse/spotify_V1/target/classes/schemas/severalalbums.json#&quot;,&quot;pointer&quot;:&quot;/properties/albums/items/properties/tracks/properties/items/items&quot;}
    instance: {&quot;pointer&quot;:&quot;/albums/0/tracks/items/12&quot;}
    domain: &quot;validation&quot;
    keyword: &quot;required&quot;
    required: [&quot;artists&quot;,&quot;available_markets&quot;,&quot;disc_number&quot;,&quot;duration_ms&quot;,&quot;explicit&quot;,&quot;external_urls&quot;,&quot;href&quot;,&quot;id&quot;,&quot;is_local&quot;,&quot;is_playable&quot;,&quot;name&quot;,&quot;track_number&quot;,&quot;type&quot;,&quot;uri&quot;]
    missing: [&quot;is_playable&quot;]
error: object has missing required properties ([&quot;is_playable&quot;])
    level: &quot;error&quot;
    schema: {&quot;loadingURI&quot;:&quot;file:/D:/Ecllipse/spotify_V1/target/classes/schemas/severalalbums.json#&quot;,&quot;pointer&quot;:&quot;/properties/albums/items/properties/tracks/properties/items/items&quot;}
    instance: {&quot;pointer&quot;:&quot;/albums/0/tracks/items/13&quot;}
    domain: &quot;validation&quot;
    keyword: &quot;required&quot;
    required: [&quot;artists&quot;,&quot;available_markets&quot;,&quot;disc_number&quot;,&quot;duration_ms&quot;,&quot;explicit&quot;,&quot;external_urls&quot;,&quot;href&quot;,&quot;id&quot;,&quot;is_local&quot;,&quot;is_playable&quot;,&quot;name&quot;,&quot;track_number&quot;,&quot;type&quot;,&quot;uri&quot;]
    missing: [&quot;is_playable&quot;]
error: object has missing required properties ([&quot;is_playable&quot;])
    level: &quot;error&quot;
    schema: {&quot;loadingURI&quot;:&quot;file:/D:/Ecllipse/spotify_V1/target/classes/schemas/severalalbums.json#&quot;,&quot;pointer&quot;:&quot;/properties/albums/items/properties/tracks/properties/items/items&quot;}
    instance: {&quot;pointer&quot;:&quot;/albums/0/tracks/items/14&quot;}
    domain: &quot;validation&quot;
    keyword: &quot;required&quot;
    required: [&quot;artists&quot;,&quot;available_markets&quot;,&quot;disc_number&quot;,&quot;duration_ms&quot;,&quot;explicit&quot;,&quot;external_urls&quot;,&quot;href&quot;,&quot;id&quot;,&quot;is_local&quot;,&quot;is_playable&quot;,&quot;name&quot;,&quot;track_number&quot;,&quot;type&quot;,&quot;uri&quot;]
    missing: [&quot;is_playable&quot;]

  Actual: {&quot;albums&quot;:[{&quot;album_type&quot;:&quot;album&quot;,&quot;total_tracks&quot;:15,&quot;available_markets&quot;:[&quot;AR&quot;,&quot;AU&quot;,&quot;AT&quot;,&quot;BE&quot;,&quot;BO&quot;,&quot;BR&quot;,&quot;BG&quot;,&quot;CA&quot;,&quot;CL&quot;,&quot;CO&quot;,&quot;CR&quot;,&quot;CY&quot;,&quot;CZ&quot;,&quot;DK&quot;,&quot;DO&quot;,&quot;DE&quot;,&quot;EC&quot;,&quot;EE&quot;,&quot;SV&quot;,&quot;FI&quot;,&quot;FR&quot;,&quot;GR&quot;,&quot;GT&quot;,&quot;HN&quot;,&quot;HK&quot;,&quot;HU&quot;,&quot;IS&quot;,&quot;IE&quot;,&quot;IT&quot;,&quot;LV&quot;,&quot;LT&quot;,&quot;LU&quot;,&quot;MY&quot;,&quot;MT&quot;,&quot;MX&quot;,&quot;NL&quot;,&quot;NZ&quot;,&quot;NI&quot;,&quot;NO&quot;,&quot;PA&quot;,&quot;PY&quot;,&quot;PE&quot;,&quot;PH&quot;,&quot;PL&quot;,&quot;PT&quot;,&quot;SG&quot;,&quot;SK&quot;,&quot;ES&quot;,&quot;SE&quot;,&quot;CH&quot;,&quot;TW&quot;,&quot;TR&quot;,&quot;UY&quot;,&quot;US&quot;,&quot;GB&quot;,&quot;AD&quot;,&quot;LI&quot;,&quot;MC&quot;,&quot;ID&quot;,&quot;JP&quot;,&quot;TH&quot;,&quot;VN&quot;,&quot;RO&quot;,&quot;IL&quot;,&quot;ZA&quot;,&quot;SA&quot;,&quot;AE&quot;,&quot;BH&quot;,&quot;QA&quot;,&quot;OM&quot;,&quot;KW&quot;,&quot;EG&quot;,&quot;MA&quot;,&quot;DZ&quot;,&quot;TN&quot;,&quot;LB&quot;,&quot;JO&quot;,&quot;PS&quot;,&quot;IN&quot;,&quot;KZ&quot;,&quot;MD&quot;,&quot;UA&quot;,&quot;AL&quot;,&quot;BA&quot;,&quot;HR&quot;,&quot;ME&quot;,&quot;MK&quot;,&quot;RS&quot;,&quot;SI&quot;,&quot;KR&quot;,&quot;BD&quot;,&quot;PK&quot;,&quot;LK&quot;,&quot;GH&quot;,&quot;KE&quot;,&quot;NG&quot;,&quot;TZ&quot;,&quot;UG&quot;,&quot;AG&quot;,&quot;AM&quot;,&quot;BS&quot;,&quot;BB&quot;,&quot;BZ&quot;,&quot;BT&quot;,&quot;BW&quot;,&quot;BF&quot;,&quot;CV&quot;,&quot;CW&quot;,&quot;DM&quot;,&quot;FJ&quot;,&quot;GM&quot;,&quot;GE&quot;,&quot;GD&quot;,&quot;GW&quot;,&quot;GY&quot;,&quot;HT&quot;,&quot;JM&quot;,&quot;KI&quot;,&quot;LS&quot;,&quot;LR&quot;,&quot;MW&quot;,&quot;MV&quot;,&quot;ML&quot;,&quot;MH&quot;,&quot;FM&quot;,&quot;NA&quot;,&quot;NR&quot;,&quot;NE&quot;,&quot;PW&quot;,&quot;PG&quot;,&quot;WS&quot;,&quot;SM&quot;,&quot;ST&quot;,&quot;SN&quot;,&quot;SC&quot;,&quot;SL&quot;,&quot;SB&quot;,&quot;KN&quot;,&quot;LC&quot;,&quot;VC&quot;,&quot;SR&quot;,&quot;TL&quot;,&quot;TO&quot;,&quot;TT&quot;,&quot;TV&quot;,&quot;VU&quot;,&quot;AZ&quot;,&quot;BN&quot;,&quot;BI&quot;,&quot;KH&quot;,&quot;CM&quot;,&quot;TD&quot;,&quot;KM&quot;,&quot;GQ&quot;,&quot;SZ&quot;,&quot;GA&quot;,&quot;GN&quot;,&quot;KG&quot;,&quot;LA&quot;,&quot;MO&quot;,&quot;MR&quot;,&quot;MN&quot;,&quot;NP&quot;,&quot;RW&quot;,&quot;TG&quot;,&quot;UZ&quot;,&quot;ZW&quot;,&quot;BJ&quot;,&quot;MG&quot;,&quot;MU&quot;,&quot;MZ&quot;,&quot;AO&quot;,&quot;CI&quot;,&quot;DJ&quot;,&quot;ZM&quot;,&quot;CD&quot;,&quot;CG&quot;,&quot;IQ&quot;,&quot;LY&quot;,&quot;TJ&quot;,&quot;VE&quot;,&quot;ET&quot;,&quot;XK&quot;],&quot;external_urls&quot;:{&quot;spotify&quot;:&quot;https://open.spotify.com/album/382ObEPsp2rxGrnsizN5TX&quot;},&quot;href&quot;:&quot;https://api.spotify.com/v1/albums/382ObEPsp2rxGrnsizN5TX&quot;,&quot;id&quot;:&quot;382ObEPsp2rxGrnsizN5TX&quot;,&quot;images&quot;:[{&quot;url&quot;:&quot;https://i.scdn.co/image/ab67616d0000b27326597c053b38c9cf93f8f3a9&quot;,&quot;height&quot;:640,&quot;width&quot;:640},{&quot;url&quot;:&quot;https://i.scdn.co/image/ab67616d00001e0226597c053b38c9cf93f8f3a9&quot;,&quot;height&quot;:300,&quot;width&quot;:300},{&quot;url&quot;:&quot;https://i.scdn.co/image/ab67616d0000485126597c053b38c9cf93f8f3a9&quot;,&quot;height&quot;:64,&quot;width&quot;:64}],&quot;name&quot;:&quot;TRON: Legacy Reconfigured&quot;,&quot;release_date&quot;:&quot;2011-01-01&quot;,&quot;release_date_precision&quot;:&quot;day&quot;,&quot;type&quot;:&quot;album&quot;,&quot;uri&quot;:&quot;spotify:album:382ObEPsp2rxGrnsizN5TX&quot;,&quot;artists&quot;:[{&quot;external_urls&quot;:{&quot;spotify&quot;:&quot;https://open.spotify.com/artist/4tZwfgrHOc3mvqYlEYSvVi&quot;},&quot;href&quot;:&quot;https://api.spotify.com/v1/artists/4tZwfgrHOc3mvqYlEYSvVi&quot;,&quot;id&quot;:&quot;4tZwfgrHOc3mvqYlEYSvVi&quot;,&quot;name&quot;:&quot;Daft Punk&quot;,&quot;type&quot;:&quot;artist&quot;,&quot;uri&quot;:&quot;spotify:artist:4tZwfgrHOc3mvqYlEYSvVi&quot;}],&quot;tracks&quot;:{&quot;href&quot;:&quot;https://api.spotify.com/v1/albums/382ObEPsp2rxGrnsizN5TX/tracks?offset=0&amp;limit=50&quot;,&quot;limit&quot;:50,&quot;next&quot;:null,&quot;offset&quot;:0,&quot;previous&quot;:null,&quot;total&quot;:15,&quot;items&quot;:[{&quot;artists&quot;:[{&quot;external_urls&quot;:{&quot;spotify&quot;:&quot;https://open.spotify.com/artist/4tZwfgrHOc3mvqYlEYSvVi&quot;},&quot;href&quot;:&quot;https://api.spotify.com/v1/artists/4tZwfgrHOc3mvqYlEYSvVi&quot;,&quot;id&quot;:&quot;4tZwfgrHOc3mvqYlEYSvVi&quot;,&quot;name&quot;:&quot;Daft Punk&quot;,&quot;type&quot;:&quot;artist&quot;,&quot;uri&quot;:&quot;spotify:artist:4tZwfgrHOc3mvqYlEYSvVi&quot;},{&quot;external_urls&quot;:{&quot;spotify&quot;:&quot;https://open.spotify.com/artist/3a9qv6NLHnsVxJUtKOMHvD&quot;},&quot;href&quot;:&quot;https://api.spotify.com/v1/artists/3a9qv6NLHnsVxJUtKOMHvD&quot;,&quot;id&quot;:&quot;3a9qv6NLHnsVxJUtKOMHvD&quot;,&quot;name&quot;:&quot;The Glitch Mob&quot;,&quot;type&quot;:&quot;artist&quot;,&quot;uri&quot;:&quot;spotify:artist:3a9qv6NLHnsVxJUtKOMHvD&quot;}],&quot;available_markets&quot;:[&quot;AR&quot;,&quot;AU&quot;,&quot;AT&quot;,&quot;BE&quot;,&quot;BO&quot;,&quot;BR&quot;,&quot;BG&quot;,&quot;CA&quot;,&quot;CL&quot;,&quot;CO&quot;,&quot;CR&quot;,&quot;CY&quot;,&quot;CZ&quot;,&quot;DK&quot;,&quot;DO&quot;,&quot;DE&quot;,&quot;EC&quot;,&quot;EE&quot;,&quot;SV&quot;,&quot;FI&quot;,&quot;FR&quot;,&quot;GR&quot;,&quot;GT&quot;,&quot;HN&quot;,&quot;HK&quot;,&quot;HU&quot;,&quot;IS&quot;,&quot;IE&quot;,&quot;IT&quot;,&quot;LV&quot;,&quot;LT&quot;,&quot;LU&quot;,&quot;MY&quot;,&quot;MT&quot;,&quot;MX&quot;,&quot;NL&quot;,&quot;NZ&quot;,&quot;NI&quot;,&quot;NO&quot;,&quot;PA&quot;,&quot;PY&quot;,&quot;PE&quot;,&quot;PH&quot;,&quot;PL&quot;,&quot;PT&quot;,&quot;SG&quot;,&quot;SK&quot;,&quot;ES&quot;,&quot;SE&quot;,&quot;CH&quot;,&quot;TW&quot;,&quot;TR&quot;,&quot;UY&quot;,&quot;US&quot;,&quot;GB&quot;,&quot;AD&quot;,&quot;LI&quot;,&quot;MC&quot;,&quot;ID&quot;,&quot;JP&quot;,&quot;TH&quot;,&quot;VN&quot;,&quot;RO&quot;,&quot;IL&quot;,&quot;ZA&quot;,&quot;SA&quot;,&quot;AE&quot;,&quot;BH&quot;,&quot;QA&quot;,&quot;OM&quot;,&quot;KW&quot;,&quot;EG&quot;,&quot;MA&quot;,&quot;DZ&quot;,&quot;TN&quot;,&quot;LB&quot;,&quot;JO&quot;,&quot;PS&quot;,&quot;IN&quot;,&quot;KZ&quot;,&quot;MD&quot;,&quot;UA&quot;,&quot;AL&quot;,&quot;BA&quot;,&quot;HR&quot;,&quot;ME&quot;,&quot;MK&quot;,&quot;RS&quot;,&quot;SI&quot;,&quot;KR&quot;,&quot;BD&quot;,&quot;PK&quot;,&quot;LK&quot;,&quot;GH&quot;,&quot;KE&quot;,&quot;NG&quot;,&quot;TZ&quot;,&quot;UG&quot;,&quot;AG&quot;,&quot;AM&quot;,&quot;BS&quot;,&quot;BB&quot;,&quot;BZ&quot;,&quot;BT&quot;,&quot;BW&quot;,&quot;BF&quot;,&quot;CV&quot;,&quot;CW&quot;,&quot;DM&quot;,&quot;FJ&quot;,&quot;GM&quot;,&quot;GE&quot;,&quot;GD&quot;,&quot;GW&quot;,&quot;GY&quot;,&quot;HT&quot;,&quot;JM&quot;,&quot;KI&quot;,&quot;LS&quot;,&quot;LR&quot;,&quot;MW&quot;,&quot;MV&quot;,&quot;ML&quot;,&quot;MH&quot;,&quot;FM&quot;,&quot;NA&quot;,&quot;NR&quot;,&quot;NE&quot;,&quot;PW&quot;,&quot;PG&quot;,&quot;WS&quot;,&quot;SM&quot;,&quot;ST&quot;,&quot;SN&quot;,&quot;SC&quot;,&quot;SL&quot;,&quot;SB&quot;,&quot;KN&quot;,&quot;LC&quot;,&quot;VC&quot;,&quot;SR&quot;,&quot;TL&quot;,&quot;TO&quot;,&quot;TT&quot;,&quot;TV&quot;,&quot;VU&quot;,&quot;AZ&quot;,&quot;BN&quot;,&quot;BI&quot;,&quot;KH&quot;,&quot;CM&quot;,&quot;TD&quot;,&quot;KM&quot;,&quot;GQ&quot;,&quot;SZ&quot;,&quot;GA&quot;,&quot;GN&quot;,&quot;KG&quot;,&quot;LA&quot;,&quot;MO&quot;,&quot;MR&quot;,&quot;MN&quot;,&quot;NP&quot;,&quot;RW&quot;,&quot;TG&quot;,&quot;UZ&quot;,&quot;ZW&quot;,&quot;BJ&quot;,&quot;MG&quot;,&quot;MU&quot;,&quot;MZ&quot;,&quot;AO&quot;,&quot;CI&quot;,&quot;DJ&quot;,&quot;ZM&quot;,&quot;CD&quot;,&quot;CG&quot;,&quot;IQ&quot;,&quot;LY&quot;,&quot;TJ&quot;,&quot;VE&quot;,&quot;ET&quot;,&quot;XK&quot;],&quot;disc_number&quot;:1,&quot;duration_ms&quot;:262240,&quot;explicit&quot;:false,&quot;external_urls&quot;:{&quot;spotify&quot;:&quot;https://open.spotify.com/track/4lteJuSjb9Jt9W1W7PIU2U&quot;},&quot;href&quot;:&quot;https://api.spotify.com/v1/tracks/4lteJuSjb9Jt9W1W7PIU2U&quot;,&quot;id&quot;:&quot;4lteJuSjb9Jt9W1W7PIU2U&quot;,&quot;name&quot;:&quot;Derezzed - Remixed by The Glitch Mob&quot;,&quot;preview_url&quot;:null,&quot;track_number&quot;:1,&quot;type&quot;:&quot;track&quot;,&quot;uri&quot;:&quot;spotify:track:4lteJuSjb9Jt9W1W7PIU2U&quot;,&quot;is_local&quot;:false},{&quot;artists&quot;:[{&quot;external_urls&quot;:{&quot;spotify&quot;:&quot;https://open.spotify.com/artist/4tZwfgrHOc3mvqYlEYSvVi&quot;},&quot;href&quot;:&quot;https://api.spotify.com/v1/artists/4tZwfgrHOc3mvqYlEYSvVi&quot;,&quot;id&quot;:&quot;4tZwfgrHOc3mvqYlEYSvVi&quot;,&quot;name&quot;:&quot;Daft Punk&quot;,&quot;type&quot;:&quot;artist&quot;,&quot;uri&quot;:&quot;spotify:artist:4tZwfgrHOc3mvqYlEYSvVi&quot;},{&quot;external_urls&quot;:{&quot;spotify&quot;:&quot;https://open.spotify.com/artist/4CecgT3PfTiMzdO3pFCDNP&quot;},&quot;href&quot;:&quot;https://api.spotify.com/v1/artists/4CecgT3PfTiMzdO3pFCDNP&quot;,&quot;id&quot;:&quot;4CecgT3PfTiMzdO3pFCDNP&quot;,&quot;name&quot;:&quot;M83 VS Big Black Delta&quot;,&quot;type&quot;:&quot;artist&quot;,&quot;uri&quot;:&quot;spotify:artist:4CecgT3PfTiMzdO3pFCDNP&quot;},{&quot;external_urls&quot;:{&quot;spotify&quot;:&quot;https://open.spotify.com/artist/63MQldklfxkjYDoUE4Tppz&quot;},&quot;href&quot;:&quot;https://api.spotify.com/v1/artists/63MQldklfxkjYDoUE4Tppz&quot;,&quot;id&quot;:&quot;63MQldklfxkjYDoUE4Tppz&quot;,&quot;name&quot;:&quot;M83&quot;,&quot;type&quot;:&quot;artist&quot;,&quot;uri&quot;:&quot;spotify:artist:63MQldklfxkjYDoUE4Tppz&quot;},{&quot;external_urls&quot;:{&quot;spotify&quot;:&quot;https://open.spotify.com/artist/2TXpVEw5FbzDh93tLoDm0i&quot;},&quot;href&quot;:&quot;https://api.spotify.com/v1/artists/2TXpVEw5FbzDh93tLoDm0i&quot;,&quot;id&quot;:&quot;2TXpVEw5FbzDh93tLoDm0i&quot;,&quot;name&quot;:&quot;Big Black Delta&quot;,&quot;type&quot;:&quot;artist&quot;,&quot;uri&quot;:&quot;spotify:artist:2TXpVEw5FbzDh93tLoDm0i&quot;}],&quot;available_markets&quot;:[&quot;AR&quot;,&quot;AU&quot;,&quot;AT&quot;,&quot;BE&quot;,&quot;BO&quot;,&quot;BR&quot;,&quot;BG&quot;,&quot;CA&quot;,&quot;CL&quot;,&quot;CO&quot;,&quot;CR&quot;,&quot;CY&quot;,&quot;CZ&quot;,&quot;DK&quot;,&quot;DO&quot;,&quot;DE&quot;,&quot;EC&quot;,&quot;EE&quot;,&quot;SV&quot;,&quot;FI&quot;,&quot;FR&quot;,&quot;GR&quot;,&quot;GT&quot;,&quot;HN&quot;,&quot;HK&quot;,&quot;HU&quot;,&quot;IS&quot;,&quot;IE&quot;,&quot;IT&quot;,&quot;LV&quot;,&quot;LT&quot;,&quot;LU&quot;,&quot;MY&quot;,&quot;MT&quot;,&quot;MX&quot;,&quot;NL&quot;,&quot;NZ&quot;,&quot;NI&quot;,&quot;NO&quot;,&quot;PA&quot;,&quot;PY&quot;,&quot;PE&quot;,&quot;PH&quot;,&quot;PL&quot;,&quot;PT&quot;,&quot;SG&quot;,&quot;SK&quot;,&quot;ES&quot;,&quot;SE&quot;,&quot;CH&quot;,&quot;TW&quot;,&quot;TR&quot;,&quot;UY&quot;,&quot;US&quot;,&quot;GB&quot;,&quot;AD&quot;,&quot;LI&quot;,&quot;MC&quot;,&quot;ID&quot;,&quot;JP&quot;,&quot;TH&quot;,&quot;VN&quot;,&quot;RO&quot;,&quot;IL&quot;,&quot;ZA&quot;,&quot;SA&quot;,&quot;AE&quot;,&quot;BH&quot;,&quot;QA&quot;,&quot;OM&quot;,&quot;KW&quot;,&quot;EG&quot;,&quot;MA&quot;,&quot;DZ&quot;,&quot;TN&quot;,&quot;LB&quot;,&quot;JO&quot;,&quot;PS&quot;,&quot;IN&quot;,&quot;KZ&quot;,&quot;MD&quot;,&quot;UA&quot;,&quot;AL&quot;,&quot;BA&quot;,&quot;HR&quot;,&quot;ME&quot;,&quot;MK&quot;,&quot;RS&quot;,&quot;SI&quot;,&quot;KR&quot;,&quot;BD&quot;,&quot;PK&quot;,&quot;LK&quot;,&quot;GH&quot;,&quot;KE&quot;,&quot;NG&quot;,&quot;TZ&quot;,&quot;UG&quot;,&quot;AG&quot;,&quot;AM&quot;,&quot;BS&quot;,&quot;BB&quot;,&quot;BZ&quot;,&quot;BT&quot;,&quot;BW&quot;,&quot;BF&quot;,&quot;CV&quot;,&quot;CW&quot;,&quot;DM&quot;,&quot;FJ&quot;,&quot;GM&quot;,&quot;GE&quot;,&quot;GD&quot;,&quot;GW&quot;,&quot;GY&quot;,&quot;HT&quot;,&quot;JM&quot;,&quot;KI&quot;,&quot;LS&quot;,&quot;LR&quot;,&quot;MW&quot;,&quot;MV&quot;,&quot;ML&quot;,&quot;MH&quot;,&quot;FM&quot;,&quot;NA&quot;,&quot;NR&quot;,&quot;NE&quot;,&quot;PW&quot;,&quot;PG&quot;,&quot;WS&quot;,&quot;SM&quot;,&quot;ST&quot;,&quot;SN&quot;,&quot;SC&quot;,&quot;SL&quot;,&quot;SB&quot;,&quot;KN&quot;,&quot;LC&quot;,&quot;VC&quot;,&quot;SR&quot;,&quot;TL&quot;,&quot;TO&quot;,&quot;TT&quot;,&quot;TV&quot;,&quot;VU&quot;,&quot;AZ&quot;,&quot;BN&quot;,&quot;BI&quot;,&quot;KH&quot;,&quot;CM&quot;,&quot;TD&quot;,&quot;KM&quot;,&quot;GQ&quot;,&quot;SZ&quot;,&quot;GA&quot;,&quot;GN&quot;,&quot;KG&quot;,&quot;LA&quot;,&quot;MO&quot;,&quot;MR&quot;,&quot;MN&quot;,&quot;NP&quot;,&quot;RW&quot;,&quot;TG&quot;,&quot;UZ&quot;,&quot;ZW&quot;,&quot;BJ&quot;,&quot;MG&quot;,&quot;MU&quot;,&quot;MZ&quot;,&quot;AO&quot;,&quot;CI&quot;,&quot;DJ&quot;,&quot;ZM&quot;,&quot;CD&quot;,&quot;CG&quot;,&quot;IQ&quot;,&quot;LY&quot;,&quot;TJ&quot;,&quot;VE&quot;,&quot;ET&quot;,&quot;XK&quot;],&quot;disc_number&quot;:1,&quot;duration_ms&quot;:234986,&quot;explicit&quot;:false,&quot;external_urls&quot;:{&quot;spotify&quot;:&quot;https://open.spotify.com/track/66uVqkmHAc0MBUzoPhIypN&quot;},&quot;href&quot;:&quot;https://api.spotify.com/v1/tracks/66uVqkmHAc0MBUzoPhIypN&quot;,&quot;id&quot;:&quot;66uVqkmHAc0MBUzoPhIypN&quot;,&quot;name&quot;:&quot;Fall - Remixed by M83 VS Big Black Delta&quot;,&quot;preview_url&quot;:null,&quot;track_number&quot;:2,&quot;type&quot;:&quot;track&quot;,&quot;uri&quot;:&quot;spotify:track:66uVqkmHAc0MBUzoPhIypN&quot;,&quot;is_local&quot;:false},{&quot;artists&quot;:[{&quot;external_urls&quot;:{&quot;spotify&quot;:&quot;https://open.spotify.com/artist/4tZwfgrHOc3mvqYlEYSvVi&quot;},&quot;href&quot;:&quot;https://api.spotify.com/v1/artists/4tZwfgrHOc3mvqYlEYSvVi&quot;,&quot;id&quot;:&quot;4tZwfgrHOc3mvqYlEYSvVi&quot;,&quot;name&quot;:&quot;Daft Punk&quot;,&quot;type&quot;:&quot;artist&quot;,&quot;uri&quot;:&quot;spotify:artist:4tZwfgrHOc3mvqYlEYSvVi&quot;},{&quot;external_urls&quot;:{&quot;spotify&quot;:&quot;https://open.spotify.com/artist/5eKLa1xyHLq8ERWmT1CRHj&quot;},&quot;href&quot;:&quot;https://api.spotify.com/v1/artists/5eKLa1xyHLq8ERWmT1CRHj&quot;,&quot;id&quot;:&quot;5eKLa1xyHLq8ERWmT1CRHj&quot;,&quot;name&quot;:&quot;The Crystal Method&quot;,&quot;type&quot;:&quot;artist&quot;,&quot;uri&quot;:&quot;spotify:artist:5eKLa1xyHLq8ERWmT1CRHj&quot;}],&quot;available_markets&quot;:[&quot;AR&quot;,&quot;AU&quot;,&quot;AT&quot;,&quot;BE&quot;,&quot;BO&quot;,&quot;BR&quot;,&quot;BG&quot;,&quot;CA&quot;,&quot;CL&quot;,&quot;CO&quot;,&quot;CR&quot;,&quot;CY&quot;,&quot;CZ&quot;,&quot;DK&quot;,&quot;DO&quot;,&quot;DE&quot;,&quot;EC&quot;,&quot;EE&quot;,&quot;SV&quot;,&quot;FI&quot;,&quot;FR&quot;,&quot;GR&quot;,&quot;GT&quot;,&quot;HN&quot;,&quot;HK&quot;,&quot;HU&quot;,&quot;IS&quot;,&quot;IE&quot;,&quot;IT&quot;,&quot;LV&quot;,&quot;LT&quot;,&quot;LU&quot;,&quot;MY&quot;,&quot;MT&quot;,&quot;MX&quot;,&quot;NL&quot;,&quot;NZ&quot;,&quot;NI&quot;,&quot;NO&quot;,&quot;PA&quot;,&quot;PY&quot;,&quot;PE&quot;,&quot;PH&quot;,&quot;PL&quot;,&quot;PT&quot;,&quot;SG&quot;,&quot;SK&quot;,&quot;ES&quot;,&quot;SE&quot;,&quot;CH&quot;,&quot;TW&quot;,&quot;TR&quot;,&quot;UY&quot;,&quot;US&quot;,&quot;GB&quot;,&quot;AD&quot;,&quot;LI&quot;,&quot;MC&quot;,&quot;ID&quot;,&quot;JP&quot;,&quot;TH&quot;,&quot;VN&quot;,&quot;RO&quot;,&quot;IL&quot;,&quot;ZA&quot;,&quot;SA&quot;,&quot;AE&quot;,&quot;BH&quot;,&quot;QA&quot;,&quot;OM&quot;,&quot;KW&quot;,&quot;EG&quot;,&quot;MA&quot;,&quot;DZ&quot;,&quot;TN&quot;,&quot;LB&quot;,&quot;JO&quot;,&quot;PS&quot;,&quot;IN&quot;,&quot;KZ&quot;,&quot;MD&quot;,&quot;UA&quot;,&quot;AL&quot;,&quot;BA&quot;,&quot;HR&quot;,&quot;ME&quot;,&quot;MK&quot;,&quot;RS&quot;,&quot;SI&quot;,&quot;KR&quot;,&quot;BD&quot;,&quot;PK&quot;,&quot;LK&quot;,&quot;GH&quot;,&quot;KE&quot;,&quot;NG&quot;,&quot;TZ&quot;,&quot;UG&quot;,&quot;AG&quot;,&quot;AM&quot;,&quot;BS&quot;,&quot;BB&quot;,&quot;BZ&quot;,&quot;BT&quot;,&quot;BW&quot;,&quot;BF&quot;,&quot;CV&quot;,&quot;CW&quot;,&quot;DM&quot;,&quot;FJ&quot;,&quot;GM&quot;,&quot;GE&quot;,&quot;GD&quot;,&quot;GW&quot;,&quot;GY&quot;,&quot;HT&quot;,&quot;JM&quot;,&quot;KI&quot;,&quot;LS&quot;,&quot;LR&quot;,&quot;MW&quot;,&quot;MV&quot;,&quot;ML&quot;,&quot;MH&quot;,&quot;FM&quot;,&quot;NA&quot;,&quot;NR&quot;,&quot;NE&quot;,&quot;PW&quot;,&quot;PG&quot;,&quot;WS&quot;,&quot;SM&quot;,&quot;ST&quot;,&quot;SN&quot;,&quot;SC&quot;,&quot;SL&quot;,&quot;SB&quot;,&quot;KN&quot;,&quot;LC&quot;,&quot;VC&quot;,&quot;SR&quot;,&quot;TL&quot;,&quot;TO&quot;,&quot;TT&quot;,&quot;TV&quot;,&quot;VU&quot;,&quot;AZ&quot;,&quot;BN&quot;,&quot;BI&quot;,&quot;KH&quot;,&quot;CM&quot;,&quot;TD&quot;,&quot;KM&quot;,&quot;GQ&quot;,&quot;SZ&quot;,&quot;GA&quot;,&quot;GN&quot;,&quot;KG&quot;,&quot;LA&quot;,&quot;MO&quot;,&quot;MR&quot;,&quot;MN&quot;,&quot;NP&quot;,&quot;RW&quot;,&quot;TG&quot;,&quot;UZ&quot;,&quot;ZW&quot;,&quot;BJ&quot;,&quot;MG&quot;,&quot;MU&quot;,&quot;MZ&quot;,&quot;AO&quot;,&quot;CI&quot;,&quot;DJ&quot;,&quot;ZM&quot;,&quot;CD&quot;,&quot;CG&quot;,&quot;IQ&quot;,&quot;LY&quot;,&quot;TJ&quot;,&quot;VE&quot;,&quot;ET&quot;,&quot;XK&quot;],&quot;disc_number&quot;:1,&quot;duration_ms&quot;:267786,&quot;explicit&quot;:false,&quot;external_urls&quot;:{&quot;spotify&quot;:&quot;https://open.spotify.com/track/4OEnpg5ubhg6OQ4M2ZjtsL&quot;},&quot;href&quot;:&quot;https://api.spotify.com/v1/tracks/4OEnpg5ubhg6OQ4M2ZjtsL&quot;,&quot;id&quot;:&quot;4OEnpg5ubhg6OQ4M2ZjtsL&quot;,&quot;name&quot;:&quot;The Grid - Remixed by The Crystal Method&quot;,&quot;preview_url&quot;:null,&quot;track_number&quot;:3,&quot;type&quot;:&quot;track&quot;,&quot;uri&quot;:&quot;spotify:track:4OEnpg5ubhg6OQ4M2ZjtsL&quot;,&quot;is_local&quot;:false},{&quot;artists&quot;:[{&quot;external_urls&quot;:{&quot;spotify&quot;:&quot;https://open.spotify.com/artist/4tZwfgrHOc3mvqYlEYSvVi&quot;},&quot;href&quot;:&quot;https://api.spotify.com/v1/artists/4tZwfgrHOc3mvqYlEYSvVi&quot;,&quot;id&quot;:&quot;4tZwfgrHOc3mvqYlEYSvVi&quot;,&quot;name&quot;:&quot;Daft Punk&quot;,&quot;type&quot;:&quot;artist&quot;,&quot;uri&quot;:&quot;spotify:artist:4tZwfgrHOc3mvqYlEYSvVi&quot;},{&quot;external_urls&quot;:{&quot;spotify&quot;:&quot;https://open.spotify.com/artist/3gqv1kgivAc92KnUm4elKv&quot;},&quot;href&quot;:&quot;https://api.spotify.com/v1/artists/3gqv1kgivAc92KnUm4elKv&quot;,&quot;id&quot;:&quot;3gqv1kgivAc92KnUm4elKv&quot;,&quot;name&quot;:&quot;Teddybears&quot;,&quot;type&quot;:&quot;artist&quot;,&quot;uri&quot;:&quot;spotify:artist:3gqv1kgivAc92KnUm4elKv&quot;}],&quot;available_markets&quot;:[&quot;AR&quot;,&quot;AU&quot;,&quot;AT&quot;,&quot;BE&quot;,&quot;BO&quot;,&quot;BR&quot;,&quot;BG&quot;,&quot;CA&quot;,&quot;CL&quot;,&quot;CO&quot;,&quot;CR&quot;,&quot;CY&quot;,&quot;CZ&quot;,&quot;DK&quot;,&quot;DO&quot;,&quot;DE&quot;,&quot;EC&quot;,&quot;EE&quot;,&quot;SV&quot;,&quot;FI&quot;,&quot;FR&quot;,&quot;GR&quot;,&quot;GT&quot;,&quot;HN&quot;,&quot;HK&quot;,&quot;HU&quot;,&quot;IS&quot;,&quot;IE&quot;,&quot;IT&quot;,&quot;LV&quot;,&quot;LT&quot;,&quot;LU&quot;,&quot;MY&quot;,&quot;MT&quot;,&quot;MX&quot;,&quot;NL&quot;,&quot;NZ&quot;,&quot;NI&quot;,&quot;NO&quot;,&quot;PA&quot;,&quot;PY&quot;,&quot;PE&quot;,&quot;PH&quot;,&quot;PL&quot;,&quot;PT&quot;,&quot;SG&quot;,&quot;SK&quot;,&quot;ES&quot;,&quot;SE&quot;,&quot;CH&quot;,&quot;TW&quot;,&quot;TR&quot;,&quot;UY&quot;,&quot;US&quot;,&quot;GB&quot;,&quot;AD&quot;,&quot;LI&quot;,&quot;MC&quot;,&quot;ID&quot;,&quot;JP&quot;,&quot;TH&quot;,&quot;VN&quot;,&quot;RO&quot;,&quot;IL&quot;,&quot;ZA&quot;,&quot;SA&quot;,&quot;AE&quot;,&quot;BH&quot;,&quot;QA&quot;,&quot;OM&quot;,&quot;KW&quot;,&quot;EG&quot;,&quot;MA&quot;,&quot;DZ&quot;,&quot;TN&quot;,&quot;LB&quot;,&quot;JO&quot;,&quot;PS&quot;,&quot;IN&quot;,&quot;KZ&quot;,&quot;MD&quot;,&quot;UA&quot;,&quot;AL&quot;,&quot;BA&quot;,&quot;HR&quot;,&quot;ME&quot;,&quot;MK&quot;,&quot;RS&quot;,&quot;SI&quot;,&quot;KR&quot;,&quot;BD&quot;,&quot;PK&quot;,&quot;LK&quot;,&quot;GH&quot;,&quot;KE&quot;,&quot;NG&quot;,&quot;TZ&quot;,&quot;UG&quot;,&quot;AG&quot;,&quot;AM&quot;,&quot;BS&quot;,&quot;BB&quot;,&quot;BZ&quot;,&quot;BT&quot;,&quot;BW&quot;,&quot;BF&quot;,&quot;CV&quot;,&quot;CW&quot;,&quot;DM&quot;,&quot;FJ&quot;,&quot;GM&quot;,&quot;GE&quot;,&quot;GD&quot;,&quot;GW&quot;,&quot;GY&quot;,&quot;HT&quot;,&quot;JM&quot;,&quot;KI&quot;,&quot;LS&quot;,&quot;LR&quot;,&quot;MW&quot;,&quot;MV&quot;,&quot;ML&quot;,&quot;MH&quot;,&quot;FM&quot;,&quot;NA&quot;,&quot;NR&quot;,&quot;NE&quot;,&quot;PW&quot;,&quot;PG&quot;,&quot;WS&quot;,&quot;SM&quot;,&quot;ST&quot;,&quot;SN&quot;,&quot;SC&quot;,&quot;SL&quot;,&quot;SB&quot;,&quot;KN&quot;,&quot;LC&quot;,&quot;VC&quot;,&quot;SR&quot;,&quot;TL&quot;,&quot;TO&quot;,&quot;TT&quot;,&quot;TV&quot;,&quot;VU&quot;,&quot;AZ&quot;,&quot;BN&quot;,&quot;BI&quot;,&quot;KH&quot;,&quot;CM&quot;,&quot;TD&quot;,&quot;KM&quot;,&quot;GQ&quot;,&quot;SZ&quot;,&quot;GA&quot;,&quot;GN&quot;,&quot;KG&quot;,&quot;LA&quot;,&quot;MO&quot;,&quot;MR&quot;,&quot;MN&quot;,&quot;NP&quot;,&quot;RW&quot;,&quot;TG&quot;,&quot;UZ&quot;,&quot;ZW&quot;,&quot;BJ&quot;,&quot;MG&quot;,&quot;MU&quot;,&quot;MZ&quot;,&quot;AO&quot;,&quot;CI&quot;,&quot;DJ&quot;,&quot;ZM&quot;,&quot;CD&quot;,&quot;CG&quot;,&quot;IQ&quot;,&quot;LY&quot;,&quot;TJ&quot;,&quot;VE&quot;,&quot;ET&quot;,&quot;XK&quot;],&quot;disc_number&quot;:1,&quot;duration_ms&quot;:334346,&quot;explicit&quot;:false,&quot;external_urls&quot;:{&quot;spotify&quot;:&quot;https://open.spotify.com/track/2EyK6JBWqftJlxAuqd0Dsq&quot;},&quot;href&quot;:&quot;https://api.spotify.com/v1/tracks/2EyK6JBWqftJlxAuqd0Dsq&quot;,&quot;id&quot;:&quot;2EyK6JBWqftJlxAuqd0Dsq&quot;,&quot;name&quot;:&quot;Adagio for TRON - Remixed by Teddybears&quot;,&quot;preview_url&quot;:null,&quot;track_number&quot;:4,&quot;type&quot;:&quot;track&quot;,&quot;uri&quot;:&quot;spotify:track:2EyK6JBWqftJlxAuqd0Dsq&quot;,&quot;is_local&quot;:false},{&quot;artists&quot;:[{&quot;external_urls&quot;:{&quot;spotify&quot;:&quot;https://open.spotify.com/artist/4tZwfgrHOc3mvqYlEYSvVi&quot;},&quot;href&quot;:&quot;https://api.spotify.com/v1/artists/4tZwfgrHOc3mvqYlEYSvVi&quot;,&quot;id&quot;:&quot;4tZwfgrHOc3mvqYlEYSvVi&quot;,&quot;name&quot;:&quot;Daft Punk&quot;,&quot;type&quot;:&quot;artist&quot;,&quot;uri&quot;:&quot;spotify:artist:4tZwfgrHOc3mvqYlEYSvVi&quot;},{&quot;external_urls&quot;:{&quot;spotify&quot;:&quot;https://open.spotify.com/artist/1mB4aweE1XGdjbFVFC8i5m&quot;},&quot;href&quot;:&quot;https://api.spotify.com/v1/artists/1mB4aweE1XGdjbFVFC8i5m&quot;,&quot;id&quot;:&quot;1mB4aweE1XGdjbFVFC8i5m&quot;,&quot;name&quot;:&quot;Ki:Theory&quot;,&quot;type&quot;:&quot;artist&quot;,&quot;uri&quot;:&quot;spotify:artist:1mB4aweE1XGdjbFVFC8i5m&quot;}],&quot;available_markets&quot;:[&quot;AR&quot;,&quot;AU&quot;,&quot;AT&quot;,&quot;BE&quot;,&quot;BO&quot;,&quot;BR&quot;,&quot;BG&quot;,&quot;CA&quot;,&quot;CL&quot;,&quot;CO&quot;,&quot;CR&quot;,&quot;CY&quot;,&quot;CZ&quot;,&quot;DK&quot;,&quot;DO&quot;,&quot;DE&quot;,&quot;EC&quot;,&quot;EE&quot;,&quot;SV&quot;,&quot;FI&quot;,&quot;FR&quot;,&quot;GR&quot;,&quot;GT&quot;,&quot;HN&quot;,&quot;HK&quot;,&quot;HU&quot;,&quot;IS&quot;,&quot;IE&quot;,&quot;IT&quot;,&quot;LV&quot;,&quot;LT&quot;,&quot;LU&quot;,&quot;MY&quot;,&quot;MT&quot;,&quot;MX&quot;,&quot;NL&quot;,&quot;NZ&quot;,&quot;NI&quot;,&quot;NO&quot;,&quot;PA&quot;,&quot;PY&quot;,&quot;PE&quot;,&quot;PH&quot;,&quot;PL&quot;,&quot;PT&quot;,&quot;SG&quot;,&quot;SK&quot;,&quot;ES&quot;,&quot;SE&quot;,&quot;CH&quot;,&quot;TW&quot;,&quot;TR&quot;,&quot;UY&quot;,&quot;US&quot;,&quot;GB&quot;,&quot;AD&quot;,&quot;LI&quot;,&quot;MC&quot;,&quot;ID&quot;,&quot;JP&quot;,&quot;TH&quot;,&quot;VN&quot;,&quot;RO&quot;,&quot;IL&quot;,&quot;ZA&quot;,&quot;SA&quot;,&quot;AE&quot;,&quot;BH&quot;,&quot;QA&quot;,&quot;OM&quot;,&quot;KW&quot;,&quot;EG&quot;,&quot;MA&quot;,&quot;DZ&quot;,&quot;TN&quot;,&quot;LB&quot;,&quot;JO&quot;,&quot;PS&quot;,&quot;IN&quot;,&quot;KZ&quot;,&quot;MD&quot;,&quot;UA&quot;,&quot;AL&quot;,&quot;BA&quot;,&quot;HR&quot;,&quot;ME&quot;,&quot;MK&quot;,&quot;RS&quot;,&quot;SI&quot;,&quot;KR&quot;,&quot;BD&quot;,&quot;PK&quot;,&quot;LK&quot;,&quot;GH&quot;,&quot;KE&quot;,&quot;NG&quot;,&quot;TZ&quot;,&quot;UG&quot;,&quot;AG&quot;,&quot;AM&quot;,&quot;BS&quot;,&quot;BB&quot;,&quot;BZ&quot;,&quot;BT&quot;,&quot;BW&quot;,&quot;BF&quot;,&quot;CV&quot;,&quot;CW&quot;,&quot;DM&quot;,&quot;FJ&quot;,&quot;GM&quot;,&quot;GE&quot;,&quot;GD&quot;,&quot;GW&quot;,&quot;GY&quot;,&quot;HT&quot;,&quot;JM&quot;,&quot;KI&quot;,&quot;LS&quot;,&quot;LR&quot;,&quot;MW&quot;,&quot;MV&quot;,&quot;ML&quot;,&quot;MH&quot;,&quot;FM&quot;,&quot;NA&quot;,&quot;NR&quot;,&quot;NE&quot;,&quot;PW&quot;,&quot;PG&quot;,&quot;WS&quot;,&quot;SM&quot;,&quot;ST&quot;,&quot;SN&quot;,&quot;SC&quot;,&quot;SL&quot;,&quot;SB&quot;,&quot;KN&quot;,&quot;LC&quot;,&quot;VC&quot;,&quot;SR&quot;,&quot;TL&quot;,&quot;TO&quot;,&quot;TT&quot;,&quot;TV&quot;,&quot;VU&quot;,&quot;AZ&quot;,&quot;BN&quot;,&quot;BI&quot;,&quot;KH&quot;,&quot;CM&quot;,&quot;TD&quot;,&quot;KM&quot;,&quot;GQ&quot;,&quot;SZ&quot;,&quot;GA&quot;,&quot;GN&quot;,&quot;KG&quot;,&quot;LA&quot;,&quot;MO&quot;,&quot;MR&quot;,&quot;MN&quot;,&quot;NP&quot;,&quot;RW&quot;,&quot;TG&quot;,&quot;UZ&quot;,&quot;ZW&quot;,&quot;BJ&quot;,&quot;MG&quot;,&quot;MU&quot;,&quot;MZ&quot;,&quot;AO&quot;,&quot;CI&quot;,&quot;DJ&quot;,&quot;ZM&quot;,&quot;CD&quot;,&quot;CG&quot;,&quot;IQ&quot;,&quot;LY&quot;,&quot;TJ&quot;,&quot;VE&quot;,&quot;ET&quot;,&quot;XK&quot;],&quot;disc_number&quot;:1,&quot;duration_ms&quot;:291506,&quot;explicit&quot;:false,&quot;external_urls&quot;:{&quot;spotify&quot;:&quot;https://open.spotify.com/track/1TT6gRprLQ5vSWgoWpyKfR&quot;},&quot;href&quot;:&quot;https://api.spotify.com/v1/tracks/1TT6gRprLQ5vSWgoWpyKfR&quot;,&quot;id&quot;:&quot;1TT6gRprLQ5vSWgoWpyKfR&quot;,&quot;name&quot;:&quot;The Son of Flynn - Remixed by Ki:Theory&quot;,&quot;preview_url&quot;:null,&quot;track_number&quot;:5,&quot;type&quot;:&quot;track&quot;,&quot;uri&quot;:&quot;spotify:track:1TT6gRprLQ5vSWgoWpyKfR&quot;,&quot;is_local&quot;:false},{&quot;artists&quot;:[{&quot;external_urls&quot;:{&quot;spotify&quot;:&quot;https://open.spotify.com/artist/4tZwfgrHOc3mvqYlEYSvVi&quot;},&quot;href&quot;:&quot;https://api.spotify.com/v1/artists/4tZwfgrHOc3mvqYlEYSvVi&quot;,&quot;id&quot;:&quot;4tZwfgrHOc3mvqYlEYSvVi&quot;,&quot;name&quot;:&quot;Daft Punk&quot;,&quot;type&quot;:&quot;artist&quot;,&quot;uri&quot;:&quot;spotify:artist:4tZwfgrHOc3mvqYlEYSvVi&quot;},{&quot;external_urls&quot;:{&quot;spotify&quot;:&quot;https://open.spotify.com/artist/5MO2kbaGGA2a8kL4c9qqHq&quot;},&quot;href&quot;:&quot;https://api.spotify.com/v1/artists/5MO2kbaGGA2a8kL4c9qqHq&quot;,&quot;id&quot;:&quot;5MO2kbaGGA2a8kL4c9qqHq&quot;,&quot;name&quot;:&quot;Paul Oakenfold&quot;,&quot;type&quot;:&quot;artist&quot;,&quot;uri&quot;:&quot;spotify:artist:5MO2kbaGGA2a8kL4c9qqHq&quot;}],&quot;available_markets&quot;:[&quot;AR&quot;,&quot;AU&quot;,&quot;AT&quot;,&quot;BE&quot;,&quot;BO&quot;,&quot;BR&quot;,&quot;BG&quot;,&quot;CA&quot;,&quot;CL&quot;,&quot;CO&quot;,&quot;CR&quot;,&quot;CY&quot;,&quot;CZ&quot;,&quot;DK&quot;,&quot;DO&quot;,&quot;DE&quot;,&quot;EC&quot;,&quot;EE&quot;,&quot;SV&quot;,&quot;FI&quot;,&quot;FR&quot;,&quot;GR&quot;,&quot;GT&quot;,&quot;HN&quot;,&quot;HK&quot;,&quot;HU&quot;,&quot;IS&quot;,&quot;IE&quot;,&quot;IT&quot;,&quot;LV&quot;,&quot;LT&quot;,&quot;LU&quot;,&quot;MY&quot;,&quot;MT&quot;,&quot;MX&quot;,&quot;NL&quot;,&quot;NZ&quot;,&quot;NI&quot;,&quot;NO&quot;,&quot;PA&quot;,&quot;PY&quot;,&quot;PE&quot;,&quot;PH&quot;,&quot;PL&quot;,&quot;PT&quot;,&quot;SG&quot;,&quot;SK&quot;,&quot;ES&quot;,&quot;SE&quot;,&quot;CH&quot;,&quot;TW&quot;,&quot;TR&quot;,&quot;UY&quot;,&quot;US&quot;,&quot;GB&quot;,&quot;AD&quot;,&quot;LI&quot;,&quot;MC&quot;,&quot;ID&quot;,&quot;JP&quot;,&quot;TH&quot;,&quot;VN&quot;,&quot;RO&quot;,&quot;IL&quot;,&quot;ZA&quot;,&quot;SA&quot;,&quot;AE&quot;,&quot;BH&quot;,&quot;QA&quot;,&quot;OM&quot;,&quot;KW&quot;,&quot;EG&quot;,&quot;MA&quot;,&quot;DZ&quot;,&quot;TN&quot;,&quot;LB&quot;,&quot;JO&quot;,&quot;PS&quot;,&quot;IN&quot;,&quot;KZ&quot;,&quot;MD&quot;,&quot;UA&quot;,&quot;AL&quot;,&quot;BA&quot;,&quot;HR&quot;,&quot;ME&quot;,&quot;MK&quot;,&quot;RS&quot;,&quot;SI&quot;,&quot;KR&quot;,&quot;BD&quot;,&quot;PK&quot;,&quot;LK&quot;,&quot;GH&quot;,&quot;KE&quot;,&quot;NG&quot;,&quot;TZ&quot;,&quot;UG&quot;,&quot;AG&quot;,&quot;AM&quot;,&quot;BS&quot;,&quot;BB&quot;,&quot;BZ&quot;,&quot;BT&quot;,&quot;BW&quot;,&quot;BF&quot;,&quot;CV&quot;,&quot;CW&quot;,&quot;DM&quot;,&quot;FJ&quot;,&quot;GM&quot;,&quot;GE&quot;,&quot;GD&quot;,&quot;GW&quot;,&quot;GY&quot;,&quot;HT&quot;,&quot;JM&quot;,&quot;KI&quot;,&quot;LS&quot;,&quot;LR&quot;,&quot;MW&quot;,&quot;MV&quot;,&quot;ML&quot;,&quot;MH&quot;,&quot;FM&quot;,&quot;NA&quot;,&quot;NR&quot;,&quot;NE&quot;,&quot;PW&quot;,&quot;PG&quot;,&quot;WS&quot;,&quot;SM&quot;,&quot;ST&quot;,&quot;SN&quot;,&quot;SC&quot;,&quot;SL&quot;,&quot;SB&quot;,&quot;KN&quot;,&quot;LC&quot;,&quot;VC&quot;,&quot;SR&quot;,&quot;TL&quot;,&quot;TO&quot;,&quot;TT&quot;,&quot;TV&quot;,&quot;VU&quot;,&quot;AZ&quot;,&quot;BN&quot;,&quot;BI&quot;,&quot;KH&quot;,&quot;CM&quot;,&quot;TD&quot;,&quot;KM&quot;,&quot;GQ&quot;,&quot;SZ&quot;,&quot;GA&quot;,&quot;GN&quot;,&quot;KG&quot;,&quot;LA&quot;,&quot;MO&quot;,&quot;MR&quot;,&quot;MN&quot;,&quot;NP&quot;,&quot;RW&quot;,&quot;TG&quot;,&quot;UZ&quot;,&quot;ZW&quot;,&quot;BJ&quot;,&quot;MG&quot;,&quot;MU&quot;,&quot;MZ&quot;,&quot;AO&quot;,&quot;CI&quot;,&quot;DJ&quot;,&quot;ZM&quot;,&quot;CD&quot;,&quot;CG&quot;,&quot;IQ&quot;,&quot;LY&quot;,&quot;TJ&quot;,&quot;VE&quot;,&quot;ET&quot;,&quot;XK&quot;],&quot;disc_number&quot;:1,&quot;duration_ms&quot;:275266,&quot;explicit&quot;:false,&quot;external_urls&quot;:{&quot;spotify&quot;:&quot;https://open.spotify.com/track/6hEvTmmvby9ZTkSdfmPW3m&quot;},&quot;href&quot;:&quot;https://api.spotify.com/v1/tracks/6hEvTmmvby9ZTkSdfmPW3m&quot;,&quot;id&quot;:&quot;6hEvTmmvby9ZTkSdfmPW3m&quot;,&quot;name&quot;:&quot;C.L.U. - Remixed by Paul Oakenfold&quot;,&quot;preview_url&quot;:null,&quot;track_number&quot;:6,&quot;type&quot;:&quot;track&quot;,&quot;uri&quot;:&quot;spotify:track:6hEvTmmvby9ZTkSdfmPW3m&quot;,&quot;is_local&quot;:false},{&quot;artists&quot;:[{&quot;external_urls&quot;:{&quot;spotify&quot;:&quot;https://open.spotify.com/artist/4tZwfgrHOc3mvqYlEYSvVi&quot;},&quot;href&quot;:&quot;https://api.spotify.com/v1/artists/4tZwfgrHOc3mvqYlEYSvVi&quot;,&quot;id&quot;:&quot;4tZwfgrHOc3mvqYlEYSvVi&quot;,&quot;name&quot;:&quot;Daft Punk&quot;,&quot;type&quot;:&quot;artist&quot;,&quot;uri&quot;:&quot;spotify:artist:4tZwfgrHOc3mvqYlEYSvVi&quot;},{&quot;external_urls&quot;:{&quot;spotify&quot;:&quot;https://open.spotify.com/artist/3OsRAKCvk37zwYcnzRf5XF&quot;},&quot;href&quot;:&quot;https://api.spotify.com/v1/artists/3OsRAKCvk37zwYcnzRf5XF&quot;,&quot;id&quot;:&quot;3OsRAKCvk37zwYcnzRf5XF&quot;,&quot;name&quot;:&quot;Moby&quot;,&quot;type&quot;:&quot;artist&quot;,&quot;uri&quot;:&quot;spotify:artist:3OsRAKCvk37zwYcnzRf5XF&quot;}],&quot;available_markets&quot;:[&quot;AR&quot;,&quot;AU&quot;,&quot;AT&quot;,&quot;BE&quot;,&quot;BO&quot;,&quot;BR&quot;,&quot;BG&quot;,&quot;CA&quot;,&quot;CL&quot;,&quot;CO&quot;,&quot;CR&quot;,&quot;CY&quot;,&quot;CZ&quot;,&quot;DK&quot;,&quot;DO&quot;,&quot;DE&quot;,&quot;EC&quot;,&quot;EE&quot;,&quot;SV&quot;,&quot;FI&quot;,&quot;FR&quot;,&quot;GR&quot;,&quot;GT&quot;,&quot;HN&quot;,&quot;HK&quot;,&quot;HU&quot;,&quot;IS&quot;,&quot;IE&quot;,&quot;IT&quot;,&quot;LV&quot;,&quot;LT&quot;,&quot;LU&quot;,&quot;MY&quot;,&quot;MT&quot;,&quot;MX&quot;,&quot;NL&quot;,&quot;NZ&quot;,&quot;NI&quot;,&quot;NO&quot;,&quot;PA&quot;,&quot;PY&quot;,&quot;PE&quot;,&quot;PH&quot;,&quot;PL&quot;,&quot;PT&quot;,&quot;SG&quot;,&quot;SK&quot;,&quot;ES&quot;,&quot;SE&quot;,&quot;CH&quot;,&quot;TW&quot;,&quot;TR&quot;,&quot;UY&quot;,&quot;US&quot;,&quot;GB&quot;,&quot;AD&quot;,&quot;LI&quot;,&quot;MC&quot;,&quot;ID&quot;,&quot;JP&quot;,&quot;TH&quot;,&quot;VN&quot;,&quot;RO&quot;,&quot;IL&quot;,&quot;ZA&quot;,&quot;SA&quot;,&quot;AE&quot;,&quot;BH&quot;,&quot;QA&quot;,&quot;OM&quot;,&quot;KW&quot;,&quot;EG&quot;,&quot;MA&quot;,&quot;DZ&quot;,&quot;TN&quot;,&quot;LB&quot;,&quot;JO&quot;,&quot;PS&quot;,&quot;IN&quot;,&quot;KZ&quot;,&quot;MD&quot;,&quot;UA&quot;,&quot;AL&quot;,&quot;BA&quot;,&quot;HR&quot;,&quot;ME&quot;,&quot;MK&quot;,&quot;RS&quot;,&quot;SI&quot;,&quot;KR&quot;,&quot;BD&quot;,&quot;PK&quot;,&quot;LK&quot;,&quot;GH&quot;,&quot;KE&quot;,&quot;NG&quot;,&quot;TZ&quot;,&quot;UG&quot;,&quot;AG&quot;,&quot;AM&quot;,&quot;BS&quot;,&quot;BB&quot;,&quot;BZ&quot;,&quot;BT&quot;,&quot;BW&quot;,&quot;BF&quot;,&quot;CV&quot;,&quot;CW&quot;,&quot;DM&quot;,&quot;FJ&quot;,&quot;GM&quot;,&quot;GE&quot;,&quot;GD&quot;,&quot;GW&quot;,&quot;GY&quot;,&quot;HT&quot;,&quot;JM&quot;,&quot;KI&quot;,&quot;LS&quot;,&quot;LR&quot;,&quot;MW&quot;,&quot;MV&quot;,&quot;ML&quot;,&quot;MH&quot;,&quot;FM&quot;,&quot;NA&quot;,&quot;NR&quot;,&quot;NE&quot;,&quot;PW&quot;,&quot;PG&quot;,&quot;WS&quot;,&quot;SM&quot;,&quot;ST&quot;,&quot;SN&quot;,&quot;SC&quot;,&quot;SL&quot;,&quot;SB&quot;,&quot;KN&quot;,&quot;LC&quot;,&quot;VC&quot;,&quot;SR&quot;,&quot;TL&quot;,&quot;TO&quot;,&quot;TT&quot;,&quot;TV&quot;,&quot;VU&quot;,&quot;AZ&quot;,&quot;BN&quot;,&quot;BI&quot;,&quot;KH&quot;,&quot;CM&quot;,&quot;TD&quot;,&quot;KM&quot;,&quot;GQ&quot;,&quot;SZ&quot;,&quot;GA&quot;,&quot;GN&quot;,&quot;KG&quot;,&quot;LA&quot;,&quot;MO&quot;,&quot;MR&quot;,&quot;MN&quot;,&quot;NP&quot;,&quot;RW&quot;,&quot;TG&quot;,&quot;UZ&quot;,&quot;ZW&quot;,&quot;BJ&quot;,&quot;MG&quot;,&quot;MU&quot;,&quot;MZ&quot;,&quot;AO&quot;,&quot;CI&quot;,&quot;DJ&quot;,&quot;ZM&quot;,&quot;CD&quot;,&quot;CG&quot;,&quot;IQ&quot;,&quot;LY&quot;,&quot;TJ&quot;,&quot;VE&quot;,&quot;ET&quot;,&quot;XK&quot;],&quot;disc_number&quot;:1,&quot;duration_ms&quot;:392293,&quot;explicit&quot;:false,&quot;external_urls&quot;:{&quot;spotify&quot;:&quot;https://open.spotify.com/track/03uOJUuuTgaFFI1Efal1no&quot;},&quot;href&quot;:&quot;https://api.spotify.com/v1/tracks/03uOJUuuTgaFFI1Efal1no&quot;,&quot;id&quot;:&quot;03uOJUuuTgaFFI1Efal1no&quot;,&quot;name&quot;:&quot;The Son of Flynn - Remixed by Moby&quot;,&quot;preview_url&quot;:null,&quot;track_number&quot;:7,&quot;type&quot;:&quot;track&quot;,&quot;uri&quot;:&quot;spotify:track:03uOJUuuTgaFFI1Efal1no&quot;,&quot;is_local&quot;:false},{&quot;artists&quot;:[{&quot;external_urls&quot;:{&quot;spotify&quot;:&quot;https://open.spotify.com/artist/4tZwfgrHOc3mvqYlEYSvVi&quot;},&quot;href&quot;:&quot;https://api.spotify.com/v1/artists/4tZwfgrHOc3mvqYlEYSvVi&quot;,&quot;id&quot;:&quot;4tZwfgrHOc3mvqYlEYSvVi&quot;,&quot;name&quot;:&quot;Daft Punk&quot;,&quot;type&quot;:&quot;artist&quot;,&quot;uri&quot;:&quot;spotify:artist:4tZwfgrHOc3mvqYlEYSvVi&quot;},{&quot;external_urls&quot;:{&quot;spotify&quot;:&quot;https://open.spotify.com/artist/62k5LKMhymqlDNo2DWOvvv&quot;},&quot;href&quot;:&quot;https://api.spotify.com/v1/artists/62k5LKMhymqlDNo2DWOvvv&quot;,&quot;id&quot;:&quot;62k5LKMhymqlDNo2DWOvvv&quot;,&quot;name&quot;:&quot;Boys Noize&quot;,&quot;type&quot;:&quot;artist&quot;,&quot;uri&quot;:&quot;spotify:artist:62k5LKMhymqlDNo2DWOvvv&quot;}],&quot;available_markets&quot;:[&quot;AR&quot;,&quot;AU&quot;,&quot;AT&quot;,&quot;BE&quot;,&quot;BO&quot;,&quot;BR&quot;,&quot;BG&quot;,&quot;CA&quot;,&quot;CL&quot;,&quot;CO&quot;,&quot;CR&quot;,&quot;CY&quot;,&quot;CZ&quot;,&quot;DK&quot;,&quot;DO&quot;,&quot;DE&quot;,&quot;EC&quot;,&quot;EE&quot;,&quot;SV&quot;,&quot;FI&quot;,&quot;FR&quot;,&quot;GR&quot;,&quot;GT&quot;,&quot;HN&quot;,&quot;HK&quot;,&quot;HU&quot;,&quot;IS&quot;,&quot;IE&quot;,&quot;IT&quot;,&quot;LV&quot;,&quot;LT&quot;,&quot;LU&quot;,&quot;MY&quot;,&quot;MT&quot;,&quot;MX&quot;,&quot;NL&quot;,&quot;NZ&quot;,&quot;NI&quot;,&quot;NO&quot;,&quot;PA&quot;,&quot;PY&quot;,&quot;PE&quot;,&quot;PH&quot;,&quot;PL&quot;,&quot;PT&quot;,&quot;SG&quot;,&quot;SK&quot;,&quot;ES&quot;,&quot;SE&quot;,&quot;CH&quot;,&quot;TW&quot;,&quot;TR&quot;,&quot;UY&quot;,&quot;US&quot;,&quot;GB&quot;,&quot;AD&quot;,&quot;LI&quot;,&quot;MC&quot;,&quot;ID&quot;,&quot;JP&quot;,&quot;TH&quot;,&quot;VN&quot;,&quot;RO&quot;,&quot;IL&quot;,&quot;ZA&quot;,&quot;SA&quot;,&quot;AE&quot;,&quot;BH&quot;,&quot;QA&quot;,&quot;OM&quot;,&quot;KW&quot;,&quot;EG&quot;,&quot;MA&quot;,&quot;DZ&quot;,&quot;TN&quot;,&quot;LB&quot;,&quot;JO&quot;,&quot;PS&quot;,&quot;IN&quot;,&quot;KZ&quot;,&quot;MD&quot;,&quot;UA&quot;,&quot;AL&quot;,&quot;BA&quot;,&quot;HR&quot;,&quot;ME&quot;,&quot;MK&quot;,&quot;RS&quot;,&quot;SI&quot;,&quot;KR&quot;,&quot;BD&quot;,&quot;PK&quot;,&quot;LK&quot;,&quot;GH&quot;,&quot;KE&quot;,&quot;NG&quot;,&quot;TZ&quot;,&quot;UG&quot;,&quot;AG&quot;,&quot;AM&quot;,&quot;BS&quot;,&quot;BB&quot;,&quot;BZ&quot;,&quot;BT&quot;,&quot;BW&quot;,&quot;BF&quot;,&quot;CV&quot;,&quot;CW&quot;,&quot;DM&quot;,&quot;FJ&quot;,&quot;GM&quot;,&quot;GE&quot;,&quot;GD&quot;,&quot;GW&quot;,&quot;GY&quot;,&quot;HT&quot;,&quot;JM&quot;,&quot;KI&quot;,&quot;LS&quot;,&quot;LR&quot;,&quot;MW&quot;,&quot;MV&quot;,&quot;ML&quot;,&quot;MH&quot;,&quot;FM&quot;,&quot;NA&quot;,&quot;NR&quot;,&quot;NE&quot;,&quot;PW&quot;,&quot;PG&quot;,&quot;WS&quot;,&quot;SM&quot;,&quot;ST&quot;,&quot;SN&quot;,&quot;SC&quot;,&quot;SL&quot;,&quot;SB&quot;,&quot;KN&quot;,&quot;LC&quot;,&quot;VC&quot;,&quot;SR&quot;,&quot;TL&quot;,&quot;TO&quot;,&quot;TT&quot;,&quot;TV&quot;,&quot;VU&quot;,&quot;AZ&quot;,&quot;BN&quot;,&quot;BI&quot;,&quot;KH&quot;,&quot;CM&quot;,&quot;TD&quot;,&quot;KM&quot;,&quot;GQ&quot;,&quot;SZ&quot;,&quot;GA&quot;,&quot;GN&quot;,&quot;KG&quot;,&quot;LA&quot;,&quot;MO&quot;,&quot;MR&quot;,&quot;MN&quot;,&quot;NP&quot;,&quot;RW&quot;,&quot;TG&quot;,&quot;UZ&quot;,&quot;ZW&quot;,&quot;BJ&quot;,&quot;MG&quot;,&quot;MU&quot;,&quot;MZ&quot;,&quot;AO&quot;,&quot;CI&quot;,&quot;DJ&quot;,&quot;ZM&quot;,&quot;CD&quot;,&quot;CG&quot;,&quot;IQ&quot;,&quot;LY&quot;,&quot;TJ&quot;,&quot;VE&quot;,&quot;ET&quot;,&quot;XK&quot;],&quot;disc_number&quot;:1,&quot;duration_ms&quot;:340186,&quot;explicit&quot;:false,&quot;external_urls&quot;:{&quot;spotify&quot;:&quot;https://open.spotify.com/track/3YYnfKM02WkygOwg6ozfrL&quot;},&quot;href&quot;:&quot;https://api.spotify.com/v1/tracks/3YYnfKM02WkygOwg6ozfrL&quot;,&quot;id&quot;:&quot;3YYnfKM02WkygOwg6ozfrL&quot;,&quot;name&quot;:&quot;End of Line - Remixed by Boys Noize&quot;,&quot;preview_url&quot;:null,&quot;track_number&quot;:8,&quot;type&quot;:&quot;track&quot;,&quot;uri&quot;:&quot;spotify:track:3YYnfKM02WkygOwg6ozfrL&quot;,&quot;is_local&quot;:false},{&quot;artists&quot;:[{&quot;external_urls&quot;:{&quot;spotify&quot;:&quot;https://open.spotify.com/artist/4tZwfgrHOc3mvqYlEYSvVi&quot;},&quot;href&quot;:&quot;https://api.spotify.com/v1/artists/4tZwfgrHOc3mvqYlEYSvVi&quot;,&quot;id&quot;:&quot;4tZwfgrHOc3mvqYlEYSvVi&quot;,&quot;name&quot;:&quot;Daft Punk&quot;,&quot;type&quot;:&quot;artist&quot;,&quot;uri&quot;:&quot;spotify:artist:4tZwfgrHOc3mvqYlEYSvVi&quot;},{&quot;external_urls&quot;:{&quot;spotify&quot;:&quot;https://open.spotify.com/artist/6TQj5BFPooTa08A7pk8AQ1&quot;},&quot;href&quot;:&quot;https://api.spotify.com/v1/artists/6TQj5BFPooTa08A7pk8AQ1&quot;,&quot;id&quot;:&quot;6TQj5BFPooTa08A7pk8AQ1&quot;,&quot;name&quot;:&quot;Kaskade&quot;,&quot;type&quot;:&quot;artist&quot;,&quot;uri&quot;:&quot;spotify:artist:6TQj5BFPooTa08A7pk8AQ1&quot;}],&quot;available_markets&quot;:[&quot;AR&quot;,&quot;AU&quot;,&quot;AT&quot;,&quot;BE&quot;,&quot;BO&quot;,&quot;BR&quot;,&quot;BG&quot;,&quot;CA&quot;,&quot;CL&quot;,&quot;CO&quot;,&quot;CR&quot;,&quot;CY&quot;,&quot;CZ&quot;,&quot;DK&quot;,&quot;DO&quot;,&quot;DE&quot;,&quot;EC&quot;,&quot;EE&quot;,&quot;SV&quot;,&quot;FI&quot;,&quot;FR&quot;,&quot;GR&quot;,&quot;GT&quot;,&quot;HN&quot;,&quot;HK&quot;,&quot;HU&quot;,&quot;IS&quot;,&quot;IE&quot;,&quot;IT&quot;,&quot;LV&quot;,&quot;LT&quot;,&quot;LU&quot;,&quot;MY&quot;,&quot;MT&quot;,&quot;MX&quot;,&quot;NL&quot;,&quot;NZ&quot;,&quot;NI&quot;,&quot;NO&quot;,&quot;PA&quot;,&quot;PY&quot;,&quot;PE&quot;,&quot;PH&quot;,&quot;PL&quot;,&quot;PT&quot;,&quot;SG&quot;,&quot;SK&quot;,&quot;ES&quot;,&quot;SE&quot;,&quot;CH&quot;,&quot;TW&quot;,&quot;TR&quot;,&quot;UY&quot;,&quot;US&quot;,&quot;GB&quot;,&quot;AD&quot;,&quot;LI&quot;,&quot;MC&quot;,&quot;ID&quot;,&quot;JP&quot;,&quot;TH&quot;,&quot;VN&quot;,&quot;RO&quot;,&quot;IL&quot;,&quot;ZA&quot;,&quot;SA&quot;,&quot;AE&quot;,&quot;BH&quot;,&quot;QA&quot;,&quot;OM&quot;,&quot;KW&quot;,&quot;EG&quot;,&quot;MA&quot;,&quot;DZ&quot;,&quot;TN&quot;,&quot;LB&quot;,&quot;JO&quot;,&quot;PS&quot;,&quot;IN&quot;,&quot;KZ&quot;,&quot;MD&quot;,&quot;UA&quot;,&quot;AL&quot;,&quot;BA&quot;,&quot;HR&quot;,&quot;ME&quot;,&quot;MK&quot;,&quot;RS&quot;,&quot;SI&quot;,&quot;KR&quot;,&quot;BD&quot;,&quot;PK&quot;,&quot;LK&quot;,&quot;GH&quot;,&quot;KE&quot;,&quot;NG&quot;,&quot;TZ&quot;,&quot;UG&quot;,&quot;AG&quot;,&quot;AM&quot;,&quot;BS&quot;,&quot;BB&quot;,&quot;BZ&quot;,&quot;BT&quot;,&quot;BW&quot;,&quot;BF&quot;,&quot;CV&quot;,&quot;CW&quot;,&quot;DM&quot;,&quot;FJ&quot;,&quot;GM&quot;,&quot;GE&quot;,&quot;GD&quot;,&quot;GW&quot;,&quot;GY&quot;,&quot;HT&quot;,&quot;JM&quot;,&quot;KI&quot;,&quot;LS&quot;,&quot;LR&quot;,&quot;MW&quot;,&quot;MV&quot;,&quot;ML&quot;,&quot;MH&quot;,&quot;FM&quot;,&quot;NA&quot;,&quot;NR&quot;,&quot;NE&quot;,&quot;PW&quot;,&quot;PG&quot;,&quot;WS&quot;,&quot;SM&quot;,&quot;ST&quot;,&quot;SN&quot;,&quot;SC&quot;,&quot;SL&quot;,&quot;SB&quot;,&quot;KN&quot;,&quot;LC&quot;,&quot;VC&quot;,&quot;SR&quot;,&quot;TL&quot;,&quot;TO&quot;,&quot;TT&quot;,&quot;TV&quot;,&quot;VU&quot;,&quot;AZ&quot;,&quot;BN&quot;,&quot;BI&quot;,&quot;KH&quot;,&quot;CM&quot;,&quot;TD&quot;,&quot;KM&quot;,&quot;GQ&quot;,&quot;SZ&quot;,&quot;GA&quot;,&quot;GN&quot;,&quot;KG&quot;,&quot;LA&quot;,&quot;MO&quot;,&quot;MR&quot;,&quot;MN&quot;,&quot;NP&quot;,&quot;RW&quot;,&quot;TG&quot;,&quot;UZ&quot;,&quot;ZW&quot;,&quot;BJ&quot;,&quot;MG&quot;,&quot;MU&quot;,&quot;MZ&quot;,&quot;AO&quot;,&quot;CI&quot;,&quot;DJ&quot;,&quot;ZM&quot;,&quot;CD&quot;,&quot;CG&quot;,&quot;IQ&quot;,&quot;LY&quot;,&quot;TJ&quot;,&quot;VE&quot;,&quot;ET&quot;,&quot;XK&quot;],&quot;disc_number&quot;:1,&quot;duration_ms&quot;:412440,&quot;explicit&quot;:false,&quot;external_urls&quot;:{&quot;spotify&quot;:&quot;https://open.spotify.com/track/2jFLd9OdNcLsblpv4fDTRn&quot;},&quot;href&quot;:&quot;https://api.spotify.com/v1/tracks/2jFLd9OdNcLsblpv4fDTRn&quot;,&quot;id&quot;:&quot;2jFLd9OdNcLsblpv4fDTRn&quot;,&quot;name&quot;:&quot;Rinzler - Remixed by Kaskade&quot;,&quot;preview_url&quot;:null,&quot;track_number&quot;:9,&quot;type&quot;:&quot;track&quot;,&quot;uri&quot;:&quot;spotify:track:2jFLd9OdNcLsblpv4fDTRn&quot;,&quot;is_local&quot;:false},{&quot;artists&quot;:[{&quot;external_urls&quot;:{&quot;spotify&quot;:&quot;https://open.spotify.com/artist/4tZwfgrHOc3mvqYlEYSvVi&quot;},&quot;href&quot;:&quot;https://api.spotify.com/v1/artists/4tZwfgrHOc3mvqYlEYSvVi&quot;,&quot;id&quot;:&quot;4tZwfgrHOc3mvqYlEYSvVi&quot;,&quot;name&quot;:&quot;Daft Punk&quot;,&quot;type&quot;:&quot;artist&quot;,&quot;uri&quot;:&quot;spotify:artist:4tZwfgrHOc3mvqYlEYSvVi&quot;},{&quot;external_urls&quot;:{&quot;spotify&quot;:&quot;https://open.spotify.com/artist/2wouN3QXejYa5tKetYdcVX&quot;},&quot;href&quot;:&quot;https://api.spotify.com/v1/artists/2wouN3QXejYa5tKetYdcVX&quot;,&quot;id&quot;:&quot;2wouN3QXejYa5tKetYdcVX&quot;,&quot;name&quot;:&quot;Com Truise&quot;,&quot;type&quot;:&quot;artist&quot;,&quot;uri&quot;:&quot;spotify:artist:2wouN3QXejYa5tKetYdcVX&quot;}],&quot;available_markets&quot;:[&quot;AR&quot;,&quot;AU&quot;,&quot;AT&quot;,&quot;BE&quot;,&quot;BO&quot;,&quot;BR&quot;,&quot;BG&quot;,&quot;CA&quot;,&quot;CL&quot;,&quot;CO&quot;,&quot;CR&quot;,&quot;CY&quot;,&quot;CZ&quot;,&quot;DK&quot;,&quot;DO&quot;,&quot;DE&quot;,&quot;EC&quot;,&quot;EE&quot;,&quot;SV&quot;,&quot;FI&quot;,&quot;FR&quot;,&quot;GR&quot;,&quot;GT&quot;,&quot;HN&quot;,&quot;HK&quot;,&quot;HU&quot;,&quot;IS&quot;,&quot;IE&quot;,&quot;IT&quot;,&quot;LV&quot;,&quot;LT&quot;,&quot;LU&quot;,&quot;MY&quot;,&quot;MT&quot;,&quot;MX&quot;,&quot;NL&quot;,&quot;NZ&quot;,&quot;NI&quot;,&quot;NO&quot;,&quot;PA&quot;,&quot;PY&quot;,&quot;PE&quot;,&quot;PH&quot;,&quot;PL&quot;,&quot;PT&quot;,&quot;SG&quot;,&quot;SK&quot;,&quot;ES&quot;,&quot;SE&quot;,&quot;CH&quot;,&quot;TW&quot;,&quot;TR&quot;,&quot;UY&quot;,&quot;US&quot;,&quot;GB&quot;,&quot;AD&quot;,&quot;LI&quot;,&quot;MC&quot;,&quot;ID&quot;,&quot;JP&quot;,&quot;TH&quot;,&quot;VN&quot;,&quot;RO&quot;,&quot;IL&quot;,&quot;ZA&quot;,&quot;SA&quot;,&quot;AE&quot;,&quot;BH&quot;,&quot;QA&quot;,&quot;OM&quot;,&quot;KW&quot;,&quot;EG&quot;,&quot;MA&quot;,&quot;DZ&quot;,&quot;TN&quot;,&quot;LB&quot;,&quot;JO&quot;,&quot;PS&quot;,&quot;IN&quot;,&quot;KZ&quot;,&quot;MD&quot;,&quot;UA&quot;,&quot;AL&quot;,&quot;BA&quot;,&quot;HR&quot;,&quot;ME&quot;,&quot;MK&quot;,&quot;RS&quot;,&quot;SI&quot;,&quot;KR&quot;,&quot;BD&quot;,&quot;PK&quot;,&quot;LK&quot;,&quot;GH&quot;,&quot;KE&quot;,&quot;NG&quot;,&quot;TZ&quot;,&quot;UG&quot;,&quot;AG&quot;,&quot;AM&quot;,&quot;BS&quot;,&quot;BB&quot;,&quot;BZ&quot;,&quot;BT&quot;,&quot;BW&quot;,&quot;BF&quot;,&quot;CV&quot;,&quot;CW&quot;,&quot;DM&quot;,&quot;FJ&quot;,&quot;GM&quot;,&quot;GE&quot;,&quot;GD&quot;,&quot;GW&quot;,&quot;GY&quot;,&quot;HT&quot;,&quot;JM&quot;,&quot;KI&quot;,&quot;LS&quot;,&quot;LR&quot;,&quot;MW&quot;,&quot;MV&quot;,&quot;ML&quot;,&quot;MH&quot;,&quot;FM&quot;,&quot;NA&quot;,&quot;NR&quot;,&quot;NE&quot;,&quot;PW&quot;,&quot;PG&quot;,&quot;WS&quot;,&quot;SM&quot;,&quot;ST&quot;,&quot;SN&quot;,&quot;SC&quot;,&quot;SL&quot;,&quot;SB&quot;,&quot;KN&quot;,&quot;LC&quot;,&quot;VC&quot;,&quot;SR&quot;,&quot;TL&quot;,&quot;TO&quot;,&quot;TT&quot;,&quot;TV&quot;,&quot;VU&quot;,&quot;AZ&quot;,&quot;BN&quot;,&quot;BI&quot;,&quot;KH&quot;,&quot;CM&quot;,&quot;TD&quot;,&quot;KM&quot;,&quot;GQ&quot;,&quot;SZ&quot;,&quot;GA&quot;,&quot;GN&quot;,&quot;KG&quot;,&quot;LA&quot;,&quot;MO&quot;,&quot;MR&quot;,&quot;MN&quot;,&quot;NP&quot;,&quot;RW&quot;,&quot;TG&quot;,&quot;UZ&quot;,&quot;ZW&quot;,&quot;BJ&quot;,&quot;MG&quot;,&quot;MU&quot;,&quot;MZ&quot;,&quot;AO&quot;,&quot;CI&quot;,&quot;DJ&quot;,&quot;ZM&quot;,&quot;CD&quot;,&quot;CG&quot;,&quot;IQ&quot;,&quot;LY&quot;,&quot;TJ&quot;,&quot;VE&quot;,&quot;ET&quot;,&quot;XK&quot;],&quot;disc_number&quot;:1,&quot;duration_ms&quot;:292093,&quot;explicit&quot;:false,&quot;external_urls&quot;:{&quot;spotify&quot;:&quot;https://open.spotify.com/track/3SL3UavpjRKNMM9UVlE9Bx&quot;},&quot;href&quot;:&quot;https://api.spotify.com/v1/tracks/3SL3UavpjRKNMM9UVlE9Bx&quot;,&quot;id&quot;:&quot;3SL3UavpjRKNMM9UVlE9Bx&quot;,&quot;name&quot;:&quot;Encom Part 2 - Remixed by Com Truise&quot;,&quot;preview_url&quot;:null,&quot;track_number&quot;:10,&quot;type&quot;:&quot;track&quot;,&quot;uri&quot;:&quot;spotify:track:3SL3UavpjRKNMM9UVlE9Bx&quot;,&quot;is_local&quot;:false},{&quot;artists&quot;:[{&quot;external_urls&quot;:{&quot;spotify&quot;:&quot;https://open.spotify.com/artist/4tZwfgrHOc3mvqYlEYSvVi&quot;},&quot;href&quot;:&quot;https://api.spotify.com/v1/artists/4tZwfgrHOc3mvqYlEYSvVi&quot;,&quot;id&quot;:&quot;4tZwfgrHOc3mvqYlEYSvVi&quot;,&quot;name&quot;:&quot;Daft Punk&quot;,&quot;type&quot;:&quot;artist&quot;,&quot;uri&quot;:&quot;spotify:artist:4tZwfgrHOc3mvqYlEYSvVi&quot;},{&quot;external_urls&quot;:{&quot;spotify&quot;:&quot;https://open.spotify.com/artist/3hXDMlrPegHRO0zUvBsRSI&quot;},&quot;href&quot;:&quot;https://api.spotify.com/v1/artists/3hXDMlrPegHRO0zUvBsRSI&quot;,&quot;id&quot;:&quot;3hXDMlrPegHRO0zUvBsRSI&quot;,&quot;name&quot;:&quot;Photek&quot;,&quot;type&quot;:&quot;artist&quot;,&quot;uri&quot;:&quot;spotify:artist:3hXDMlrPegHRO0zUvBsRSI&quot;}],&quot;available_markets&quot;:[&quot;AR&quot;,&quot;AU&quot;,&quot;AT&quot;,&quot;BE&quot;,&quot;BO&quot;,&quot;BR&quot;,&quot;BG&quot;,&quot;CA&quot;,&quot;CL&quot;,&quot;CO&quot;,&quot;CR&quot;,&quot;CY&quot;,&quot;CZ&quot;,&quot;DK&quot;,&quot;DO&quot;,&quot;DE&quot;,&quot;EC&quot;,&quot;EE&quot;,&quot;SV&quot;,&quot;FI&quot;,&quot;FR&quot;,&quot;GR&quot;,&quot;GT&quot;,&quot;HN&quot;,&quot;HK&quot;,&quot;HU&quot;,&quot;IS&quot;,&quot;IE&quot;,&quot;IT&quot;,&quot;LV&quot;,&quot;LT&quot;,&quot;LU&quot;,&quot;MY&quot;,&quot;MT&quot;,&quot;MX&quot;,&quot;NL&quot;,&quot;NZ&quot;,&quot;NI&quot;,&quot;NO&quot;,&quot;PA&quot;,&quot;PY&quot;,&quot;PE&quot;,&quot;PH&quot;,&quot;PL&quot;,&quot;PT&quot;,&quot;SG&quot;,&quot;SK&quot;,&quot;ES&quot;,&quot;SE&quot;,&quot;CH&quot;,&quot;TW&quot;,&quot;TR&quot;,&quot;UY&quot;,&quot;US&quot;,&quot;GB&quot;,&quot;AD&quot;,&quot;LI&quot;,&quot;MC&quot;,&quot;ID&quot;,&quot;JP&quot;,&quot;TH&quot;,&quot;VN&quot;,&quot;RO&quot;,&quot;IL&quot;,&quot;ZA&quot;,&quot;SA&quot;,&quot;AE&quot;,&quot;BH&quot;,&quot;QA&quot;,&quot;OM&quot;,&quot;KW&quot;,&quot;EG&quot;,&quot;MA&quot;,&quot;DZ&quot;,&quot;TN&quot;,&quot;LB&quot;,&quot;JO&quot;,&quot;PS&quot;,&quot;IN&quot;,&quot;KZ&quot;,&quot;MD&quot;,&quot;UA&quot;,&quot;AL&quot;,&quot;BA&quot;,&quot;HR&quot;,&quot;ME&quot;,&quot;MK&quot;,&quot;RS&quot;,&quot;SI&quot;,&quot;KR&quot;,&quot;BD&quot;,&quot;PK&quot;,&quot;LK&quot;,&quot;GH&quot;,&quot;KE&quot;,&quot;NG&quot;,&quot;TZ&quot;,&quot;UG&quot;,&quot;AG&quot;,&quot;AM&quot;,&quot;BS&quot;,&quot;BB&quot;,&quot;BZ&quot;,&quot;BT&quot;,&quot;BW&quot;,&quot;BF&quot;,&quot;CV&quot;,&quot;CW&quot;,&quot;DM&quot;,&quot;FJ&quot;,&quot;GM&quot;,&quot;GE&quot;,&quot;GD&quot;,&quot;GW&quot;,&quot;GY&quot;,&quot;HT&quot;,&quot;JM&quot;,&quot;KI&quot;,&quot;LS&quot;,&quot;LR&quot;,&quot;MW&quot;,&quot;MV&quot;,&quot;ML&quot;,&quot;MH&quot;,&quot;FM&quot;,&quot;NA&quot;,&quot;NR&quot;,&quot;NE&quot;,&quot;PW&quot;,&quot;PG&quot;,&quot;WS&quot;,&quot;SM&quot;,&quot;ST&quot;,&quot;SN&quot;,&quot;SC&quot;,&quot;SL&quot;,&quot;SB&quot;,&quot;KN&quot;,&quot;LC&quot;,&quot;VC&quot;,&quot;SR&quot;,&quot;TL&quot;,&quot;TO&quot;,&quot;TT&quot;,&quot;TV&quot;,&quot;VU&quot;,&quot;AZ&quot;,&quot;BN&quot;,&quot;BI&quot;,&quot;KH&quot;,&quot;CM&quot;,&quot;TD&quot;,&quot;KM&quot;,&quot;GQ&quot;,&quot;SZ&quot;,&quot;GA&quot;,&quot;GN&quot;,&quot;KG&quot;,&quot;LA&quot;,&quot;MO&quot;,&quot;MR&quot;,&quot;MN&quot;,&quot;NP&quot;,&quot;RW&quot;,&quot;TG&quot;,&quot;UZ&quot;,&quot;ZW&quot;,&quot;BJ&quot;,&quot;MG&quot;,&quot;MU&quot;,&quot;MZ&quot;,&quot;AO&quot;,&quot;CI&quot;,&quot;DJ&quot;,&quot;ZM&quot;,&quot;CD&quot;,&quot;CG&quot;,&quot;IQ&quot;,&quot;LY&quot;,&quot;TJ&quot;,&quot;VE&quot;,&quot;ET&quot;,&quot;XK&quot;],&quot;disc_number&quot;:1,&quot;duration_ms&quot;:318720,&quot;explicit&quot;:false,&quot;external_urls&quot;:{&quot;spotify&quot;:&quot;https://open.spotify.com/track/2UBYw2qf9PkvoKQ610ocft&quot;},&quot;href&quot;:&quot;https://api.spotify.com/v1/tracks/2UBYw2qf9PkvoKQ610ocft&quot;,&quot;id&quot;:&quot;2UBYw2qf9PkvoKQ610ocft&quot;,&quot;name&quot;:&quot;End of Line - Remixed by Photek&quot;,&quot;preview_url&quot;:null,&quot;track_number&quot;:11,&quot;type&quot;:&quot;track&quot;,&quot;uri&quot;:&quot;spotify:track:2UBYw2qf9PkvoKQ610ocft&quot;,&quot;is_local&quot;:false},{&quot;artists&quot;:[{&quot;external_urls&quot;:{&quot;spotify&quot;:&quot;https://open.spotify.com/artist/4tZwfgrHOc3mvqYlEYSvVi&quot;},&quot;href&quot;:&quot;https://api.spotify.com/v1/artists/4tZwfgrHOc3mvqYlEYSvVi&quot;,&quot;id&quot;:&quot;4tZwfgrHOc3mvqYlEYSvVi&quot;,&quot;name&quot;:&quot;Daft Punk&quot;,&quot;type&quot;:&quot;artist&quot;,&quot;uri&quot;:&quot;spotify:artist:4tZwfgrHOc3mvqYlEYSvVi&quot;},{&quot;external_urls&quot;:{&quot;spotify&quot;:&quot;https://open.spotify.com/artist/5F8v5xSIGtfukNxq0Jqgwh&quot;},&quot;href&quot;:&quot;https://api.spotify.com/v1/artists/5F8v5xSIGtfukNxq0Jqgwh&quot;,&quot;id&quot;:&quot;5F8v5xSIGtfukNxq0Jqgwh&quot;,&quot;name&quot;:&quot;The Japanese Popstars&quot;,&quot;type&quot;:&quot;artist&quot;,&quot;uri&quot;:&quot;spotify:artist:5F8v5xSIGtfukNxq0Jqgwh&quot;}],&quot;available_markets&quot;:[&quot;AR&quot;,&quot;AU&quot;,&quot;AT&quot;,&quot;BE&quot;,&quot;BO&quot;,&quot;BR&quot;,&quot;BG&quot;,&quot;CA&quot;,&quot;CL&quot;,&quot;CO&quot;,&quot;CR&quot;,&quot;CY&quot;,&quot;CZ&quot;,&quot;DK&quot;,&quot;DO&quot;,&quot;DE&quot;,&quot;EC&quot;,&quot;EE&quot;,&quot;SV&quot;,&quot;FI&quot;,&quot;FR&quot;,&quot;GR&quot;,&quot;GT&quot;,&quot;HN&quot;,&quot;HK&quot;,&quot;HU&quot;,&quot;IS&quot;,&quot;IE&quot;,&quot;IT&quot;,&quot;LV&quot;,&quot;LT&quot;,&quot;LU&quot;,&quot;MY&quot;,&quot;MT&quot;,&quot;MX&quot;,&quot;NL&quot;,&quot;NZ&quot;,&quot;NI&quot;,&quot;NO&quot;,&quot;PA&quot;,&quot;PY&quot;,&quot;PE&quot;,&quot;PH&quot;,&quot;PL&quot;,&quot;PT&quot;,&quot;SG&quot;,&quot;SK&quot;,&quot;ES&quot;,&quot;SE&quot;,&quot;CH&quot;,&quot;TW&quot;,&quot;TR&quot;,&quot;UY&quot;,&quot;US&quot;,&quot;GB&quot;,&quot;AD&quot;,&quot;LI&quot;,&quot;MC&quot;,&quot;ID&quot;,&quot;JP&quot;,&quot;TH&quot;,&quot;VN&quot;,&quot;RO&quot;,&quot;IL&quot;,&quot;ZA&quot;,&quot;SA&quot;,&quot;AE&quot;,&quot;BH&quot;,&quot;QA&quot;,&quot;OM&quot;,&quot;KW&quot;,&quot;EG&quot;,&quot;MA&quot;,&quot;DZ&quot;,&quot;TN&quot;,&quot;LB&quot;,&quot;JO&quot;,&quot;PS&quot;,&quot;IN&quot;,&quot;KZ&quot;,&quot;MD&quot;,&quot;UA&quot;,&quot;AL&quot;,&quot;BA&quot;,&quot;HR&quot;,&quot;ME&quot;,&quot;MK&quot;,&quot;RS&quot;,&quot;SI&quot;,&quot;KR&quot;,&quot;BD&quot;,&quot;PK&quot;,&quot;LK&quot;,&quot;GH&quot;,&quot;KE&quot;,&quot;NG&quot;,&quot;TZ&quot;,&quot;UG&quot;,&quot;AG&quot;,&quot;AM&quot;,&quot;BS&quot;,&quot;BB&quot;,&quot;BZ&quot;,&quot;BT&quot;,&quot;BW&quot;,&quot;BF&quot;,&quot;CV&quot;,&quot;CW&quot;,&quot;DM&quot;,&quot;FJ&quot;,&quot;GM&quot;,&quot;GE&quot;,&quot;GD&quot;,&quot;GW&quot;,&quot;GY&quot;,&quot;HT&quot;,&quot;JM&quot;,&quot;KI&quot;,&quot;LS&quot;,&quot;LR&quot;,&quot;MW&quot;,&quot;MV&quot;,&quot;ML&quot;,&quot;MH&quot;,&quot;FM&quot;,&quot;NA&quot;,&quot;NR&quot;,&quot;NE&quot;,&quot;PW&quot;,&quot;PG&quot;,&quot;WS&quot;,&quot;SM&quot;,&quot;ST&quot;,&quot;SN&quot;,&quot;SC&quot;,&quot;SL&quot;,&quot;SB&quot;,&quot;KN&quot;,&quot;LC&quot;,&quot;VC&quot;,&quot;SR&quot;,&quot;TL&quot;,&quot;TO&quot;,&quot;TT&quot;,&quot;TV&quot;,&quot;VU&quot;,&quot;AZ&quot;,&quot;BN&quot;,&quot;BI&quot;,&quot;KH&quot;,&quot;CM&quot;,&quot;TD&quot;,&quot;KM&quot;,&quot;GQ&quot;,&quot;SZ&quot;,&quot;GA&quot;,&quot;GN&quot;,&quot;KG&quot;,&quot;LA&quot;,&quot;MO&quot;,&quot;MR&quot;,&quot;MN&quot;,&quot;NP&quot;,&quot;RW&quot;,&quot;TG&quot;,&quot;UZ&quot;,&quot;ZW&quot;,&quot;BJ&quot;,&quot;MG&quot;,&quot;MU&quot;,&quot;MZ&quot;,&quot;AO&quot;,&quot;CI&quot;,&quot;DJ&quot;,&quot;ZM&quot;,&quot;CD&quot;,&quot;CG&quot;,&quot;IQ&quot;,&quot;LY&quot;,&quot;TJ&quot;,&quot;VE&quot;,&quot;ET&quot;,&quot;XK&quot;],&quot;disc_number&quot;:1,&quot;duration_ms&quot;:367720,&quot;explicit&quot;:false,&quot;external_urls&quot;:{&quot;spotify&quot;:&quot;https://open.spotify.com/track/7irNlzUSPNgCDtEyQuS3lm&quot;},&quot;href&quot;:&quot;https://api.spotify.com/v1/tracks/7irNlzUSPNgCDtEyQuS3lm&quot;,&quot;id&quot;:&quot;7irNlzUSPNgCDtEyQuS3lm&quot;,&quot;name&quot;:&quot;Arena - Remixed by The Japanese Popstars&quot;,&quot;preview_url&quot;:null,&quot;track_number&quot;:12,&quot;type&quot;:&quot;track&quot;,&quot;uri&quot;:&quot;spotify:track:7irNlzUSPNgCDtEyQuS3lm&quot;,&quot;is_local&quot;:false},{&quot;artists&quot;:[{&quot;external_urls&quot;:{&quot;spotify&quot;:&quot;https://open.spotify.com/artist/4tZwfgrHOc3mvqYlEYSvVi&quot;},&quot;href&quot;:&quot;https://api.spotify.com/v1/artists/4tZwfgrHOc3mvqYlEYSvVi&quot;,&quot;id&quot;:&quot;4tZwfgrHOc3mvqYlEYSvVi&quot;,&quot;name&quot;:&quot;Daft Punk&quot;,&quot;type&quot;:&quot;artist&quot;,&quot;uri&quot;:&quot;spotify:artist:4tZwfgrHOc3mvqYlEYSvVi&quot;},{&quot;external_urls&quot;:{&quot;spotify&quot;:&quot;https://open.spotify.com/artist/1vCWHaC5f2uS3yhpwWbIA6&quot;},&quot;href&quot;:&quot;https://api.spotify.com/v1/artists/1vCWHaC5f2uS3yhpwWbIA6&quot;,&quot;id&quot;:&quot;1vCWHaC5f2uS3yhpwWbIA6&quot;,&quot;name&quot;:&quot;Avicii&quot;,&quot;type&quot;:&quot;artist&quot;,&quot;uri&quot;:&quot;spotify:artist:1vCWHaC5f2uS3yhpwWbIA6&quot;}],&quot;available_markets&quot;:[&quot;AR&quot;,&quot;AU&quot;,&quot;AT&quot;,&quot;BE&quot;,&quot;BO&quot;,&quot;BR&quot;,&quot;BG&quot;,&quot;CA&quot;,&quot;CL&quot;,&quot;CO&quot;,&quot;CR&quot;,&quot;CY&quot;,&quot;CZ&quot;,&quot;DK&quot;,&quot;DO&quot;,&quot;DE&quot;,&quot;EC&quot;,&quot;EE&quot;,&quot;SV&quot;,&quot;FI&quot;,&quot;FR&quot;,&quot;GR&quot;,&quot;GT&quot;,&quot;HN&quot;,&quot;HK&quot;,&quot;HU&quot;,&quot;IS&quot;,&quot;IE&quot;,&quot;IT&quot;,&quot;LV&quot;,&quot;LT&quot;,&quot;LU&quot;,&quot;MY&quot;,&quot;MT&quot;,&quot;MX&quot;,&quot;NL&quot;,&quot;NZ&quot;,&quot;NI&quot;,&quot;NO&quot;,&quot;PA&quot;,&quot;PY&quot;,&quot;PE&quot;,&quot;PH&quot;,&quot;PL&quot;,&quot;PT&quot;,&quot;SG&quot;,&quot;SK&quot;,&quot;ES&quot;,&quot;SE&quot;,&quot;CH&quot;,&quot;TW&quot;,&quot;TR&quot;,&quot;UY&quot;,&quot;US&quot;,&quot;GB&quot;,&quot;AD&quot;,&quot;LI&quot;,&quot;MC&quot;,&quot;ID&quot;,&quot;JP&quot;,&quot;TH&quot;,&quot;VN&quot;,&quot;RO&quot;,&quot;IL&quot;,&quot;ZA&quot;,&quot;SA&quot;,&quot;AE&quot;,&quot;BH&quot;,&quot;QA&quot;,&quot;OM&quot;,&quot;KW&quot;,&quot;EG&quot;,&quot;MA&quot;,&quot;DZ&quot;,&quot;TN&quot;,&quot;LB&quot;,&quot;JO&quot;,&quot;PS&quot;,&quot;IN&quot;,&quot;KZ&quot;,&quot;MD&quot;,&quot;UA&quot;,&quot;AL&quot;,&quot;BA&quot;,&quot;HR&quot;,&quot;ME&quot;,&quot;MK&quot;,&quot;RS&quot;,&quot;SI&quot;,&quot;KR&quot;,&quot;BD&quot;,&quot;PK&quot;,&quot;LK&quot;,&quot;GH&quot;,&quot;KE&quot;,&quot;NG&quot;,&quot;TZ&quot;,&quot;UG&quot;,&quot;AG&quot;,&quot;AM&quot;,&quot;BS&quot;,&quot;BB&quot;,&quot;BZ&quot;,&quot;BT&quot;,&quot;BW&quot;,&quot;BF&quot;,&quot;CV&quot;,&quot;CW&quot;,&quot;DM&quot;,&quot;FJ&quot;,&quot;GM&quot;,&quot;GE&quot;,&quot;GD&quot;,&quot;GW&quot;,&quot;GY&quot;,&quot;HT&quot;,&quot;JM&quot;,&quot;KI&quot;,&quot;LS&quot;,&quot;LR&quot;,&quot;MW&quot;,&quot;MV&quot;,&quot;ML&quot;,&quot;MH&quot;,&quot;FM&quot;,&quot;NA&quot;,&quot;NR&quot;,&quot;NE&quot;,&quot;PW&quot;,&quot;PG&quot;,&quot;WS&quot;,&quot;SM&quot;,&quot;ST&quot;,&quot;SN&quot;,&quot;SC&quot;,&quot;SL&quot;,&quot;SB&quot;,&quot;KN&quot;,&quot;LC&quot;,&quot;VC&quot;,&quot;SR&quot;,&quot;TL&quot;,&quot;TO&quot;,&quot;TT&quot;,&quot;TV&quot;,&quot;VU&quot;,&quot;AZ&quot;,&quot;BN&quot;,&quot;BI&quot;,&quot;KH&quot;,&quot;CM&quot;,&quot;TD&quot;,&quot;KM&quot;,&quot;GQ&quot;,&quot;SZ&quot;,&quot;GA&quot;,&quot;GN&quot;,&quot;KG&quot;,&quot;LA&quot;,&quot;MO&quot;,&quot;MR&quot;,&quot;MN&quot;,&quot;NP&quot;,&quot;RW&quot;,&quot;TG&quot;,&quot;UZ&quot;,&quot;ZW&quot;,&quot;BJ&quot;,&quot;MG&quot;,&quot;MU&quot;,&quot;MZ&quot;,&quot;AO&quot;,&quot;CI&quot;,&quot;DJ&quot;,&quot;ZM&quot;,&quot;CD&quot;,&quot;CG&quot;,&quot;IQ&quot;,&quot;LY&quot;,&quot;TJ&quot;,&quot;VE&quot;,&quot;ET&quot;,&quot;XK&quot;],&quot;disc_number&quot;:1,&quot;duration_ms&quot;:303946,&quot;explicit&quot;:false,&quot;external_urls&quot;:{&quot;spotify&quot;:&quot;https://open.spotify.com/track/1rn6JIHBuBZiwvA57jeoOB&quot;},&quot;href&quot;:&quot;https://api.spotify.com/v1/tracks/1rn6JIHBuBZiwvA57jeoOB&quot;,&quot;id&quot;:&quot;1rn6JIHBuBZiwvA57jeoOB&quot;,&quot;name&quot;:&quot;Derezzed - Remixed by Avicii&quot;,&quot;preview_url&quot;:null,&quot;track_number&quot;:13,&quot;type&quot;:&quot;track&quot;,&quot;uri&quot;:&quot;spotify:track:1rn6JIHBuBZiwvA57jeoOB&quot;,&quot;is_local&quot;:false},{&quot;artists&quot;:[{&quot;external_urls&quot;:{&quot;spotify&quot;:&quot;https://open.spotify.com/artist/4tZwfgrHOc3mvqYlEYSvVi&quot;},&quot;href&quot;:&quot;https://api.spotify.com/v1/artists/4tZwfgrHOc3mvqYlEYSvVi&quot;,&quot;id&quot;:&quot;4tZwfgrHOc3mvqYlEYSvVi&quot;,&quot;name&quot;:&quot;Daft Punk&quot;,&quot;type&quot;:&quot;artist&quot;,&quot;uri&quot;:&quot;spotify:artist:4tZwfgrHOc3mvqYlEYSvVi&quot;},{&quot;external_urls&quot;:{&quot;spotify&quot;:&quot;https://open.spotify.com/artist/4iVhFmG8YCCEHANGeUUS9q&quot;},&quot;href&quot;:&quot;https://api.spotify.com/v1/artists/4iVhFmG8YCCEHANGeUUS9q&quot;,&quot;id&quot;:&quot;4iVhFmG8YCCEHANGeUUS9q&quot;,&quot;name&quot;:&quot;Pretty Lights&quot;,&quot;type&quot;:&quot;artist&quot;,&quot;uri&quot;:&quot;spotify:artist:4iVhFmG8YCCEHANGeUUS9q&quot;}],&quot;available_markets&quot;:[&quot;AR&quot;,&quot;AU&quot;,&quot;AT&quot;,&quot;BE&quot;,&quot;BO&quot;,&quot;BR&quot;,&quot;BG&quot;,&quot;CA&quot;,&quot;CL&quot;,&quot;CO&quot;,&quot;CR&quot;,&quot;CY&quot;,&quot;CZ&quot;,&quot;DK&quot;,&quot;DO&quot;,&quot;DE&quot;,&quot;EC&quot;,&quot;EE&quot;,&quot;SV&quot;,&quot;FI&quot;,&quot;FR&quot;,&quot;GR&quot;,&quot;GT&quot;,&quot;HN&quot;,&quot;HK&quot;,&quot;HU&quot;,&quot;IS&quot;,&quot;IE&quot;,&quot;IT&quot;,&quot;LV&quot;,&quot;LT&quot;,&quot;LU&quot;,&quot;MY&quot;,&quot;MT&quot;,&quot;MX&quot;,&quot;NL&quot;,&quot;NZ&quot;,&quot;NI&quot;,&quot;NO&quot;,&quot;PA&quot;,&quot;PY&quot;,&quot;PE&quot;,&quot;PH&quot;,&quot;PL&quot;,&quot;PT&quot;,&quot;SG&quot;,&quot;SK&quot;,&quot;ES&quot;,&quot;SE&quot;,&quot;CH&quot;,&quot;TW&quot;,&quot;TR&quot;,&quot;UY&quot;,&quot;US&quot;,&quot;GB&quot;,&quot;AD&quot;,&quot;LI&quot;,&quot;MC&quot;,&quot;ID&quot;,&quot;JP&quot;,&quot;TH&quot;,&quot;VN&quot;,&quot;RO&quot;,&quot;IL&quot;,&quot;ZA&quot;,&quot;SA&quot;,&quot;AE&quot;,&quot;BH&quot;,&quot;QA&quot;,&quot;OM&quot;,&quot;KW&quot;,&quot;EG&quot;,&quot;MA&quot;,&quot;DZ&quot;,&quot;TN&quot;,&quot;LB&quot;,&quot;JO&quot;,&quot;PS&quot;,&quot;IN&quot;,&quot;KZ&quot;,&quot;MD&quot;,&quot;UA&quot;,&quot;AL&quot;,&quot;BA&quot;,&quot;HR&quot;,&quot;ME&quot;,&quot;MK&quot;,&quot;RS&quot;,&quot;SI&quot;,&quot;KR&quot;,&quot;BD&quot;,&quot;PK&quot;,&quot;LK&quot;,&quot;GH&quot;,&quot;KE&quot;,&quot;NG&quot;,&quot;TZ&quot;,&quot;UG&quot;,&quot;AG&quot;,&quot;AM&quot;,&quot;BS&quot;,&quot;BB&quot;,&quot;BZ&quot;,&quot;BT&quot;,&quot;BW&quot;,&quot;BF&quot;,&quot;CV&quot;,&quot;CW&quot;,&quot;DM&quot;,&quot;FJ&quot;,&quot;GM&quot;,&quot;GE&quot;,&quot;GD&quot;,&quot;GW&quot;,&quot;GY&quot;,&quot;HT&quot;,&quot;JM&quot;,&quot;KI&quot;,&quot;LS&quot;,&quot;LR&quot;,&quot;MW&quot;,&quot;MV&quot;,&quot;ML&quot;,&quot;MH&quot;,&quot;FM&quot;,&quot;NA&quot;,&quot;NR&quot;,&quot;NE&quot;,&quot;PW&quot;,&quot;PG&quot;,&quot;WS&quot;,&quot;SM&quot;,&quot;ST&quot;,&quot;SN&quot;,&quot;SC&quot;,&quot;SL&quot;,&quot;SB&quot;,&quot;KN&quot;,&quot;LC&quot;,&quot;VC&quot;,&quot;SR&quot;,&quot;TL&quot;,&quot;TO&quot;,&quot;TT&quot;,&quot;TV&quot;,&quot;VU&quot;,&quot;AZ&quot;,&quot;BN&quot;,&quot;BI&quot;,&quot;KH&quot;,&quot;CM&quot;,&quot;TD&quot;,&quot;KM&quot;,&quot;GQ&quot;,&quot;SZ&quot;,&quot;GA&quot;,&quot;GN&quot;,&quot;KG&quot;,&quot;LA&quot;,&quot;MO&quot;,&quot;MR&quot;,&quot;MN&quot;,&quot;NP&quot;,&quot;RW&quot;,&quot;TG&quot;,&quot;UZ&quot;,&quot;ZW&quot;,&quot;BJ&quot;,&quot;MG&quot;,&quot;MU&quot;,&quot;MZ&quot;,&quot;AO&quot;,&quot;CI&quot;,&quot;DJ&quot;,&quot;ZM&quot;,&quot;CD&quot;,&quot;CG&quot;,&quot;IQ&quot;,&quot;LY&quot;,&quot;TJ&quot;,&quot;VE&quot;,&quot;ET&quot;,&quot;XK&quot;],&quot;disc_number&quot;:1,&quot;duration_ms&quot;:272853,&quot;explicit&quot;:false,&quot;external_urls&quot;:{&quot;spotify&quot;:&quot;https://open.spotify.com/track/4OgB6TRmIGBRT4NoFxxIQd&quot;},&quot;href&quot;:&quot;https://api.spotify.com/v1/tracks/4OgB6TRmIGBRT4NoFxxIQd&quot;,&quot;id&quot;:&quot;4OgB6TRmIGBRT4NoFxxIQd&quot;,&quot;name&quot;:&quot;Solar Sailer - Remixed by Pretty Lights&quot;,&quot;preview_url&quot;:null,&quot;track_number&quot;:14,&quot;type&quot;:&quot;track&quot;,&quot;uri&quot;:&quot;spotify:track:4OgB6TRmIGBRT4NoFxxIQd&quot;,&quot;is_local&quot;:false},{&quot;artists&quot;:[{&quot;external_urls&quot;:{&quot;spotify&quot;:&quot;https://open.spotify.com/artist/4tZwfgrHOc3mvqYlEYSvVi&quot;},&quot;href&quot;:&quot;https://api.spotify.com/v1/artists/4tZwfgrHOc3mvqYlEYSvVi&quot;,&quot;id&quot;:&quot;4tZwfgrHOc3mvqYlEYSvVi&quot;,&quot;name&quot;:&quot;Daft Punk&quot;,&quot;type&quot;:&quot;artist&quot;,&quot;uri&quot;:&quot;spotify:artist:4tZwfgrHOc3mvqYlEYSvVi&quot;},{&quot;external_urls&quot;:{&quot;spotify&quot;:&quot;https://open.spotify.com/artist/3CfH3WZPzbk5mNDWXpGIy6&quot;},&quot;href&quot;:&quot;https://api.spotify.com/v1/artists/3CfH3WZPzbk5mNDWXpGIy6&quot;,&quot;id&quot;:&quot;3CfH3WZPzbk5mNDWXpGIy6&quot;,&quot;name&quot;:&quot;Sander Kleinenberg&quot;,&quot;type&quot;:&quot;artist&quot;,&quot;uri&quot;:&quot;spotify:artist:3CfH3WZPzbk5mNDWXpGIy6&quot;}],&quot;available_markets&quot;:[&quot;AR&quot;,&quot;AU&quot;,&quot;AT&quot;,&quot;BE&quot;,&quot;BO&quot;,&quot;BR&quot;,&quot;BG&quot;,&quot;CA&quot;,&quot;CL&quot;,&quot;CO&quot;,&quot;CR&quot;,&quot;CY&quot;,&quot;CZ&quot;,&quot;DK&quot;,&quot;DO&quot;,&quot;DE&quot;,&quot;EC&quot;,&quot;EE&quot;,&quot;SV&quot;,&quot;FI&quot;,&quot;FR&quot;,&quot;GR&quot;,&quot;GT&quot;,&quot;HN&quot;,&quot;HK&quot;,&quot;HU&quot;,&quot;IS&quot;,&quot;IE&quot;,&quot;IT&quot;,&quot;LV&quot;,&quot;LT&quot;,&quot;LU&quot;,&quot;MY&quot;,&quot;MT&quot;,&quot;MX&quot;,&quot;NL&quot;,&quot;NZ&quot;,&quot;NI&quot;,&quot;NO&quot;,&quot;PA&quot;,&quot;PY&quot;,&quot;PE&quot;,&quot;PH&quot;,&quot;PL&quot;,&quot;PT&quot;,&quot;SG&quot;,&quot;SK&quot;,&quot;ES&quot;,&quot;SE&quot;,&quot;CH&quot;,&quot;TW&quot;,&quot;TR&quot;,&quot;UY&quot;,&quot;US&quot;,&quot;GB&quot;,&quot;AD&quot;,&quot;LI&quot;,&quot;MC&quot;,&quot;ID&quot;,&quot;JP&quot;,&quot;TH&quot;,&quot;VN&quot;,&quot;RO&quot;,&quot;IL&quot;,&quot;ZA&quot;,&quot;SA&quot;,&quot;AE&quot;,&quot;BH&quot;,&quot;QA&quot;,&quot;OM&quot;,&quot;KW&quot;,&quot;EG&quot;,&quot;MA&quot;,&quot;DZ&quot;,&quot;TN&quot;,&quot;LB&quot;,&quot;JO&quot;,&quot;PS&quot;,&quot;IN&quot;,&quot;KZ&quot;,&quot;MD&quot;,&quot;UA&quot;,&quot;AL&quot;,&quot;BA&quot;,&quot;HR&quot;,&quot;ME&quot;,&quot;MK&quot;,&quot;RS&quot;,&quot;SI&quot;,&quot;KR&quot;,&quot;BD&quot;,&quot;PK&quot;,&quot;LK&quot;,&quot;GH&quot;,&quot;KE&quot;,&quot;NG&quot;,&quot;TZ&quot;,&quot;UG&quot;,&quot;AG&quot;,&quot;AM&quot;,&quot;BS&quot;,&quot;BB&quot;,&quot;BZ&quot;,&quot;BT&quot;,&quot;BW&quot;,&quot;BF&quot;,&quot;CV&quot;,&quot;CW&quot;,&quot;DM&quot;,&quot;FJ&quot;,&quot;GM&quot;,&quot;GE&quot;,&quot;GD&quot;,&quot;GW&quot;,&quot;GY&quot;,&quot;HT&quot;,&quot;JM&quot;,&quot;KI&quot;,&quot;LS&quot;,&quot;LR&quot;,&quot;MW&quot;,&quot;MV&quot;,&quot;ML&quot;,&quot;MH&quot;,&quot;FM&quot;,&quot;NA&quot;,&quot;NR&quot;,&quot;NE&quot;,&quot;PW&quot;,&quot;PG&quot;,&quot;WS&quot;,&quot;SM&quot;,&quot;ST&quot;,&quot;SN&quot;,&quot;SC&quot;,&quot;SL&quot;,&quot;SB&quot;,&quot;KN&quot;,&quot;LC&quot;,&quot;VC&quot;,&quot;SR&quot;,&quot;TL&quot;,&quot;TO&quot;,&quot;TT&quot;,&quot;TV&quot;,&quot;VU&quot;,&quot;AZ&quot;,&quot;BN&quot;,&quot;BI&quot;,&quot;KH&quot;,&quot;CM&quot;,&quot;TD&quot;,&quot;KM&quot;,&quot;GQ&quot;,&quot;SZ&quot;,&quot;GA&quot;,&quot;GN&quot;,&quot;KG&quot;,&quot;LA&quot;,&quot;MO&quot;,&quot;MR&quot;,&quot;MN&quot;,&quot;NP&quot;,&quot;RW&quot;,&quot;TG&quot;,&quot;UZ&quot;,&quot;ZW&quot;,&quot;BJ&quot;,&quot;MG&quot;,&quot;MU&quot;,&quot;MZ&quot;,&quot;AO&quot;,&quot;CI&quot;,&quot;DJ&quot;,&quot;ZM&quot;,&quot;CD&quot;,
[...]
cks/6vuPZX9fWESg5js2JFTQRJ","id":"6vuPZX9fWESg5js2JFTQRJ","name":"Crescendolls","preview_url":null,"track_number":5,"type":"track","uri":"spotify:track:6vuPZX9fWESg5js2JFTQRJ","is_local":false},{"artists":[{"external_urls":{"spotify":"https://open.spotify.com/artist/4tZwfgrHOc3mvqYlEYSvVi"},"href":"https://api.spotify.com/v1/artists/4tZwfgrHOc3mvqYlEYSvVi","id":"4tZwfgrHOc3mvqYlEYSvVi","name":"Daft Punk","type":"artist","uri":"spotify:artist:4tZwfgrHOc3mvqYlEYSvVi"}],"available_markets":["AR","AU","AT","BE","BO","BR","BG","CA","CL","CO","CR","CY","CZ","DK","DO","DE","EC","EE","SV","FI","FR","GR","GT","HN","HK","HU","IS","IE","IT","LV","LT","LU","MY","MT","MX","NL","NZ","NI","NO","PA","PY","PE","PH","PL","PT","SG","SK","ES","SE","CH","TW","TR","UY","US","GB","AD","LI","MC","ID","JP","TH","VN","RO","IL","ZA","SA","AE","BH","QA","OM","KW","EG","MA","DZ","TN","LB","JO","PS","IN","BY","KZ","MD","UA","AL","BA","HR","ME","MK","RS","SI","KR","BD","PK","LK","GH","KE","NG","TZ","UG","AG","AM","BS","BB","BZ","BT","BW","BF","CV","CW","DM","FJ","GM","GE","GD","GW","GY","HT","JM","KI","LS","LR","MW","MV","ML","MH","FM","NA","NR","NE","PW","PG","PR","WS","SM","ST","SN","SC","SL","SB","KN","LC","VC","SR","TL","TO","TT","TV","VU","AZ","BN","BI","KH","CM","TD","KM","GQ","SZ","GA","GN","KG","LA","MO","MR","MN","NP","RW","TG","UZ","ZW","BJ","MG","MU","MZ","AO","CI","DJ","ZM","CD","CG","IQ","LY","TJ","VE","ET","XK"],"disc_number":1,"duration_ms":104466,"explicit":false,"external_urls":{"spotify":"https://open.spotify.com/track/63JXZZRbmzooashakb0zbu"},"href":"https://api.spotify.com/v1/tracks/63JXZZRbmzooashakb0zbu","id":"63JXZZRbmzooashakb0zbu","name":"Nightvision","preview_url":null,"track_number":6,"type":"track","uri":"spotify:track:63JXZZRbmzooashakb0zbu","is_local":false},{"artists":[{"external_urls":{"spotify":"https://open.spotify.com/artist/4tZwfgrHOc3mvqYlEYSvVi"},"href":"https://api.spotify.com/v1/artists/4tZwfgrHOc3mvqYlEYSvVi","id":"4tZwfgrHOc3mvqYlEYSvVi","name":"Daft Punk","type":"artist","uri":"spotify:artist:4tZwfgrHOc3mvqYlEYSvVi"}],"available_markets":["AR","AU","AT","BE","BO","BR","BG","CA","CL","CO","CR","CY","CZ","DK","DO","DE","EC","EE","SV","FI","FR","GR","GT","HN","HK","HU","IS","IE","IT","LV","LT","LU","MY","MT","MX","NL","NZ","NI","NO","PA","PY","PE","PH","PL","PT","SG","SK","ES","SE","CH","TW","TR","UY","US","GB","AD","LI","MC","ID","JP","TH","VN","RO","IL","ZA","SA","AE","BH","QA","OM","KW","EG","MA","DZ","TN","LB","JO","PS","IN","BY","KZ","MD","UA","AL","BA","HR","ME","MK","RS","SI","KR","BD","PK","LK","GH","KE","NG","TZ","UG","AG","AM","BS","BB","BZ","BT","BW","BF","CV","CW","DM","FJ","GM","GE","GD","GW","GY","HT","JM","KI","LS","LR","MW","MV","ML","MH","FM","NA","NR","NE","PW","PG","PR","WS","SM","ST","SN","SC","SL","SB","KN","LC","VC","SR","TL","TO","TT","TV","VU","AZ","BN","BI","KH","CM","TD","KM","GQ","SZ","GA","GN","KG","LA","MO","MR","MN","NP","RW","TG","UZ","ZW","BJ","MG","MU","MZ","AO","CI","DJ","ZM","CD","CG","IQ","LY","TJ","VE","ET","XK"],"disc_number":1,"duration_ms":237800,"explicit":false,"external_urls":{"spotify":"https://open.spotify.com/track/186hvCTyrni4KT9nwIQ7zS"},"href":"https://api.spotify.com/v1/tracks/186hvCTyrni4KT9nwIQ7zS","id":"186hvCTyrni4KT9nwIQ7zS","name":"Superheroes","preview_url":null,"track_number":7,"type":"track","uri":"spotify:track:186hvCTyrni4KT9nwIQ7zS","is_local":false},{"artists":[{"external_urls":{"spotify":"https://open.spotify.com/artist/4tZwfgrHOc3mvqYlEYSvVi"},"href":"https://api.spotify.com/v1/artists/4tZwfgrHOc3mvqYlEYSvVi","id":"4tZwfgrHOc3mvqYlEYSvVi","name":"Daft Punk","type":"artist","uri":"spotify:artist:4tZwfgrHOc3mvqYlEYSvVi"}],"available_markets":["AR","AU","AT","BE","BO","BR","BG","CA","CL","CO","CR","CY","CZ","DK","DO","DE","EC","EE","SV","FI","FR","GR","GT","HN","HK","HU","IS","IE","IT","LV","LT","LU","MY","MT","MX","NL","NZ","NI","NO","PA","PY","PE","PH","PL","PT","SG","SK","ES","SE","CH","TW","TR","UY","US","GB","AD","LI","MC","ID","JP","TH","VN","RO","IL","ZA","SA","AE","BH","QA","OM","KW","EG","MA","DZ","TN","LB","JO","PS","IN","BY","KZ","MD","UA","AL","BA","HR","ME","MK","RS","SI","KR","BD","PK","LK","GH","KE","NG","TZ","UG","AG","AM","BS","BB","BZ","BT","BW","BF","CV","CW","DM","FJ","GM","GE","GD","GW","GY","HT","JM","KI","LS","LR","MW","MV","ML","MH","FM","NA","NR","NE","PW","PG","PR","WS","SM","ST","SN","SC","SL","SB","KN","LC","VC","SR","TL","TO","TT","TV","VU","AZ","BN","BI","KH","CM","TD","KM","GQ","SZ","GA","GN","KG","LA","MO","MR","MN","NP","RW","TG","UZ","ZW","BJ","MG","MU","MZ","AO","CI","DJ","ZM","CD","CG","IQ","LY","TJ","VE","ET","XK"],"disc_number":1,"duration_ms":201800,"explicit":false,"external_urls":{"spotify":"https://open.spotify.com/track/098ttCNmncrO4YvqWUNMvn"},"href":"https://api.spotify.com/v1/tracks/098ttCNmncrO4YvqWUNMvn","id":"098ttCNmncrO4YvqWUNMvn","name":"High Life","preview_url":null,"track_number":8,"type":"track","uri":"spotify:track:098ttCNmncrO4YvqWUNMvn","is_local":false},{"artists":[{"external_urls":{"spotify":"https://open.spotify.com/artist/4tZwfgrHOc3mvqYlEYSvVi"},"href":"https://api.spotify.com/v1/artists/4tZwfgrHOc3mvqYlEYSvVi","id":"4tZwfgrHOc3mvqYlEYSvVi","name":"Daft Punk","type":"artist","uri":"spotify:artist:4tZwfgrHOc3mvqYlEYSvVi"}],"available_markets":["AR","AU","AT","BE","BO","BR","BG","CA","CL","CO","CR","CY","CZ","DK","DO","DE","EC","EE","SV","FI","FR","GR","GT","HN","HK","HU","IS","IE","IT","LV","LT","LU","MY","MT","MX","NL","NZ","NI","NO","PA","PY","PE","PH","PL","PT","SG","SK","ES","SE","CH","TW","TR","UY","US","GB","AD","LI","MC","ID","JP","TH","VN","RO","IL","ZA","SA","AE","BH","QA","OM","KW","EG","MA","DZ","TN","LB","JO","PS","IN","BY","KZ","MD","UA","AL","BA","HR","ME","MK","RS","SI","KR","BD","PK","LK","GH","KE","NG","TZ","UG","AG","AM","BS","BB","BZ","BT","BW","BF","CV","CW","DM","FJ","GM","GE","GD","GW","GY","HT","JM","KI","LS","LR","MW","MV","ML","MH","FM","NA","NR","NE","PW","PG","PR","WS","SM","ST","SN","SC","SL","SB","KN","LC","VC","SR","TL","TO","TT","TV","VU","AZ","BN","BI","KH","CM","TD","KM","GQ","SZ","GA","GN","KG","LA","MO","MR","MN","NP","RW","TG","UZ","ZW","BJ","MG","MU","MZ","AO","CI","DJ","ZM","CD","CG","IQ","LY","TJ","VE","ET","XK"],"disc_number":1,"duration_ms":232666,"explicit":false,"external_urls":{"spotify":"https://open.spotify.com/track/1NeLwFETswx8Fzxl2AFl91"},"href":"https://api.spotify.com/v1/tracks/1NeLwFETswx8Fzxl2AFl91","id":"1NeLwFETswx8Fzxl2AFl91","name":"Something About Us","preview_url":null,"track_number":9,"type":"track","uri":"spotify:track:1NeLwFETswx8Fzxl2AFl91","is_local":false},{"artists":[{"external_urls":{"spotify":"https://open.spotify.com/artist/4tZwfgrHOc3mvqYlEYSvVi"},"href":"https://api.spotify.com/v1/artists/4tZwfgrHOc3mvqYlEYSvVi","id":"4tZwfgrHOc3mvqYlEYSvVi","name":"Daft Punk","type":"artist","uri":"spotify:artist:4tZwfgrHOc3mvqYlEYSvVi"}],"available_markets":["AR","AU","AT","BE","BO","BR","BG","CA","CL","CO","CR","CY","CZ","DK","DO","DE","EC","EE","SV","FI","FR","GR","GT","HN","HK","HU","IS","IE","IT","LV","LT","LU","MY","MT","MX","NL","NZ","NI","NO","PA","PY","PE","PH","PL","PT","SG","SK","ES","SE","CH","TW","TR","UY","US","GB","AD","LI","MC","ID","JP","TH","VN","RO","IL","ZA","SA","AE","BH","QA","OM","KW","EG","MA","DZ","TN","LB","JO","PS","IN","BY","KZ","MD","UA","AL","BA","HR","ME","MK","RS","SI","KR","BD","PK","LK","GH","KE","NG","TZ","UG","AG","AM","BS","BB","BZ","BT","BW","BF","CV","CW","DM","FJ","GM","GE","GD","GW","GY","HT","JM","KI","LS","LR","MW","MV","ML","MH","FM","NA","NR","NE","PW","PG","PR","WS","SM","ST","SN","SC","SL","SB","KN","LC","VC","SR","TL","TO","TT","TV","VU","AZ","BN","BI","KH","CM","TD","KM","GQ","SZ","GA","GN","KG","LA","MO","MR","MN","NP","RW","TG","UZ","ZW","BJ","MG","MU","MZ","AO","CI","DJ","ZM","CD","CG","IQ","LY","TJ","VE","ET","XK"],"disc_number":1,"duration_ms":227866,"explicit":false,"external_urls":{"spotify":"https://open.spotify.com/track/7cMFjxhbXBpOlais7KMF3j"},"href":"https://api.spotify.com/v1/tracks/7cMFjxhbXBpOlais7KMF3j","id":"7cMFjxhbXBpOlais7KMF3j","name":"Voyager","preview_url":null,"track_number":10,"type":"track","uri":"spotify:track:7cMFjxhbXBpOlais7KMF3j","is_local":false},{"artists":[{"external_urls":{"spotify":"https://open.spotify.com/artist/4tZwfgrHOc3mvqYlEYSvVi"},"href":"https://api.spotify.com/v1/artists/4tZwfgrHOc3mvqYlEYSvVi","id":"4tZwfgrHOc3mvqYlEYSvVi","name":"Daft Punk","type":"artist","uri":"spotify:artist:4tZwfgrHOc3mvqYlEYSvVi"}],"available_markets":["AR","AU","AT","BE","BO","BR","BG","CA","CL","CO","CR","CY","CZ","DK","DO","DE","EC","EE","SV","FI","FR","GR","GT","HN","HK","HU","IS","IE","IT","LV","LT","LU","MY","MT","MX","NL","NZ","NI","NO","PA","PY","PE","PH","PL","PT","SG","SK","ES","SE","CH","TW","TR","UY","US","GB","AD","LI","MC","ID","JP","TH","VN","RO","IL","ZA","SA","AE","BH","QA","OM","KW","EG","MA","DZ","TN","LB","JO","PS","IN","BY","KZ","MD","UA","AL","BA","HR","ME","MK","RS","SI","KR","BD","PK","LK","GH","KE","NG","TZ","UG","AG","AM","BS","BB","BZ","BT","BW","BF","CV","CW","DM","FJ","GM","GE","GD","GW","GY","HT","JM","KI","LS","LR","MW","MV","ML","MH","FM","NA","NR","NE","PW","PG","PR","WS","SM","ST","SN","SC","SL","SB","KN","LC","VC","SR","TL","TO","TT","TV","VU","AZ","BN","BI","KH","CM","TD","KM","GQ","SZ","GA","GN","KG","LA","MO","MR","MN","NP","RW","TG","UZ","ZW","BJ","MG","MU","MZ","AO","CI","DJ","ZM","CD","CG","IQ","LY","TJ","VE","ET","XK"],"disc_number":1,"duration_ms":345186,"explicit":false,"external_urls":{"spotify":"https://open.spotify.com/track/2LD2gT7gwAurzdQDQtILds"},"href":"https://api.spotify.com/v1/tracks/2LD2gT7gwAurzdQDQtILds","id":"2LD2gT7gwAurzdQDQtILds","name":"Veridis Quo","preview_url":null,"track_number":11,"type":"track","uri":"spotify:track:2LD2gT7gwAurzdQDQtILds","is_local":false},{"artists":[{"external_urls":{"spotify":"https://open.spotify.com/artist/4tZwfgrHOc3mvqYlEYSvVi"},"href":"https://api.spotify.com/v1/artists/4tZwfgrHOc3mvqYlEYSvVi","id":"4tZwfgrHOc3mvqYlEYSvVi","name":"Daft Punk","type":"artist","uri":"spotify:artist:4tZwfgrHOc3mvqYlEYSvVi"}],"available_markets":["AR","AU","AT","BE","BO","BR","BG","CA","CL","CO","CR","CY","CZ","DK","DO","DE","EC","EE","SV","FI","FR","GR","GT","HN","HK","HU","IS","IE","IT","LV","LT","LU","MY","MT","MX","NL","NZ","NI","NO","PA","PY","PE","PH","PL","PT","SG","SK","ES","SE","CH","TW","TR","UY","US","GB","AD","LI","MC","ID","JP","TH","VN","RO","IL","ZA","SA","AE","BH","QA","OM","KW","EG","MA","DZ","TN","LB","JO","PS","IN","BY","KZ","MD","UA","AL","BA","HR","ME","MK","RS","SI","KR","BD","PK","LK","GH","KE","NG","TZ","UG","AG","AM","BS","BB","BZ","BT","BW","BF","CV","CW","DM","FJ","GM","GE","GD","GW","GY","HT","JM","KI","LS","LR","MW","MV","ML","MH","FM","NA","NR","NE","PW","PG","PR","WS","SM","ST","SN","SC","SL","SB","KN","LC","VC","SR","TL","TO","TT","TV","VU","AZ","BN","BI","KH","CM","TD","KM","GQ","SZ","GA","GN","KG","LA","MO","MR","MN","NP","RW","TG","UZ","ZW","BJ","MG","MU","MZ","AO","CI","DJ","ZM","CD","CG","IQ","LY","TJ","VE","ET","XK"],"disc_number":1,"duration_ms":206866,"explicit":false,"external_urls":{"spotify":"https://open.spotify.com/track/4npMbTuxrUA3Wd7edACZ2L"},"href":"https://api.spotify.com/v1/tracks/4npMbTuxrUA3Wd7edACZ2L","id":"4npMbTuxrUA3Wd7edACZ2L","name":"Short Circuit","preview_url":null,"track_number":12,"type":"track","uri":"spotify:track:4npMbTuxrUA3Wd7edACZ2L","is_local":false},{"artists":[{"external_urls":{"spotify":"https://open.spotify.com/artist/4tZwfgrHOc3mvqYlEYSvVi"},"href":"https://api.spotify.com/v1/artists/4tZwfgrHOc3mvqYlEYSvVi","id":"4tZwfgrHOc3mvqYlEYSvVi","name":"Daft Punk","type":"artist","uri":"spotify:artist:4tZwfgrHOc3mvqYlEYSvVi"}],"available_markets":["AR","AU","AT","BE","BO","BR","BG","CA","CL","CO","CR","CY","CZ","DK","DO","DE","EC","EE","SV","FI","FR","GR","GT","HN","HK","HU","IS","IE","IT","LV","LT","LU","MY","MT","MX","NL","NZ","NI","NO","PA","PY","PE","PH","PL","PT","SG","SK","ES","SE","CH","TW","TR","UY","US","GB","AD","LI","MC","ID","JP","TH","VN","RO","IL","ZA","SA","AE","BH","QA","OM","KW","EG","MA","DZ","TN","LB","JO","PS","IN","BY","KZ","MD","UA","AL","BA","HR","ME","MK","RS","SI","KR","BD","PK","LK","GH","KE","NG","TZ","UG","AG","AM","BS","BB","BZ","BT","BW","BF","CV","CW","DM","FJ","GM","GE","GD","GW","GY","HT","JM","KI","LS","LR","MW","MV","ML","MH","FM","NA","NR","NE","PW","PG","PR","WS","SM","ST","SN","SC","SL","SB","KN","LC","VC","SR","TL","TO","TT","TV","VU","AZ","BN","BI","KH","CM","TD","KM","GQ","SZ","GA","GN","KG","LA","MO","MR","MN","NP","RW","TG","UZ","ZW","BJ","MG","MU","MZ","AO","CI","DJ","ZM","CD","CG","IQ","LY","TJ","VE","ET","XK"],"disc_number":1,"duration_ms":240173,"explicit":false,"external_urls":{"spotify":"https://open.spotify.com/track/7v9Q0dAb9t7h8gJOkcJHay"},"href":"https://api.spotify.com/v1/tracks/7v9Q0dAb9t7h8gJOkcJHay","id":"7v9Q0dAb9t7h8gJOkcJHay","name":"Face to Face","preview_url":null,"track_number":13,"type":"track","uri":"spotify:track:7v9Q0dAb9t7h8gJOkcJHay","is_local":false},{"artists":[{"external_urls":{"spotify":"https://open.spotify.com/artist/4tZwfgrHOc3mvqYlEYSvVi"},"href":"https://api.spotify.com/v1/artists/4tZwfgrHOc3mvqYlEYSvVi","id":"4tZwfgrHOc3mvqYlEYSvVi","name":"Daft Punk","type":"artist","uri":"spotify:artist:4tZwfgrHOc3mvqYlEYSvVi"}],"available_markets":["AR","AU","AT","BE","BO","BR","BG","CA","CL","CO","CR","CY","CZ","DK","DO","DE","EC","EE","SV","FI","FR","GR","GT","HN","HK","HU","IS","IE","IT","LV","LT","LU","MY","MT","MX","NL","NZ","NI","NO","PA","PY","PE","PH","PL","PT","SG","SK","ES","SE","CH","TW","TR","UY","US","GB","AD","LI","MC","ID","JP","TH","VN","RO","IL","ZA","SA","AE","BH","QA","OM","KW","EG","MA","DZ","TN","LB","JO","PS","IN","BY","KZ","MD","UA","AL","BA","HR","ME","MK","RS","SI","KR","BD","PK","LK","GH","KE","NG","TZ","UG","AG","AM","BS","BB","BZ","BT","BW","BF","CV","CW","DM","FJ","GM","GE","GD","GW","GY","HT","JM","KI","LS","LR","MW","MV","ML","MH","FM","NA","NR","NE","PW","PG","PR","WS","SM","ST","SN","SC","SL","SB","KN","LC","VC","SR","TL","TO","TT","TV","VU","AZ","BN","BI","KH","CM","TD","KM","GQ","SZ","GA","GN","KG","LA","MO","MR","MN","NP","RW","TG","UZ","ZW","BJ","MG","MU","MZ","AO","CI","DJ","ZM","CD","CG","IQ","LY","TJ","VE","ET","XK"],"disc_number":1,"duration_ms":600293,"explicit":false,"external_urls":{"spotify":"https://open.spotify.com/track/3zMvotMEQK3xvH01vA9wAP"},"href":"https://api.spotify.com/v1/tracks/3zMvotMEQK3xvH01vA9wAP","id":"3zMvotMEQK3xvH01vA9wAP","name":"Too Long","preview_url":null,"track_number":14,"type":"track","uri":"spotify:track:3zMvotMEQK3xvH01vA9wAP","is_local":false}]},"copyrights":[{"text":"2001 Distributed exclusively by Warner Music France / ADA France, 2001 Daft Life Ltd.","type":"C"},{"text":"2001 Distributed exclusively by Warner Music France / ADA France, 2001 Daft Life Ltd.","type":"P"}],"external_ids":{"upc":"0724384960650"},"genres":[],"label":"Daft Life Ltd./ADA France","popularity":75}]}

at java.base/jdk.internal.reflect.NativeConstructorAccessorImpl.newInstance0(Native Method)
at java.base/jdk.internal.reflect.NativeConstructorAccessorImpl.newInstance(NativeConstructorAccessorImpl.java:77)
at java.base/jdk.internal.reflect.DelegatingConstructorAccessorImpl.newInstance(DelegatingConstructorAccessorImpl.java:45)
at java.base/java.lang.reflect.Constructor.newInstanceWithCaller(Constructor.java:499)
at java.base/java.lang.reflect.Constructor.newInstance(Constructor.java:480)
at org.codehaus.groovy.reflection.CachedConstructor.invoke(CachedConstructor.java:73)
at org.codehaus.groovy.runtime.callsite.ConstructorSite$ConstructorSiteNoUnwrapNoCoerce.callConstructor(ConstructorSite.java:108)
at org.codehaus.groovy.runtime.callsite.CallSiteArray.defaultCallConstructor(CallSiteArray.java:57)
at org.codehaus.groovy.runtime.callsite.AbstractCallSite.callConstructor(AbstractCallSite.java:263)
at org.codehaus.groovy.runtime.callsite.AbstractCallSite.callConstructor(AbstractCallSite.java:277)
at io.restassured.internal.ResponseSpecificationImpl$HamcrestAssertionClosure.validate(ResponseSpecificationImpl.groovy:512)
at io.restassured.internal.ResponseSpecificationImpl$HamcrestAssertionClosure$validate$1.call(Unknown Source)
at org.codehaus.groovy.runtime.callsite.CallSiteArray.defaultCall(CallSiteArray.java:45)
at org.codehaus.groovy.runtime.callsite.AbstractCallSite.call(AbstractCallSite.java:125)
at org.codehaus.groovy.runtime.callsite.AbstractCallSite.call(AbstractCallSite.java:139)
at io.restassured.internal.ResponseSpecificationImpl.validateResponseIfRequired(ResponseSpecificationImpl.groovy:696)
at io.restassured.internal.ResponseSpecificationImpl.this$2$validateResponseIfRequired(ResponseSpecificationImpl.groovy)
at java.base/jdk.internal.reflect.NativeMethodAccessorImpl.invoke0(Native Method)
at java.base/jdk.internal.reflect.NativeMethodAccessorImpl.invoke(NativeMethodAccessorImpl.java:77)
at java.base/jdk.internal.reflect.DelegatingMethodAccessorImpl.invoke(DelegatingMethodAccessorImpl.java:43)
at java.base/java.lang.reflect.Method.invoke(Method.java:568)
at org.codehaus.groovy.runtime.callsite.PlainObjectMetaMethodSite.doInvoke(PlainObjectMetaMethodSite.java:43)
at org.codehaus.groovy.runtime.callsite.PogoMetaMethodSite$PogoCachedMethodSiteNoUnwrapNoCoerce.invoke(PogoMetaMethodSite.java:198)
at org.codehaus.groovy.runtime.callsite.PogoMetaMethodSite.callCurrent(PogoMetaMethodSite.java:62)
at org.codehaus.groovy.runtime.callsite.CallSiteArray.defaultCallCurrent(CallSiteArray.java:49)
at org.codehaus.groovy.runtime.callsite.AbstractCallSite.callCurrent(AbstractCallSite.java:171)
at org.codehaus.groovy.runtime.callsite.AbstractCallSite.callCurrent(AbstractCallSite.java:185)
at io.restassured.internal.ResponseSpecificationImpl.body(ResponseSpecificationImpl.groovy:107)
at io.restassured.internal.ValidatableResponseOptionsImpl.body(ValidatableResponseOptionsImpl.java:238)
at api.tests.AlbumsTests.validateSeveralAlbumSchema(AlbumsTests.java:132)
at java.base/jdk.internal.reflect.NativeMethodAccessorImpl.invoke0(Native Method)
at java.base/jdk.internal.reflect.NativeMethodAccessorImpl.invoke(NativeMethodAccessorImpl.java:77)
at java.base/jdk.internal.reflect.DelegatingMethodAccessorImpl.invoke(DelegatingMethodAccessorImpl.java:43)
at java.base/java.lang.reflect.Method.invoke(Method.java:568)
at org.testng.internal.invokers.MethodInvocationHelper.invokeMethod(MethodInvocationHelper.java:141)
at org.testng.internal.invokers.TestInvoker.invokeMethod(TestInvoker.java:686)
at org.testng.internal.invokers.TestInvoker.invokeTestMethod(TestInvoker.java:230)
at org.testng.internal.invokers.MethodRunner.runInSequence(MethodRunner.java:63)
at org.testng.internal.invokers.TestInvoker$MethodInvocationAgent.invoke(TestInvoker.java:992)
at org.testng.internal.invokers.TestInvoker.invokeTestMethods(TestInvoker.java:203)
at org.testng.internal.invokers.TestMethodWorker.invokeTestMethods(TestMethodWorker.java:154)
at org.testng.internal.invokers.TestMethodWorker.run(TestMethodWorker.java:134)
at java.base/java.util.ArrayList.forEach(ArrayList.java:1511)
at org.testng.TestRunner.privateRun(TestRunner.java:739)
at org.testng.TestRunner.run(TestRunner.java:614)
at org.testng.SuiteRunner.runTest(SuiteRunner.java:421)
at org.testng.SuiteRunner.runSequentially(SuiteRunner.java:413)
at org.testng.SuiteRunner.privateRun(SuiteRunner.java:373)
at org.testng.SuiteRunner.run(SuiteRunner.java:312)
at org.testng.SuiteRunnerWorker.runSuite(SuiteRunnerWorker.java:52)
at org.testng.SuiteRunnerWorker.run(SuiteRunnerWorker.java:95)
at org.testng.TestNG.runSuitesSequentially(TestNG.java:1274)
at org.testng.TestNG.runSuitesLocally(TestNG.java:1208)
at org.testng.TestNG.runSuites(TestNG.java:1112)
at org.testng.TestNG.run(TestNG.java:1079)
at org.testng.remote.AbstractRemoteTestNG.run(AbstractRemoteTestNG.java:115)
at org.testng.remote.RemoteTestNG.initAndRun(RemoteTestNG.java:293)
at org.testng.remote.RemoteTestNG.main(RemoteTestNG.java:91)
]]>
    </failure>
  </testcase> <!-- validateSeveralAlbumSchema -->
</testsuite> <!-- api.tests.AlbumsTests -->
